2025-08-23T11:37:10.017316Z  INFO tailwindcss_oxide::scanner: Provided sources:
2025-08-23T11:37:10.017399Z  INFO tailwindcss_oxide::scanner: Source: PublicSourceEntry { base: "/Users/kdoc/github/kdoc", pattern: "**/*", negated: false }
2025-08-23T11:37:10.017469Z  INFO tailwindcss_oxide::scanner: Optimized sources:
2025-08-23T11:37:10.017473Z  INFO tailwindcss_oxide::scanner: Source: Auto { base: "/Users/kdoc/github/kdoc" }
2025-08-23T11:37:10.018469Z  INFO scan_sources: tailwindcss_oxide::scanner: enter
2025-08-23T11:37:10.018819Z  INFO scan_sources: tailwindcss_oxide::scanner: Discovering "/Users/kdoc/github/kdoc/middleware.ts"
2025-08-23T11:37:10.018838Z  INFO scan_sources: tailwindcss_oxide::scanner: Discovering "/Users/kdoc/github/kdoc/.cursor"
2025-08-23T11:37:10.018862Z  INFO scan_sources: tailwindcss_oxide::scanner: Discovering "/Users/kdoc/github/kdoc/.cursor/rules"
2025-08-23T11:37:10.018881Z  INFO scan_sources: tailwindcss_oxide::scanner: Discovering "/Users/kdoc/github/kdoc/.cursor/rules/backend-architecture.mdc"
2025-08-23T11:37:10.018890Z  INFO scan_sources: tailwindcss_oxide::scanner: Discovering "/Users/kdoc/github/kdoc/.cursor/rules/nextjs.mdc"
2025-08-23T11:37:10.018898Z  INFO scan_sources: tailwindcss_oxide::scanner: Discovering "/Users/kdoc/github/kdoc/.cursor/rules/architecture.mdc"
2025-08-23T11:37:10.018906Z  INFO scan_sources: tailwindcss_oxide::scanner: Discovering "/Users/kdoc/github/kdoc/.cursor/rules/style.mdc"
2025-08-23T11:37:10.018964Z  INFO scan_sources: tailwindcss_oxide::scanner: Discovering "/Users/kdoc/github/kdoc/app"
2025-08-23T11:37:10.018984Z  INFO scan_sources: tailwindcss_oxide::scanner: Discovering "/Users/kdoc/github/kdoc/app/infra"
2025-08-23T11:37:10.019000Z  INFO scan_sources: tailwindcss_oxide::scanner: Discovering "/Users/kdoc/github/kdoc/app/infra/page.tsx"
2025-08-23T11:37:10.019015Z  INFO scan_sources: tailwindcss_oxide::scanner: Discovering "/Users/kdoc/github/kdoc/app/auth"
2025-08-23T11:37:10.019032Z  INFO scan_sources: tailwindcss_oxide::scanner: Discovering "/Users/kdoc/github/kdoc/app/layout.tsx"
2025-08-23T11:37:10.019044Z  INFO scan_sources: tailwindcss_oxide::scanner: Discovering "/Users/kdoc/github/kdoc/app/api"
2025-08-23T11:37:10.019063Z  INFO scan_sources: tailwindcss_oxide::scanner: Discovering "/Users/kdoc/github/kdoc/app/api/auth"
2025-08-23T11:37:10.019082Z  INFO scan_sources: tailwindcss_oxide::scanner: Discovering "/Users/kdoc/github/kdoc/app/api/auth/line"
2025-08-23T11:37:10.019100Z  INFO scan_sources: tailwindcss_oxide::scanner: Discovering "/Users/kdoc/github/kdoc/app/api/auth/line/callback"
2025-08-23T11:37:10.019114Z  INFO scan_sources: tailwindcss_oxide::scanner: Discovering "/Users/kdoc/github/kdoc/app/api/auth/line/callback/route.ts"
2025-08-23T11:37:10.019130Z  INFO scan_sources: tailwindcss_oxide::scanner: Discovering "/Users/kdoc/github/kdoc/app/api/notion"
2025-08-23T11:37:10.019147Z  INFO scan_sources: tailwindcss_oxide::scanner: Discovering "/Users/kdoc/github/kdoc/app/api/notion/approval"
2025-08-23T11:37:10.019167Z  INFO scan_sources: tailwindcss_oxide::scanner: Discovering "/Users/kdoc/github/kdoc/app/api/notion/approval/archive"
2025-08-23T11:37:10.019181Z  INFO scan_sources: tailwindcss_oxide::scanner: Discovering "/Users/kdoc/github/kdoc/app/api/notion/approval/archive/container.ts"
2025-08-23T11:37:10.019194Z  INFO scan_sources: tailwindcss_oxide::scanner: Discovering "/Users/kdoc/github/kdoc/app/api/notion/approval/archive/use-cases"
2025-08-23T11:37:10.019210Z  INFO scan_sources: tailwindcss_oxide::scanner: Discovering "/Users/kdoc/github/kdoc/app/api/notion/approval/archive/use-cases/scan-and-archive.ts"
2025-08-23T11:37:10.019218Z  INFO scan_sources: tailwindcss_oxide::scanner: Discovering "/Users/kdoc/github/kdoc/app/api/notion/approval/archive/use-cases/archive-page.ts"
2025-08-23T11:37:10.019225Z  INFO scan_sources: tailwindcss_oxide::scanner: Discovering "/Users/kdoc/github/kdoc/app/api/notion/approval/archive/use-cases/process-webhook.ts"
2025-08-23T11:37:10.019233Z  INFO scan_sources: tailwindcss_oxide::scanner: Discovering "/Users/kdoc/github/kdoc/app/api/notion/approval/archive/use-cases/index.ts"
2025-08-23T11:37:10.019244Z  INFO scan_sources: tailwindcss_oxide::scanner: Discovering "/Users/kdoc/github/kdoc/app/api/notion/approval/archive/use-cases/interfaces.ts"
2025-08-23T11:37:10.019253Z  INFO scan_sources: tailwindcss_oxide::scanner: Discovering "/Users/kdoc/github/kdoc/app/api/notion/approval/archive/route.ts"
2025-08-23T11:37:10.019264Z  INFO scan_sources: tailwindcss_oxide::scanner: Discovering "/Users/kdoc/github/kdoc/app/api/notion/approval/archive/infrastructure"
2025-08-23T11:37:10.019282Z  INFO scan_sources: tailwindcss_oxide::scanner: Discovering "/Users/kdoc/github/kdoc/app/api/notion/approval/archive/infrastructure/repositories"
2025-08-23T11:37:10.019297Z  INFO scan_sources: tailwindcss_oxide::scanner: Discovering "/Users/kdoc/github/kdoc/app/api/notion/approval/archive/infrastructure/repositories/notion-page-repository.ts"
2025-08-23T11:37:10.019304Z  INFO scan_sources: tailwindcss_oxide::scanner: Discovering "/Users/kdoc/github/kdoc/app/api/notion/approval/archive/infrastructure/repositories/index.ts"
2025-08-23T11:37:10.019317Z  INFO scan_sources: tailwindcss_oxide::scanner: Discovering "/Users/kdoc/github/kdoc/app/api/notion/approval/archive/infrastructure/services"
2025-08-23T11:37:10.019332Z  INFO scan_sources: tailwindcss_oxide::scanner: Discovering "/Users/kdoc/github/kdoc/app/api/notion/approval/archive/infrastructure/services/notion-client-factory.ts"
2025-08-23T11:37:10.019339Z  INFO scan_sources: tailwindcss_oxide::scanner: Discovering "/Users/kdoc/github/kdoc/app/api/notion/approval/archive/infrastructure/services/notion-client-service.ts"
2025-08-23T11:37:10.019345Z  INFO scan_sources: tailwindcss_oxide::scanner: Discovering "/Users/kdoc/github/kdoc/app/api/notion/approval/archive/infrastructure/services/logger-service.ts"
2025-08-23T11:37:10.019352Z  INFO scan_sources: tailwindcss_oxide::scanner: Discovering "/Users/kdoc/github/kdoc/app/api/notion/approval/archive/infrastructure/services/index.ts"
2025-08-23T11:37:10.019366Z  INFO scan_sources: tailwindcss_oxide::scanner: Discovering "/Users/kdoc/github/kdoc/app/api/notion/approval/archive/entities"
2025-08-23T11:37:10.019381Z  INFO scan_sources: tailwindcss_oxide::scanner: Discovering "/Users/kdoc/github/kdoc/app/api/notion/approval/archive/entities/archive-request.ts"
2025-08-23T11:37:10.019388Z  INFO scan_sources: tailwindcss_oxide::scanner: Discovering "/Users/kdoc/github/kdoc/app/api/notion/approval/archive/entities/errors.ts"
2025-08-23T11:37:10.019394Z  INFO scan_sources: tailwindcss_oxide::scanner: Discovering "/Users/kdoc/github/kdoc/app/api/notion/approval/archive/entities/notion-page.ts"
2025-08-23T11:37:10.019400Z  INFO scan_sources: tailwindcss_oxide::scanner: Discovering "/Users/kdoc/github/kdoc/app/api/notion/approval/archive/entities/index.ts"
2025-08-23T11:37:10.019411Z  INFO scan_sources: tailwindcss_oxide::scanner: Discovering "/Users/kdoc/github/kdoc/app/globals.css"
2025-08-23T11:37:10.019422Z  INFO scan_sources: tailwindcss_oxide::scanner: Discovering "/Users/kdoc/github/kdoc/app/[lang]"
2025-08-23T11:37:10.019442Z  INFO scan_sources: tailwindcss_oxide::scanner: Discovering "/Users/kdoc/github/kdoc/app/[lang]/auth"
2025-08-23T11:37:10.019467Z  INFO scan_sources: tailwindcss_oxide::scanner: Discovering "/Users/kdoc/github/kdoc/app/[lang]/auth/email-login"
2025-08-23T11:37:10.019481Z  INFO scan_sources: tailwindcss_oxide::scanner: Discovering "/Users/kdoc/github/kdoc/app/[lang]/auth/email-login/page.tsx"
2025-08-23T11:37:10.019493Z  INFO scan_sources: tailwindcss_oxide::scanner: Discovering "/Users/kdoc/github/kdoc/app/[lang]/auth/phone-login"
2025-08-23T11:37:10.019505Z  INFO scan_sources: tailwindcss_oxide::scanner: Discovering "/Users/kdoc/github/kdoc/app/[lang]/auth/phone-login/page.tsx"
2025-08-23T11:37:10.019517Z  INFO scan_sources: tailwindcss_oxide::scanner: Discovering "/Users/kdoc/github/kdoc/app/[lang]/auth/auth-code-error"
2025-08-23T11:37:10.019532Z  INFO scan_sources: tailwindcss_oxide::scanner: Discovering "/Users/kdoc/github/kdoc/app/[lang]/auth/auth-code-error/page.tsx"
2025-08-23T11:37:10.019547Z  INFO scan_sources: tailwindcss_oxide::scanner: Discovering "/Users/kdoc/github/kdoc/app/[lang]/auth/confirm"
2025-08-23T11:37:10.019558Z  INFO scan_sources: tailwindcss_oxide::scanner: Discovering "/Users/kdoc/github/kdoc/app/[lang]/auth/confirm/route.ts"
2025-08-23T11:37:10.019570Z  INFO scan_sources: tailwindcss_oxide::scanner: Discovering "/Users/kdoc/github/kdoc/app/[lang]/auth/reset-password"
2025-08-23T11:37:10.019582Z  INFO scan_sources: tailwindcss_oxide::scanner: Discovering "/Users/kdoc/github/kdoc/app/[lang]/auth/reset-password/page.tsx"
2025-08-23T11:37:10.019595Z  INFO scan_sources: tailwindcss_oxide::scanner: Discovering "/Users/kdoc/github/kdoc/app/[lang]/auth/verify-phone"
2025-08-23T11:37:10.019606Z  INFO scan_sources: tailwindcss_oxide::scanner: Discovering "/Users/kdoc/github/kdoc/app/[lang]/auth/verify-phone/page.tsx"
2025-08-23T11:37:10.019618Z  INFO scan_sources: tailwindcss_oxide::scanner: Discovering "/Users/kdoc/github/kdoc/app/[lang]/auth/callback"
2025-08-23T11:37:10.019630Z  INFO scan_sources: tailwindcss_oxide::scanner: Discovering "/Users/kdoc/github/kdoc/app/[lang]/auth/callback/route.ts"
2025-08-23T11:37:10.019642Z  INFO scan_sources: tailwindcss_oxide::scanner: Discovering "/Users/kdoc/github/kdoc/app/[lang]/auth/confirm-email"
2025-08-23T11:37:10.019654Z  INFO scan_sources: tailwindcss_oxide::scanner: Discovering "/Users/kdoc/github/kdoc/app/[lang]/auth/confirm-email/page.tsx"
2025-08-23T11:37:10.019671Z  INFO scan_sources: tailwindcss_oxide::scanner: Discovering "/Users/kdoc/github/kdoc/app/[lang]/auth/login"
2025-08-23T11:37:10.019682Z  INFO scan_sources: tailwindcss_oxide::scanner: Discovering "/Users/kdoc/github/kdoc/app/[lang]/auth/login/page.tsx"
2025-08-23T11:37:10.019691Z  INFO scan_sources: tailwindcss_oxide::scanner: Discovering "/Users/kdoc/github/kdoc/app/[lang]/dictionaries.ts"
2025-08-23T11:37:10.019702Z  INFO scan_sources: tailwindcss_oxide::scanner: Discovering "/Users/kdoc/github/kdoc/app/[lang]/invite"
2025-08-23T11:37:10.019713Z  INFO scan_sources: tailwindcss_oxide::scanner: Discovering "/Users/kdoc/github/kdoc/app/[lang]/invite/page.tsx"
2025-08-23T11:37:10.019730Z  INFO scan_sources: tailwindcss_oxide::scanner: Discovering "/Users/kdoc/github/kdoc/app/[lang]/components"
2025-08-23T11:37:10.019744Z  INFO scan_sources: tailwindcss_oxide::scanner: Discovering "/Users/kdoc/github/kdoc/app/[lang]/layout.tsx"
2025-08-23T11:37:10.019754Z  INFO scan_sources: tailwindcss_oxide::scanner: Discovering "/Users/kdoc/github/kdoc/app/[lang]/dictionaries"
2025-08-23T11:37:10.019767Z  INFO scan_sources: tailwindcss_oxide::scanner: Discovering "/Users/kdoc/github/kdoc/app/[lang]/dictionaries/en.json"
2025-08-23T11:37:10.019773Z  INFO scan_sources: tailwindcss_oxide::scanner: Discovering "/Users/kdoc/github/kdoc/app/[lang]/dictionaries/ko.json"
2025-08-23T11:37:10.019779Z  INFO scan_sources: tailwindcss_oxide::scanner: Discovering "/Users/kdoc/github/kdoc/app/[lang]/dictionaries/th.json"
2025-08-23T11:37:10.019786Z  INFO scan_sources: tailwindcss_oxide::scanner: Discovering "/Users/kdoc/github/kdoc/app/[lang]/page.tsx"
2025-08-23T11:37:10.019794Z  INFO scan_sources: tailwindcss_oxide::scanner: Discovering "/Users/kdoc/github/kdoc/postcss.config.mjs"
2025-08-23T11:37:10.019819Z  INFO scan_sources: tailwindcss_oxide::scanner: Discovering "/Users/kdoc/github/kdoc/features"
2025-08-23T11:37:10.019848Z  INFO scan_sources: tailwindcss_oxide::scanner: Discovering "/Users/kdoc/github/kdoc/features/email-auth"
2025-08-23T11:37:10.019866Z  INFO scan_sources: tailwindcss_oxide::scanner: Discovering "/Users/kdoc/github/kdoc/features/email-auth/ui"
2025-08-23T11:37:10.019879Z  INFO scan_sources: tailwindcss_oxide::scanner: Discovering "/Users/kdoc/github/kdoc/features/email-auth/ui/EmailLoginForm.tsx"
2025-08-23T11:37:10.019886Z  INFO scan_sources: tailwindcss_oxide::scanner: Discovering "/Users/kdoc/github/kdoc/features/email-auth/ui/PasswordResetForm.tsx"
2025-08-23T11:37:10.019898Z  INFO scan_sources: tailwindcss_oxide::scanner: Discovering "/Users/kdoc/github/kdoc/features/email-auth/model"
2025-08-23T11:37:10.019913Z  INFO scan_sources: tailwindcss_oxide::scanner: Discovering "/Users/kdoc/github/kdoc/features/email-auth/model/useEmailAuth.ts"
2025-08-23T11:37:10.019920Z  INFO scan_sources: tailwindcss_oxide::scanner: Discovering "/Users/kdoc/github/kdoc/features/email-auth/index.ts"
2025-08-23T11:37:10.019932Z  INFO scan_sources: tailwindcss_oxide::scanner: Discovering "/Users/kdoc/github/kdoc/features/google-auth"
2025-08-23T11:37:10.019949Z  INFO scan_sources: tailwindcss_oxide::scanner: Discovering "/Users/kdoc/github/kdoc/features/google-auth/ui"
2025-08-23T11:37:10.019962Z  INFO scan_sources: tailwindcss_oxide::scanner: Discovering "/Users/kdoc/github/kdoc/features/google-auth/ui/SignOutButton.tsx"
2025-08-23T11:37:10.019968Z  INFO scan_sources: tailwindcss_oxide::scanner: Discovering "/Users/kdoc/github/kdoc/features/google-auth/ui/GoogleSignInButton.tsx"
2025-08-23T11:37:10.019979Z  INFO scan_sources: tailwindcss_oxide::scanner: Discovering "/Users/kdoc/github/kdoc/features/google-auth/model"
2025-08-23T11:37:10.019991Z  INFO scan_sources: tailwindcss_oxide::scanner: Discovering "/Users/kdoc/github/kdoc/features/google-auth/model/useGoogleAuth.ts"
2025-08-23T11:37:10.019998Z  INFO scan_sources: tailwindcss_oxide::scanner: Discovering "/Users/kdoc/github/kdoc/features/google-auth/index.ts"
2025-08-23T11:37:10.020009Z  INFO scan_sources: tailwindcss_oxide::scanner: Discovering "/Users/kdoc/github/kdoc/features/phone-auth"
2025-08-23T11:37:10.020026Z  INFO scan_sources: tailwindcss_oxide::scanner: Discovering "/Users/kdoc/github/kdoc/features/phone-auth/ui"
2025-08-23T11:37:10.020039Z  INFO scan_sources: tailwindcss_oxide::scanner: Discovering "/Users/kdoc/github/kdoc/features/phone-auth/ui/PhoneLoginForm.tsx"
2025-08-23T11:37:10.020045Z  INFO scan_sources: tailwindcss_oxide::scanner: Discovering "/Users/kdoc/github/kdoc/features/phone-auth/ui/PhoneVerificationForm.tsx"
2025-08-23T11:37:10.020056Z  INFO scan_sources: tailwindcss_oxide::scanner: Discovering "/Users/kdoc/github/kdoc/features/phone-auth/model"
2025-08-23T11:37:10.020068Z  INFO scan_sources: tailwindcss_oxide::scanner: Discovering "/Users/kdoc/github/kdoc/features/phone-auth/model/usePhoneAuth.ts"
2025-08-23T11:37:10.020075Z  INFO scan_sources: tailwindcss_oxide::scanner: Discovering "/Users/kdoc/github/kdoc/features/phone-auth/index.ts"
2025-08-23T11:37:10.020086Z  INFO scan_sources: tailwindcss_oxide::scanner: Discovering "/Users/kdoc/github/kdoc/features/invitation-code"
2025-08-23T11:37:10.020102Z  INFO scan_sources: tailwindcss_oxide::scanner: Discovering "/Users/kdoc/github/kdoc/features/invitation-code/ui"
2025-08-23T11:37:10.020114Z  INFO scan_sources: tailwindcss_oxide::scanner: Discovering "/Users/kdoc/github/kdoc/features/invitation-code/ui/InvitationCodeInput.tsx"
2025-08-23T11:37:10.020125Z  INFO scan_sources: tailwindcss_oxide::scanner: Discovering "/Users/kdoc/github/kdoc/features/invitation-code/model"
2025-08-23T11:37:10.020140Z  INFO scan_sources: tailwindcss_oxide::scanner: Discovering "/Users/kdoc/github/kdoc/features/invitation-code/model/useInvitationCode.ts"
2025-08-23T11:37:10.020148Z  INFO scan_sources: tailwindcss_oxide::scanner: Discovering "/Users/kdoc/github/kdoc/features/invitation-code/index.ts"
2025-08-23T11:37:10.020159Z  INFO scan_sources: tailwindcss_oxide::scanner: Discovering "/Users/kdoc/github/kdoc/features/facebook-auth"
2025-08-23T11:37:10.020176Z  INFO scan_sources: tailwindcss_oxide::scanner: Discovering "/Users/kdoc/github/kdoc/features/facebook-auth/ui"
2025-08-23T11:37:10.020188Z  INFO scan_sources: tailwindcss_oxide::scanner: Discovering "/Users/kdoc/github/kdoc/features/facebook-auth/ui/FacebookSignInButton.tsx"
2025-08-23T11:37:10.020199Z  INFO scan_sources: tailwindcss_oxide::scanner: Discovering "/Users/kdoc/github/kdoc/features/facebook-auth/model"
2025-08-23T11:37:10.020211Z  INFO scan_sources: tailwindcss_oxide::scanner: Discovering "/Users/kdoc/github/kdoc/features/facebook-auth/model/useFacebookAuth.ts"
2025-08-23T11:37:10.020221Z  INFO scan_sources: tailwindcss_oxide::scanner: Discovering "/Users/kdoc/github/kdoc/features/facebook-auth/index.ts"
2025-08-23T11:37:10.020233Z  INFO scan_sources: tailwindcss_oxide::scanner: Discovering "/Users/kdoc/github/kdoc/features/invitation-swipe"
2025-08-23T11:37:10.020249Z  INFO scan_sources: tailwindcss_oxide::scanner: Discovering "/Users/kdoc/github/kdoc/features/invitation-swipe/ui"
2025-08-23T11:37:10.020261Z  INFO scan_sources: tailwindcss_oxide::scanner: Discovering "/Users/kdoc/github/kdoc/features/invitation-swipe/ui/SwipeToOpen.tsx"
2025-08-23T11:37:10.020272Z  INFO scan_sources: tailwindcss_oxide::scanner: Discovering "/Users/kdoc/github/kdoc/features/invitation-swipe/model"
2025-08-23T11:37:10.020284Z  INFO scan_sources: tailwindcss_oxide::scanner: Discovering "/Users/kdoc/github/kdoc/features/invitation-swipe/model/useSwipeGesture.ts"
2025-08-23T11:37:10.020291Z  INFO scan_sources: tailwindcss_oxide::scanner: Discovering "/Users/kdoc/github/kdoc/features/invitation-swipe/index.ts"
2025-08-23T11:37:10.020302Z  INFO scan_sources: tailwindcss_oxide::scanner: Discovering "/Users/kdoc/github/kdoc/features/line-auth"
2025-08-23T11:37:10.020317Z  INFO scan_sources: tailwindcss_oxide::scanner: Discovering "/Users/kdoc/github/kdoc/features/line-auth/ui"
2025-08-23T11:37:10.020330Z  INFO scan_sources: tailwindcss_oxide::scanner: Discovering "/Users/kdoc/github/kdoc/features/line-auth/ui/LineSignInButton.tsx"
2025-08-23T11:37:10.020341Z  INFO scan_sources: tailwindcss_oxide::scanner: Discovering "/Users/kdoc/github/kdoc/features/line-auth/model"
2025-08-23T11:37:10.020352Z  INFO scan_sources: tailwindcss_oxide::scanner: Discovering "/Users/kdoc/github/kdoc/features/line-auth/model/useLineAuth.ts"
2025-08-23T11:37:10.020360Z  INFO scan_sources: tailwindcss_oxide::scanner: Discovering "/Users/kdoc/github/kdoc/features/line-auth/index.ts"
2025-08-23T11:37:10.020371Z  INFO scan_sources: tailwindcss_oxide::scanner: Discovering "/Users/kdoc/github/kdoc/prisma"
2025-08-23T11:37:10.020390Z  INFO scan_sources: tailwindcss_oxide::scanner: Discovering "/Users/kdoc/github/kdoc/prisma/migrations"
2025-08-23T11:37:10.020411Z  INFO scan_sources: tailwindcss_oxide::scanner: Discovering "/Users/kdoc/github/kdoc/prisma/migrations/20250809063154_domain_init"
2025-08-23T11:37:10.020426Z  INFO scan_sources: tailwindcss_oxide::scanner: Discovering "/Users/kdoc/github/kdoc/prisma/migrations/20250809063154_domain_init/migration.sql"
2025-08-23T11:37:10.020433Z  INFO scan_sources: tailwindcss_oxide::scanner: Discovering "/Users/kdoc/github/kdoc/prisma/migrations/migration_lock.toml"
2025-08-23T11:37:10.020444Z  INFO scan_sources: tailwindcss_oxide::scanner: Discovering "/Users/kdoc/github/kdoc/prisma/migrations/20250809045613_init"
2025-08-23T11:37:10.020456Z  INFO scan_sources: tailwindcss_oxide::scanner: Discovering "/Users/kdoc/github/kdoc/prisma/migrations/20250809045613_init/migration.sql"
2025-08-23T11:37:10.020468Z  INFO scan_sources: tailwindcss_oxide::scanner: Discovering "/Users/kdoc/github/kdoc/prisma/migrations/20250809064000_credit_ledger"
2025-08-23T11:37:10.020481Z  INFO scan_sources: tailwindcss_oxide::scanner: Discovering "/Users/kdoc/github/kdoc/prisma/migrations/20250809064000_credit_ledger/migration.sql"
2025-08-23T11:37:10.020493Z  INFO scan_sources: tailwindcss_oxide::scanner: Discovering "/Users/kdoc/github/kdoc/prisma/migrations/20250815150440_connect_profile_to_auth_users"
2025-08-23T11:37:10.020508Z  INFO scan_sources: tailwindcss_oxide::scanner: Discovering "/Users/kdoc/github/kdoc/prisma/schema.prisma"
2025-08-23T11:37:10.020514Z  INFO scan_sources: tailwindcss_oxide::scanner: Discovering "/Users/kdoc/github/kdoc/prisma/seed.ts"
2025-08-23T11:37:10.020525Z  INFO scan_sources: tailwindcss_oxide::scanner: Discovering "/Users/kdoc/github/kdoc/shared"
2025-08-23T11:37:10.020541Z  INFO scan_sources: tailwindcss_oxide::scanner: Discovering "/Users/kdoc/github/kdoc/shared/ui"
2025-08-23T11:37:10.020559Z  INFO scan_sources: tailwindcss_oxide::scanner: Discovering "/Users/kdoc/github/kdoc/shared/ui/language-switcher"
2025-08-23T11:37:10.020575Z  INFO scan_sources: tailwindcss_oxide::scanner: Discovering "/Users/kdoc/github/kdoc/shared/ui/language-switcher/index.ts"
2025-08-23T11:37:10.020582Z  INFO scan_sources: tailwindcss_oxide::scanner: Discovering "/Users/kdoc/github/kdoc/shared/ui/language-switcher/LanguageSwitcher.tsx"
2025-08-23T11:37:10.020593Z  INFO scan_sources: tailwindcss_oxide::scanner: Discovering "/Users/kdoc/github/kdoc/shared/ui/section"
2025-08-23T11:37:10.020606Z  INFO scan_sources: tailwindcss_oxide::scanner: Discovering "/Users/kdoc/github/kdoc/shared/ui/section/Section.tsx"
2025-08-23T11:37:10.020612Z  INFO scan_sources: tailwindcss_oxide::scanner: Discovering "/Users/kdoc/github/kdoc/shared/ui/section/index.ts"
2025-08-23T11:37:10.020622Z  INFO scan_sources: tailwindcss_oxide::scanner: Discovering "/Users/kdoc/github/kdoc/shared/ui/card"
2025-08-23T11:37:10.020634Z  INFO scan_sources: tailwindcss_oxide::scanner: Discovering "/Users/kdoc/github/kdoc/shared/ui/card/Card.tsx"
2025-08-23T11:37:10.020639Z  INFO scan_sources: tailwindcss_oxide::scanner: Discovering "/Users/kdoc/github/kdoc/shared/ui/card/index.ts"
2025-08-23T11:37:10.020650Z  INFO scan_sources: tailwindcss_oxide::scanner: Discovering "/Users/kdoc/github/kdoc/shared/ui/input"
2025-08-23T11:37:10.020663Z  INFO scan_sources: tailwindcss_oxide::scanner: Discovering "/Users/kdoc/github/kdoc/shared/ui/input/TextInput.tsx"
2025-08-23T11:37:10.020674Z  INFO scan_sources: tailwindcss_oxide::scanner: Discovering "/Users/kdoc/github/kdoc/shared/ui/status-badge"
2025-08-23T11:37:10.020687Z  INFO scan_sources: tailwindcss_oxide::scanner: Discovering "/Users/kdoc/github/kdoc/shared/ui/status-badge/StatusBadge.tsx"
2025-08-23T11:37:10.020693Z  INFO scan_sources: tailwindcss_oxide::scanner: Discovering "/Users/kdoc/github/kdoc/shared/ui/status-badge/index.ts"
2025-08-23T11:37:10.020704Z  INFO scan_sources: tailwindcss_oxide::scanner: Discovering "/Users/kdoc/github/kdoc/shared/ui/connector-line"
2025-08-23T11:37:10.020716Z  INFO scan_sources: tailwindcss_oxide::scanner: Discovering "/Users/kdoc/github/kdoc/shared/ui/connector-line/index.ts"
2025-08-23T11:37:10.020722Z  INFO scan_sources: tailwindcss_oxide::scanner: Discovering "/Users/kdoc/github/kdoc/shared/ui/connector-line/ConnectorLine.tsx"
2025-08-23T11:37:10.020733Z  INFO scan_sources: tailwindcss_oxide::scanner: Discovering "/Users/kdoc/github/kdoc/shared/ui/button"
2025-08-23T11:37:10.020744Z  INFO scan_sources: tailwindcss_oxide::scanner: Discovering "/Users/kdoc/github/kdoc/shared/ui/button/index.ts"
2025-08-23T11:37:10.020750Z  INFO scan_sources: tailwindcss_oxide::scanner: Discovering "/Users/kdoc/github/kdoc/shared/ui/button/Button.tsx"
2025-08-23T11:37:10.020761Z  INFO scan_sources: tailwindcss_oxide::scanner: Discovering "/Users/kdoc/github/kdoc/shared/ui/infra-card"
2025-08-23T11:37:10.020774Z  INFO scan_sources: tailwindcss_oxide::scanner: Discovering "/Users/kdoc/github/kdoc/shared/ui/infra-card/InfraCard.tsx"
2025-08-23T11:37:10.020779Z  INFO scan_sources: tailwindcss_oxide::scanner: Discovering "/Users/kdoc/github/kdoc/shared/ui/infra-card/index.ts"
2025-08-23T11:37:10.020790Z  INFO scan_sources: tailwindcss_oxide::scanner: Discovering "/Users/kdoc/github/kdoc/shared/ui/icon"
2025-08-23T11:37:10.020807Z  INFO scan_sources: tailwindcss_oxide::scanner: Discovering "/Users/kdoc/github/kdoc/shared/ui/badge"
2025-08-23T11:37:10.020818Z  INFO scan_sources: tailwindcss_oxide::scanner: Discovering "/Users/kdoc/github/kdoc/shared/ui/badge/Badge.tsx"
2025-08-23T11:37:10.020825Z  INFO scan_sources: tailwindcss_oxide::scanner: Discovering "/Users/kdoc/github/kdoc/shared/ui/badge/index.ts"
2025-08-23T11:37:10.020836Z  INFO scan_sources: tailwindcss_oxide::scanner: Discovering "/Users/kdoc/github/kdoc/shared/config"
2025-08-23T11:37:10.020849Z  INFO scan_sources: tailwindcss_oxide::scanner: Discovering "/Users/kdoc/github/kdoc/shared/config/locales.ts"
2025-08-23T11:37:10.020855Z  INFO scan_sources: tailwindcss_oxide::scanner: Discovering "/Users/kdoc/github/kdoc/shared/config/line.ts"
2025-08-23T11:37:10.020863Z  INFO scan_sources: tailwindcss_oxide::scanner: Discovering "/Users/kdoc/github/kdoc/shared/config/index.ts"
2025-08-23T11:37:10.020874Z  INFO scan_sources: tailwindcss_oxide::scanner: Discovering "/Users/kdoc/github/kdoc/shared/model"
2025-08-23T11:37:10.020889Z  INFO scan_sources: tailwindcss_oxide::scanner: Discovering "/Users/kdoc/github/kdoc/shared/model/types"
2025-08-23T11:37:10.020903Z  INFO scan_sources: tailwindcss_oxide::scanner: Discovering "/Users/kdoc/github/kdoc/shared/model/types/dictionary.ts"
2025-08-23T11:37:10.020910Z  INFO scan_sources: tailwindcss_oxide::scanner: Discovering "/Users/kdoc/github/kdoc/shared/model/types/line-auth.ts"
2025-08-23T11:37:10.020916Z  INFO scan_sources: tailwindcss_oxide::scanner: Discovering "/Users/kdoc/github/kdoc/shared/model/types/index.ts"
2025-08-23T11:37:10.020928Z  INFO scan_sources: tailwindcss_oxide::scanner: Discovering "/Users/kdoc/github/kdoc/shared/lib"
2025-08-23T11:37:10.020941Z  INFO scan_sources: tailwindcss_oxide::scanner: Discovering "/Users/kdoc/github/kdoc/shared/lib/prisma.ts"
2025-08-23T11:37:10.020951Z  INFO scan_sources: tailwindcss_oxide::scanner: Discovering "/Users/kdoc/github/kdoc/shared/lib/middleware"
2025-08-23T11:37:10.020968Z  INFO scan_sources: tailwindcss_oxide::scanner: Discovering "/Users/kdoc/github/kdoc/shared/lib/middleware/entities"
2025-08-23T11:37:10.020985Z  INFO scan_sources: tailwindcss_oxide::scanner: Discovering "/Users/kdoc/github/kdoc/shared/lib/locale"
2025-08-23T11:37:10.020998Z  INFO scan_sources: tailwindcss_oxide::scanner: Discovering "/Users/kdoc/github/kdoc/shared/lib/locale/locale-detector.ts"
2025-08-23T11:37:10.021004Z  INFO scan_sources: tailwindcss_oxide::scanner: Discovering "/Users/kdoc/github/kdoc/shared/lib/locale/index.ts"
2025-08-23T11:37:10.021015Z  INFO scan_sources: tailwindcss_oxide::scanner: Discovering "/Users/kdoc/github/kdoc/shared/lib/repositories"
2025-08-23T11:37:10.021027Z  INFO scan_sources: tailwindcss_oxide::scanner: Discovering "/Users/kdoc/github/kdoc/shared/lib/repositories/home-repository.ts"
2025-08-23T11:37:10.021033Z  INFO scan_sources: tailwindcss_oxide::scanner: Discovering "/Users/kdoc/github/kdoc/shared/lib/repositories/index.ts"
2025-08-23T11:37:10.021044Z  INFO scan_sources: tailwindcss_oxide::scanner: Discovering "/Users/kdoc/github/kdoc/shared/lib/supabase"
2025-08-23T11:37:10.021056Z  INFO scan_sources: tailwindcss_oxide::scanner: Discovering "/Users/kdoc/github/kdoc/shared/lib/supabase/middleware.ts"
2025-08-23T11:37:10.021063Z  INFO scan_sources: tailwindcss_oxide::scanner: Discovering "/Users/kdoc/github/kdoc/shared/lib/supabase/server-only.ts"
2025-08-23T11:37:10.021068Z  INFO scan_sources: tailwindcss_oxide::scanner: Discovering "/Users/kdoc/github/kdoc/shared/lib/supabase/client.ts"
2025-08-23T11:37:10.021074Z  INFO scan_sources: tailwindcss_oxide::scanner: Discovering "/Users/kdoc/github/kdoc/shared/lib/supabase/index.ts"
2025-08-23T11:37:10.021080Z  INFO scan_sources: tailwindcss_oxide::scanner: Discovering "/Users/kdoc/github/kdoc/shared/lib/supabase/server.ts"
2025-08-23T11:37:10.021086Z  INFO scan_sources: tailwindcss_oxide::scanner: Discovering "/Users/kdoc/github/kdoc/shared/lib/logger.ts"
2025-08-23T11:37:10.021096Z  INFO scan_sources: tailwindcss_oxide::scanner: Discovering "/Users/kdoc/github/kdoc/shared/lib/currency"
2025-08-23T11:37:10.021109Z  INFO scan_sources: tailwindcss_oxide::scanner: Discovering "/Users/kdoc/github/kdoc/shared/lib/currency/currency-formatter.ts"
2025-08-23T11:37:10.021115Z  INFO scan_sources: tailwindcss_oxide::scanner: Discovering "/Users/kdoc/github/kdoc/shared/lib/currency/index.ts"
2025-08-23T11:37:10.021141Z  INFO scan_sources: tailwindcss_oxide::scanner: Discovering "/Users/kdoc/github/kdoc/.prettierignore"
2025-08-23T11:37:10.021148Z  INFO scan_sources: tailwindcss_oxide::scanner: Discovering "/Users/kdoc/github/kdoc/README.md"
2025-08-23T11:37:10.021158Z  INFO scan_sources: tailwindcss_oxide::scanner: Discovering "/Users/kdoc/github/kdoc/public"
2025-08-23T11:37:10.021174Z  INFO scan_sources: tailwindcss_oxide::scanner: Discovering "/Users/kdoc/github/kdoc/public/infra"
2025-08-23T11:37:10.021194Z  INFO scan_sources: tailwindcss_oxide::scanner: Discovering "/Users/kdoc/github/kdoc/public/file.svg"
2025-08-23T11:37:10.021206Z  INFO scan_sources: tailwindcss_oxide::scanner: Discovering "/Users/kdoc/github/kdoc/public/vercel.svg"
2025-08-23T11:37:10.021211Z  INFO scan_sources: tailwindcss_oxide::scanner: Discovering "/Users/kdoc/github/kdoc/public/next.svg"
2025-08-23T11:37:10.021217Z  INFO scan_sources: tailwindcss_oxide::scanner: Discovering "/Users/kdoc/github/kdoc/public/globe.svg"
2025-08-23T11:37:10.021224Z  INFO scan_sources: tailwindcss_oxide::scanner: Discovering "/Users/kdoc/github/kdoc/public/window.svg"
2025-08-23T11:37:10.021239Z  INFO scan_sources: tailwindcss_oxide::scanner: Discovering "/Users/kdoc/github/kdoc/package.json"
2025-08-23T11:37:10.021253Z  INFO scan_sources: tailwindcss_oxide::scanner: Discovering "/Users/kdoc/github/kdoc/scripts"
2025-08-23T11:37:10.021267Z  INFO scan_sources: tailwindcss_oxide::scanner: Discovering "/Users/kdoc/github/kdoc/scripts/find-unused-ts-api.ts"
2025-08-23T11:37:10.021274Z  INFO scan_sources: tailwindcss_oxide::scanner: Discovering "/Users/kdoc/github/kdoc/.prettierrc"
2025-08-23T11:37:10.021280Z  INFO scan_sources: tailwindcss_oxide::scanner: Discovering "/Users/kdoc/github/kdoc/tsconfig.json"
2025-08-23T11:37:10.021303Z  INFO scan_sources: tailwindcss_oxide::scanner: Discovering "/Users/kdoc/github/kdoc/.vscode"
2025-08-23T11:37:10.021316Z  INFO scan_sources: tailwindcss_oxide::scanner: Discovering "/Users/kdoc/github/kdoc/.vscode/settings.json"
2025-08-23T11:37:10.021323Z  INFO scan_sources: tailwindcss_oxide::scanner: Discovering "/Users/kdoc/github/kdoc/eslint.config.mjs"
2025-08-23T11:37:10.021338Z  INFO scan_sources: tailwindcss_oxide::scanner: Discovering "/Users/kdoc/github/kdoc/widgets"
2025-08-23T11:37:10.021355Z  INFO scan_sources: tailwindcss_oxide::scanner: Discovering "/Users/kdoc/github/kdoc/widgets/infrastructure-diagram"
2025-08-23T11:37:10.021371Z  INFO scan_sources: tailwindcss_oxide::scanner: Discovering "/Users/kdoc/github/kdoc/widgets/infrastructure-diagram/ui"
2025-08-23T11:37:10.021384Z  INFO scan_sources: tailwindcss_oxide::scanner: Discovering "/Users/kdoc/github/kdoc/widgets/infrastructure-diagram/ui/InfraLaneSection.tsx"
2025-08-23T11:37:10.021390Z  INFO scan_sources: tailwindcss_oxide::scanner: Discovering "/Users/kdoc/github/kdoc/widgets/infrastructure-diagram/ui/DiagramLegend.tsx"
2025-08-23T11:37:10.021396Z  INFO scan_sources: tailwindcss_oxide::scanner: Discovering "/Users/kdoc/github/kdoc/widgets/infrastructure-diagram/ui/InfraDiagram.tsx"
2025-08-23T11:37:10.021402Z  INFO scan_sources: tailwindcss_oxide::scanner: Discovering "/Users/kdoc/github/kdoc/widgets/infrastructure-diagram/ui/AliasSection.tsx"
2025-08-23T11:37:10.021409Z  INFO scan_sources: tailwindcss_oxide::scanner: Discovering "/Users/kdoc/github/kdoc/widgets/infrastructure-diagram/index.ts"
2025-08-23T11:37:10.021420Z  INFO scan_sources: tailwindcss_oxide::scanner: Discovering "/Users/kdoc/github/kdoc/widgets/beauty-invitation"
2025-08-23T11:37:10.021440Z  INFO scan_sources: tailwindcss_oxide::scanner: Discovering "/Users/kdoc/github/kdoc/widgets/beauty-invitation/ui"
2025-08-23T11:37:10.021452Z  INFO scan_sources: tailwindcss_oxide::scanner: Discovering "/Users/kdoc/github/kdoc/widgets/beauty-invitation/ui/LuxuryBorder.tsx"
2025-08-23T11:37:10.021459Z  INFO scan_sources: tailwindcss_oxide::scanner: Discovering "/Users/kdoc/github/kdoc/widgets/beauty-invitation/ui/DiamondCenterpiece.tsx"
2025-08-23T11:37:10.021465Z  INFO scan_sources: tailwindcss_oxide::scanner: Discovering "/Users/kdoc/github/kdoc/widgets/beauty-invitation/ui/EnvelopeInvitation.tsx"
2025-08-23T11:37:10.021471Z  INFO scan_sources: tailwindcss_oxide::scanner: Discovering "/Users/kdoc/github/kdoc/widgets/beauty-invitation/ui/EnvelopeDecorations.tsx"
2025-08-23T11:37:10.021477Z  INFO scan_sources: tailwindcss_oxide::scanner: Discovering "/Users/kdoc/github/kdoc/widgets/beauty-invitation/ui/LetterContent.tsx"
2025-08-23T11:37:10.021492Z  INFO scan_sources: tailwindcss_oxide::scanner: Discovering "/Users/kdoc/github/kdoc/widgets/beauty-invitation/model"
2025-08-23T11:37:10.021504Z  INFO scan_sources: tailwindcss_oxide::scanner: Discovering "/Users/kdoc/github/kdoc/widgets/beauty-invitation/model/useEnvelopeAnimation.ts"
2025-08-23T11:37:10.021511Z  INFO scan_sources: tailwindcss_oxide::scanner: Discovering "/Users/kdoc/github/kdoc/widgets/beauty-invitation/index.ts"
2025-08-23T11:37:10.021521Z  INFO scan_sources: tailwindcss_oxide::scanner: Discovering "/Users/kdoc/github/kdoc/widgets/user-profile"
2025-08-23T11:37:10.021538Z  INFO scan_sources: tailwindcss_oxide::scanner: Discovering "/Users/kdoc/github/kdoc/widgets/user-profile/ui"
2025-08-23T11:37:10.021550Z  INFO scan_sources: tailwindcss_oxide::scanner: Discovering "/Users/kdoc/github/kdoc/widgets/user-profile/ui/UserProfileWidget.tsx"
2025-08-23T11:37:10.021557Z  INFO scan_sources: tailwindcss_oxide::scanner: Discovering "/Users/kdoc/github/kdoc/widgets/user-profile/index.ts"
2025-08-23T11:37:10.021568Z  INFO scan_sources: tailwindcss_oxide::scanner: Discovering "/Users/kdoc/github/kdoc/widgets/home-sections"
2025-08-23T11:37:10.021584Z  INFO scan_sources: tailwindcss_oxide::scanner: Discovering "/Users/kdoc/github/kdoc/widgets/home-sections/ui"
2025-08-23T11:37:10.021595Z  INFO scan_sources: tailwindcss_oxide::scanner: Discovering "/Users/kdoc/github/kdoc/widgets/home-sections/ui/BookingSection.tsx"
2025-08-23T11:37:10.021602Z  INFO scan_sources: tailwindcss_oxide::scanner: Discovering "/Users/kdoc/github/kdoc/widgets/home-sections/ui/PackagesSection.tsx"
2025-08-23T11:37:10.021608Z  INFO scan_sources: tailwindcss_oxide::scanner: Discovering "/Users/kdoc/github/kdoc/widgets/home-sections/ui/ItinerarySection.tsx"
2025-08-23T11:37:10.021615Z  INFO scan_sources: tailwindcss_oxide::scanner: Discovering "/Users/kdoc/github/kdoc/widgets/home-sections/index.ts"
2025-08-23T11:37:10.021626Z  INFO scan_sources: tailwindcss_oxide::scanner: Discovering "/Users/kdoc/github/kdoc/entities"
2025-08-23T11:37:10.021642Z  INFO scan_sources: tailwindcss_oxide::scanner: Discovering "/Users/kdoc/github/kdoc/entities/home"
2025-08-23T11:37:10.021658Z  INFO scan_sources: tailwindcss_oxide::scanner: Discovering "/Users/kdoc/github/kdoc/entities/home/ui"
2025-08-23T11:37:10.021670Z  INFO scan_sources: tailwindcss_oxide::scanner: Discovering "/Users/kdoc/github/kdoc/entities/home/ui/PackageCard.tsx"
2025-08-23T11:37:10.021676Z  INFO scan_sources: tailwindcss_oxide::scanner: Discovering "/Users/kdoc/github/kdoc/entities/home/ui/BookingCard.tsx"
2025-08-23T11:37:10.021682Z  INFO scan_sources: tailwindcss_oxide::scanner: Discovering "/Users/kdoc/github/kdoc/entities/home/ui/ItineraryCard.tsx"
2025-08-23T11:37:10.021693Z  INFO scan_sources: tailwindcss_oxide::scanner: Discovering "/Users/kdoc/github/kdoc/entities/home/model"
2025-08-23T11:37:10.021704Z  INFO scan_sources: tailwindcss_oxide::scanner: Discovering "/Users/kdoc/github/kdoc/entities/home/model/types.ts"
2025-08-23T11:37:10.021710Z  INFO scan_sources: tailwindcss_oxide::scanner: Discovering "/Users/kdoc/github/kdoc/entities/home/index.ts"
2025-08-23T11:37:10.021721Z  INFO scan_sources: tailwindcss_oxide::scanner: Discovering "/Users/kdoc/github/kdoc/entities/user"
2025-08-23T11:37:10.021737Z  INFO scan_sources: tailwindcss_oxide::scanner: Discovering "/Users/kdoc/github/kdoc/entities/user/ui"
2025-08-23T11:37:10.021748Z  INFO scan_sources: tailwindcss_oxide::scanner: Discovering "/Users/kdoc/github/kdoc/entities/user/ui/UserAvatar.tsx"
2025-08-23T11:37:10.021759Z  INFO scan_sources: tailwindcss_oxide::scanner: Discovering "/Users/kdoc/github/kdoc/entities/user/model"
2025-08-23T11:37:10.021770Z  INFO scan_sources: tailwindcss_oxide::scanner: Discovering "/Users/kdoc/github/kdoc/entities/user/model/types.ts"
2025-08-23T11:37:10.021776Z  INFO scan_sources: tailwindcss_oxide::scanner: Discovering "/Users/kdoc/github/kdoc/entities/user/model/useUser.ts"
2025-08-23T11:37:10.021783Z  INFO scan_sources: tailwindcss_oxide::scanner: Discovering "/Users/kdoc/github/kdoc/entities/user/index.ts"
2025-08-23T11:37:10.021796Z  INFO scan_sources: tailwindcss_oxide::scanner: Discovering "/Users/kdoc/github/kdoc/entities/infrastructure"
2025-08-23T11:37:10.021813Z  INFO scan_sources: tailwindcss_oxide::scanner: Discovering "/Users/kdoc/github/kdoc/entities/infrastructure/model"
2025-08-23T11:37:10.021824Z  INFO scan_sources: tailwindcss_oxide::scanner: Discovering "/Users/kdoc/github/kdoc/entities/infrastructure/model/data.ts"
2025-08-23T11:37:10.021830Z  INFO scan_sources: tailwindcss_oxide::scanner: Discovering "/Users/kdoc/github/kdoc/entities/infrastructure/model/types.ts"
2025-08-23T11:37:10.021837Z  INFO scan_sources: tailwindcss_oxide::scanner: Discovering "/Users/kdoc/github/kdoc/entities/infrastructure/index.ts"
2025-08-23T11:37:10.021848Z  INFO scan_sources: tailwindcss_oxide::scanner: Discovering "/Users/kdoc/github/kdoc/entities/invitation"
2025-08-23T11:37:10.021863Z  INFO scan_sources: tailwindcss_oxide::scanner: Discovering "/Users/kdoc/github/kdoc/entities/invitation/ui"
2025-08-23T11:37:10.021874Z  INFO scan_sources: tailwindcss_oxide::scanner: Discovering "/Users/kdoc/github/kdoc/entities/invitation/ui/LuxuryBackground.tsx"
2025-08-23T11:37:10.021880Z  INFO scan_sources: tailwindcss_oxide::scanner: Discovering "/Users/kdoc/github/kdoc/entities/invitation/ui/DiamondSeal.tsx"
2025-08-23T11:37:10.021892Z  INFO scan_sources: tailwindcss_oxide::scanner: Discovering "/Users/kdoc/github/kdoc/entities/invitation/model"
2025-08-23T11:37:10.021904Z  INFO scan_sources: tailwindcss_oxide::scanner: Discovering "/Users/kdoc/github/kdoc/entities/invitation/index.ts"
2025-08-23T11:37:10.021912Z  INFO scan_sources: tailwindcss_oxide::scanner: Discovering "/Users/kdoc/github/kdoc/next.config.ts"
2025-08-23T11:37:10.021918Z  INFO scan_sources: tailwindcss_oxide::scanner: Discovering "/Users/kdoc/github/kdoc/pnpm-workspace.yaml"
2025-08-23T11:37:10.021955Z  INFO scan_sources: tailwindcss_oxide::scanner: exit
2025-08-23T11:37:10.021958Z  INFO extract_candidates: tailwindcss_oxide::scanner: enter
2025-08-23T11:37:10.021961Z  INFO extract_candidates:read_all_files: tailwindcss_oxide::scanner: enter
2025-08-23T11:37:10.021962Z  INFO extract_candidates:read_all_files: tailwindcss_oxide::scanner: Reading 156 file(s)
2025-08-23T11:37:10.022143Z  INFO tailwindcss_oxide::scanner: Reading "/Users/kdoc/github/kdoc/middleware.ts"
2025-08-23T11:37:10.022316Z  INFO tailwindcss_oxide::scanner: Reading "/Users/kdoc/github/kdoc/app/[lang]/auth/reset-password/page.tsx"
2025-08-23T11:37:10.022316Z  INFO tailwindcss_oxide::scanner: Reading "/Users/kdoc/github/kdoc/app/[lang]/dictionaries/th.json"
2025-08-23T11:37:10.022338Z  INFO tailwindcss_oxide::scanner: Reading "/Users/kdoc/github/kdoc/app/[lang]/page.tsx"
2025-08-23T11:37:10.022349Z  INFO tailwindcss_oxide::scanner: Reading "/Users/kdoc/github/kdoc/postcss.config.mjs"
2025-08-23T11:37:10.022365Z  INFO tailwindcss_oxide::scanner: Reading "/Users/kdoc/github/kdoc/features/line-auth/ui/LineSignInButton.tsx"
2025-08-23T11:37:10.022384Z  INFO tailwindcss_oxide::scanner: Reading "/Users/kdoc/github/kdoc/app/[lang]/dictionaries.ts"
2025-08-23T11:37:10.022394Z  INFO tailwindcss_oxide::scanner: Reading "/Users/kdoc/github/kdoc/prisma/migrations/20250809045613_init/migration.sql"
2025-08-23T11:37:10.022409Z  INFO tailwindcss_oxide::scanner: Reading "/Users/kdoc/github/kdoc/.cursor/rules/backend-architecture.mdc"
2025-08-23T11:37:10.022419Z  INFO tailwindcss_oxide::scanner: Reading "/Users/kdoc/github/kdoc/shared/ui/language-switcher/LanguageSwitcher.tsx"
2025-08-23T11:37:10.022430Z  INFO tailwindcss_oxide::scanner: Reading "/Users/kdoc/github/kdoc/app/[lang]/auth/verify-phone/page.tsx"
2025-08-23T11:37:10.022413Z  INFO tailwindcss_oxide::scanner: Reading "/Users/kdoc/github/kdoc/features/facebook-auth/model/useFacebookAuth.ts"
2025-08-23T11:37:10.022469Z  INFO tailwindcss_oxide::scanner: Reading "/Users/kdoc/github/kdoc/features/line-auth/model/useLineAuth.ts"
2025-08-23T11:37:10.022423Z  INFO tailwindcss_oxide::scanner: Reading "/Users/kdoc/github/kdoc/app/api/notion/approval/archive/infrastructure/services/logger-service.ts"
2025-08-23T11:37:10.022469Z  INFO tailwindcss_oxide::scanner: Reading "/Users/kdoc/github/kdoc/features/email-auth/ui/EmailLoginForm.tsx"
2025-08-23T11:37:10.022472Z  INFO tailwindcss_oxide::scanner: Reading "/Users/kdoc/github/kdoc/app/[lang]/invite/page.tsx"
2025-08-23T11:37:10.022485Z  INFO tailwindcss_oxide::scanner: Reading "/Users/kdoc/github/kdoc/prisma/migrations/20250809064000_credit_ledger/migration.sql"
2025-08-23T11:37:10.022454Z  INFO tailwindcss_oxide::scanner: Reading "/Users/kdoc/github/kdoc/shared/ui/input/TextInput.tsx"
2025-08-23T11:37:10.022560Z  INFO tailwindcss_oxide::scanner: Reading "/Users/kdoc/github/kdoc/features/line-auth/index.ts"
2025-08-23T11:37:10.022531Z  INFO tailwindcss_oxide::scanner: Reading "/Users/kdoc/github/kdoc/app/[lang]/layout.tsx"
2025-08-23T11:37:10.022587Z  INFO tailwindcss_oxide::scanner: Reading "/Users/kdoc/github/kdoc/features/facebook-auth/index.ts"
2025-08-23T11:37:10.022538Z  INFO tailwindcss_oxide::scanner: Reading "/Users/kdoc/github/kdoc/app/[lang]/auth/callback/route.ts"
2025-08-23T11:37:10.022506Z  INFO tailwindcss_oxide::scanner: Reading "/Users/kdoc/github/kdoc/shared/ui/section/Section.tsx"
2025-08-23T11:37:10.022620Z  INFO tailwindcss_oxide::scanner: Reading "/Users/kdoc/github/kdoc/features/email-auth/ui/PasswordResetForm.tsx"
2025-08-23T11:37:10.022537Z  INFO tailwindcss_oxide::scanner: Reading "/Users/kdoc/github/kdoc/.cursor/rules/nextjs.mdc"
2025-08-23T11:37:10.022598Z  INFO tailwindcss_oxide::scanner: Reading "/Users/kdoc/github/kdoc/app/api/notion/approval/archive/infrastructure/services/index.ts"
2025-08-23T11:37:10.022657Z  INFO tailwindcss_oxide::scanner: Reading "/Users/kdoc/github/kdoc/prisma/migrations/20250809063154_domain_init/migration.sql"
2025-08-23T11:37:10.022665Z  INFO tailwindcss_oxide::scanner: Reading "/Users/kdoc/github/kdoc/shared/ui/status-badge/StatusBadge.tsx"
2025-08-23T11:37:10.022678Z  INFO tailwindcss_oxide::scanner: Reading "/Users/kdoc/github/kdoc/app/[lang]/dictionaries/en.json"
2025-08-23T11:37:10.022679Z  INFO tailwindcss_oxide::scanner: Reading "/Users/kdoc/github/kdoc/prisma/schema.prisma"
2025-08-23T11:37:10.022689Z  INFO tailwindcss_oxide::scanner: Reading "/Users/kdoc/github/kdoc/features/invitation-swipe/ui/SwipeToOpen.tsx"
2025-08-23T11:37:10.022724Z  INFO tailwindcss_oxide::scanner: Reading "/Users/kdoc/github/kdoc/features/email-auth/model/useEmailAuth.ts"
2025-08-23T11:37:10.022722Z  INFO tailwindcss_oxide::scanner: Reading "/Users/kdoc/github/kdoc/app/[lang]/auth/confirm-email/page.tsx"
2025-08-23T11:37:10.022748Z  INFO tailwindcss_oxide::scanner: Reading "/Users/kdoc/github/kdoc/shared/ui/section/index.ts"
2025-08-23T11:37:10.022749Z  INFO tailwindcss_oxide::scanner: Reading "/Users/kdoc/github/kdoc/prisma/migrations/migration_lock.toml"
2025-08-23T11:37:10.022758Z  INFO tailwindcss_oxide::scanner: Reading "/Users/kdoc/github/kdoc/shared/ui/status-badge/index.ts"
2025-08-23T11:37:10.022788Z  INFO tailwindcss_oxide::scanner: Reading "/Users/kdoc/github/kdoc/app/api/notion/approval/archive/entities/archive-request.ts"
2025-08-23T11:37:10.022808Z  INFO tailwindcss_oxide::scanner: Reading "/Users/kdoc/github/kdoc/features/invitation-swipe/model/useSwipeGesture.ts"
2025-08-23T11:37:10.022790Z  INFO tailwindcss_oxide::scanner: Reading "/Users/kdoc/github/kdoc/prisma/seed.ts"
2025-08-23T11:37:10.022770Z  INFO tailwindcss_oxide::scanner: Reading "/Users/kdoc/github/kdoc/.cursor/rules/architecture.mdc"
2025-08-23T11:37:10.022850Z  INFO tailwindcss_oxide::scanner: Reading "/Users/kdoc/github/kdoc/shared/ui/card/Card.tsx"
2025-08-23T11:37:10.022840Z  INFO tailwindcss_oxide::scanner: Reading "/Users/kdoc/github/kdoc/app/[lang]/auth/login/page.tsx"
2025-08-23T11:37:10.022770Z  INFO tailwindcss_oxide::scanner: Reading "/Users/kdoc/github/kdoc/app/[lang]/dictionaries/ko.json"
2025-08-23T11:37:10.022895Z  INFO tailwindcss_oxide::scanner: Reading "/Users/kdoc/github/kdoc/app/api/notion/approval/archive/entities/errors.ts"
2025-08-23T11:37:10.022895Z  INFO tailwindcss_oxide::scanner: Reading "/Users/kdoc/github/kdoc/shared/ui/connector-line/index.ts"
2025-08-23T11:37:10.022897Z  INFO tailwindcss_oxide::scanner: Reading "/Users/kdoc/github/kdoc/features/email-auth/index.ts"
2025-08-23T11:37:10.022938Z  INFO tailwindcss_oxide::scanner: Reading "/Users/kdoc/github/kdoc/.cursor/rules/style.mdc"
2025-08-23T11:37:10.022954Z  INFO tailwindcss_oxide::scanner: Reading "/Users/kdoc/github/kdoc/features/invitation-swipe/index.ts"
2025-08-23T11:37:10.022956Z  INFO tailwindcss_oxide::scanner: Reading "/Users/kdoc/github/kdoc/app/api/notion/approval/archive/entities/index.ts"
2025-08-23T11:37:10.022979Z  INFO tailwindcss_oxide::scanner: Reading "/Users/kdoc/github/kdoc/shared/ui/card/index.ts"
2025-08-23T11:37:10.022994Z  INFO tailwindcss_oxide::scanner: Reading "/Users/kdoc/github/kdoc/shared/ui/language-switcher/index.ts"
2025-08-23T11:37:10.022996Z  INFO tailwindcss_oxide::scanner: Reading "/Users/kdoc/github/kdoc/app/api/notion/approval/archive/entities/notion-page.ts"
2025-08-23T11:37:10.023009Z  INFO tailwindcss_oxide::scanner: Reading "/Users/kdoc/github/kdoc/features/google-auth/model/useGoogleAuth.ts"
2025-08-23T11:37:10.023033Z  INFO tailwindcss_oxide::scanner: Reading "/Users/kdoc/github/kdoc/app/infra/page.tsx"
2025-08-23T11:37:10.023017Z  INFO tailwindcss_oxide::scanner: Reading "/Users/kdoc/github/kdoc/features/google-auth/ui/SignOutButton.tsx"
2025-08-23T11:37:10.023048Z  INFO tailwindcss_oxide::scanner: Reading "/Users/kdoc/github/kdoc/app/layout.tsx"
2025-08-23T11:37:10.023014Z  INFO tailwindcss_oxide::scanner: Reading "/Users/kdoc/github/kdoc/shared/ui/connector-line/ConnectorLine.tsx"
2025-08-23T11:37:10.023062Z  INFO tailwindcss_oxide::scanner: Reading "/Users/kdoc/github/kdoc/app/[lang]/auth/email-login/page.tsx"
2025-08-23T11:37:10.023063Z  INFO tailwindcss_oxide::scanner: Reading "/Users/kdoc/github/kdoc/app/api/notion/approval/archive/route.ts"
2025-08-23T11:37:10.023088Z  INFO tailwindcss_oxide::scanner: Reading "/Users/kdoc/github/kdoc/app/api/notion/approval/archive/use-cases/process-webhook.ts"
2025-08-23T11:37:10.023105Z  INFO tailwindcss_oxide::scanner: Reading "/Users/kdoc/github/kdoc/features/phone-auth/index.ts"
2025-08-23T11:37:10.023122Z  INFO tailwindcss_oxide::scanner: Reading "/Users/kdoc/github/kdoc/features/google-auth/index.ts"
2025-08-23T11:37:10.023124Z  INFO tailwindcss_oxide::scanner: Reading "/Users/kdoc/github/kdoc/app/api/notion/approval/archive/use-cases/scan-and-archive.ts"
2025-08-23T11:37:10.023157Z  INFO tailwindcss_oxide::scanner: Reading "/Users/kdoc/github/kdoc/app/api/auth/line/callback/route.ts"
2025-08-23T11:37:10.023178Z  INFO tailwindcss_oxide::scanner: Reading "/Users/kdoc/github/kdoc/shared/ui/button/index.ts"
2025-08-23T11:37:10.023187Z  INFO tailwindcss_oxide::scanner: Reading "/Users/kdoc/github/kdoc/app/api/notion/approval/archive/use-cases/archive-page.ts"
2025-08-23T11:37:10.023179Z  INFO tailwindcss_oxide::scanner: Reading "/Users/kdoc/github/kdoc/features/google-auth/ui/GoogleSignInButton.tsx"
2025-08-23T11:37:10.023193Z  INFO tailwindcss_oxide::scanner: Reading "/Users/kdoc/github/kdoc/app/[lang]/auth/phone-login/page.tsx"
2025-08-23T11:37:10.023230Z  INFO tailwindcss_oxide::scanner: Reading "/Users/kdoc/github/kdoc/app/api/notion/approval/archive/use-cases/index.ts"
2025-08-23T11:37:10.023231Z  INFO tailwindcss_oxide::scanner: Reading "/Users/kdoc/github/kdoc/app/api/notion/approval/archive/infrastructure/repositories/notion-page-repository.ts"
2025-08-23T11:37:10.023260Z  INFO tailwindcss_oxide::scanner: Reading "/Users/kdoc/github/kdoc/app/api/notion/approval/archive/container.ts"
2025-08-23T11:37:10.023241Z  INFO tailwindcss_oxide::scanner: Reading "/Users/kdoc/github/kdoc/features/invitation-code/model/useInvitationCode.ts"
2025-08-23T11:37:10.023300Z  INFO tailwindcss_oxide::scanner: Reading "/Users/kdoc/github/kdoc/shared/ui/button/Button.tsx"
2025-08-23T11:37:10.023275Z  INFO tailwindcss_oxide::scanner: Reading "/Users/kdoc/github/kdoc/features/invitation-code/index.ts"
2025-08-23T11:37:10.023290Z  INFO tailwindcss_oxide::scanner: Reading "/Users/kdoc/github/kdoc/features/phone-auth/ui/PhoneLoginForm.tsx"
2025-08-23T11:37:10.023302Z  INFO tailwindcss_oxide::scanner: Reading "/Users/kdoc/github/kdoc/app/api/notion/approval/archive/infrastructure/repositories/index.ts"
2025-08-23T11:37:10.023288Z  INFO tailwindcss_oxide::scanner: Reading "/Users/kdoc/github/kdoc/features/invitation-code/ui/InvitationCodeInput.tsx"
2025-08-23T11:37:10.023321Z  INFO tailwindcss_oxide::scanner: Reading "/Users/kdoc/github/kdoc/app/api/notion/approval/archive/use-cases/interfaces.ts"
2025-08-23T11:37:10.023338Z  INFO tailwindcss_oxide::scanner: Reading "/Users/kdoc/github/kdoc/.prettierrc"
2025-08-23T11:37:10.023366Z  INFO tailwindcss_oxide::scanner: Reading "/Users/kdoc/github/kdoc/app/[lang]/auth/auth-code-error/page.tsx"
2025-08-23T11:37:10.023366Z  INFO tailwindcss_oxide::scanner: Reading "/Users/kdoc/github/kdoc/features/phone-auth/ui/PhoneVerificationForm.tsx"
2025-08-23T11:37:10.023374Z  INFO tailwindcss_oxide::scanner: Reading "/Users/kdoc/github/kdoc/shared/lib/locale/index.ts"
2025-08-23T11:37:10.023403Z  INFO tailwindcss_oxide::scanner: Reading "/Users/kdoc/github/kdoc/shared/ui/infra-card/InfraCard.tsx"
2025-08-23T11:37:10.023404Z  INFO tailwindcss_oxide::scanner: Reading "/Users/kdoc/github/kdoc/features/facebook-auth/ui/FacebookSignInButton.tsx"
2025-08-23T11:37:10.023434Z  INFO tailwindcss_oxide::scanner: Reading "/Users/kdoc/github/kdoc/tsconfig.json"
2025-08-23T11:37:10.023450Z  INFO tailwindcss_oxide::scanner: Reading "/Users/kdoc/github/kdoc/app/api/notion/approval/archive/infrastructure/services/notion-client-factory.ts"
2025-08-23T11:37:10.023488Z  INFO tailwindcss_oxide::scanner: Reading "/Users/kdoc/github/kdoc/app/[lang]/auth/confirm/route.ts"
2025-08-23T11:37:10.023493Z  INFO tailwindcss_oxide::scanner: Reading "/Users/kdoc/github/kdoc/widgets/home-sections/ui/PackagesSection.tsx"
2025-08-23T11:37:10.023490Z  INFO tailwindcss_oxide::scanner: Reading "/Users/kdoc/github/kdoc/entities/user/model/useUser.ts"
2025-08-23T11:37:10.023504Z  INFO tailwindcss_oxide::scanner: Reading "/Users/kdoc/github/kdoc/.vscode/settings.json"
2025-08-23T11:37:10.023530Z  INFO tailwindcss_oxide::scanner: Reading "/Users/kdoc/github/kdoc/features/phone-auth/model/usePhoneAuth.ts"
2025-08-23T11:37:10.023532Z  INFO tailwindcss_oxide::scanner: Reading "/Users/kdoc/github/kdoc/shared/lib/repositories/home-repository.ts"
2025-08-23T11:37:10.023553Z  INFO tailwindcss_oxide::scanner: Reading "/Users/kdoc/github/kdoc/app/api/notion/approval/archive/infrastructure/services/notion-client-service.ts"
2025-08-23T11:37:10.023559Z  INFO tailwindcss_oxide::scanner: Reading "/Users/kdoc/github/kdoc/shared/lib/currency/index.ts"
2025-08-23T11:37:10.023581Z  INFO tailwindcss_oxide::scanner: Reading "/Users/kdoc/github/kdoc/shared/lib/supabase/server.ts"
2025-08-23T11:37:10.023584Z  INFO tailwindcss_oxide::scanner: Reading "/Users/kdoc/github/kdoc/shared/ui/infra-card/index.ts"
2025-08-23T11:37:10.023602Z  INFO tailwindcss_oxide::scanner: Reading "/Users/kdoc/github/kdoc/shared/lib/supabase/client.ts"
2025-08-23T11:37:10.023603Z  INFO tailwindcss_oxide::scanner: Reading "/Users/kdoc/github/kdoc/public/next.svg"
2025-08-23T11:37:10.023645Z  INFO tailwindcss_oxide::scanner: Reading "/Users/kdoc/github/kdoc/entities/user/index.ts"
2025-08-23T11:37:10.023598Z  INFO tailwindcss_oxide::scanner: Reading "/Users/kdoc/github/kdoc/.prettierignore"
2025-08-23T11:37:10.023652Z  INFO tailwindcss_oxide::scanner: Reading "/Users/kdoc/github/kdoc/shared/lib/repositories/index.ts"
2025-08-23T11:37:10.023611Z  INFO tailwindcss_oxide::scanner: Reading "/Users/kdoc/github/kdoc/widgets/home-sections/ui/ItinerarySection.tsx"
2025-08-23T11:37:10.023654Z  INFO tailwindcss_oxide::scanner: Reading "/Users/kdoc/github/kdoc/entities/invitation/ui/LuxuryBackground.tsx"
2025-08-23T11:37:10.023678Z  INFO tailwindcss_oxide::scanner: Reading "/Users/kdoc/github/kdoc/shared/lib/supabase/middleware.ts"
2025-08-23T11:37:10.023677Z  INFO tailwindcss_oxide::scanner: Reading "/Users/kdoc/github/kdoc/eslint.config.mjs"
2025-08-23T11:37:10.023716Z  INFO tailwindcss_oxide::scanner: Reading "/Users/kdoc/github/kdoc/shared/ui/badge/Badge.tsx"
2025-08-23T11:37:10.023719Z  INFO tailwindcss_oxide::scanner: Reading "/Users/kdoc/github/kdoc/shared/lib/supabase/index.ts"
2025-08-23T11:37:10.023686Z  INFO tailwindcss_oxide::scanner: Reading "/Users/kdoc/github/kdoc/shared/lib/logger.ts"
2025-08-23T11:37:10.023708Z  INFO tailwindcss_oxide::scanner: Reading "/Users/kdoc/github/kdoc/shared/lib/supabase/server-only.ts"
2025-08-23T11:37:10.023727Z  INFO tailwindcss_oxide::scanner: Reading "/Users/kdoc/github/kdoc/public/globe.svg"
2025-08-23T11:37:10.023749Z  INFO tailwindcss_oxide::scanner: Reading "/Users/kdoc/github/kdoc/entities/infrastructure/model/data.ts"
2025-08-23T11:37:10.023782Z  INFO tailwindcss_oxide::scanner: Reading "/Users/kdoc/github/kdoc/README.md"
2025-08-23T11:37:10.023796Z  INFO tailwindcss_oxide::scanner: Reading "/Users/kdoc/github/kdoc/entities/invitation/ui/DiamondSeal.tsx"
2025-08-23T11:37:10.023810Z  INFO tailwindcss_oxide::scanner: Reading "/Users/kdoc/github/kdoc/widgets/home-sections/index.ts"
2025-08-23T11:37:10.023811Z  INFO tailwindcss_oxide::scanner: Reading "/Users/kdoc/github/kdoc/widgets/infrastructure-diagram/ui/InfraLaneSection.tsx"
2025-08-23T11:37:10.023819Z  INFO tailwindcss_oxide::scanner: Reading "/Users/kdoc/github/kdoc/widgets/beauty-invitation/ui/LuxuryBorder.tsx"
2025-08-23T11:37:10.023829Z  INFO tailwindcss_oxide::scanner: Reading "/Users/kdoc/github/kdoc/shared/ui/badge/index.ts"
2025-08-23T11:37:10.023840Z  INFO tailwindcss_oxide::scanner: Reading "/Users/kdoc/github/kdoc/shared/config/locales.ts"
2025-08-23T11:37:10.023851Z  INFO tailwindcss_oxide::scanner: Reading "/Users/kdoc/github/kdoc/shared/config/line.ts"
2025-08-23T11:37:10.023852Z  INFO tailwindcss_oxide::scanner: Reading "/Users/kdoc/github/kdoc/public/window.svg"
2025-08-23T11:37:10.023851Z  INFO tailwindcss_oxide::scanner: Reading "/Users/kdoc/github/kdoc/entities/infrastructure/model/types.ts"
2025-08-23T11:37:10.023862Z  INFO tailwindcss_oxide::scanner: Reading "/Users/kdoc/github/kdoc/shared/config/index.ts"
2025-08-23T11:37:10.023879Z  INFO tailwindcss_oxide::scanner: Reading "/Users/kdoc/github/kdoc/entities/invitation/index.ts"
2025-08-23T11:37:10.023862Z  INFO tailwindcss_oxide::scanner: Reading "/Users/kdoc/github/kdoc/public/file.svg"
2025-08-23T11:37:10.023921Z  INFO tailwindcss_oxide::scanner: Reading "/Users/kdoc/github/kdoc/widgets/beauty-invitation/ui/DiamondCenterpiece.tsx"
2025-08-23T11:37:10.023894Z  INFO tailwindcss_oxide::scanner: Reading "/Users/kdoc/github/kdoc/next.config.ts"
2025-08-23T11:37:10.023903Z  INFO tailwindcss_oxide::scanner: Reading "/Users/kdoc/github/kdoc/widgets/infrastructure-diagram/ui/DiagramLegend.tsx"
2025-08-23T11:37:10.023904Z  INFO tailwindcss_oxide::scanner: Reading "/Users/kdoc/github/kdoc/entities/home/ui/PackageCard.tsx"
2025-08-23T11:37:10.023905Z  INFO tailwindcss_oxide::scanner: Reading "/Users/kdoc/github/kdoc/public/vercel.svg"
2025-08-23T11:37:10.023864Z  INFO tailwindcss_oxide::scanner: Reading "/Users/kdoc/github/kdoc/package.json"
2025-08-23T11:37:10.023995Z  INFO tailwindcss_oxide::scanner: Reading "/Users/kdoc/github/kdoc/shared/model/types/index.ts"
2025-08-23T11:37:10.023950Z  INFO tailwindcss_oxide::scanner: Reading "/Users/kdoc/github/kdoc/shared/lib/currency/currency-formatter.ts"
2025-08-23T11:37:10.023973Z  INFO tailwindcss_oxide::scanner: Reading "/Users/kdoc/github/kdoc/shared/model/types/dictionary.ts"
2025-08-23T11:37:10.023961Z  INFO tailwindcss_oxide::scanner: Reading "/Users/kdoc/github/kdoc/entities/infrastructure/index.ts"
2025-08-23T11:37:10.024006Z  INFO tailwindcss_oxide::scanner: Reading "/Users/kdoc/github/kdoc/widgets/beauty-invitation/ui/EnvelopeInvitation.tsx"
2025-08-23T11:37:10.024048Z  INFO tailwindcss_oxide::scanner: Reading "/Users/kdoc/github/kdoc/pnpm-workspace.yaml"
2025-08-23T11:37:10.024048Z  INFO tailwindcss_oxide::scanner: Reading "/Users/kdoc/github/kdoc/entities/home/ui/BookingCard.tsx"
2025-08-23T11:37:10.024034Z  INFO tailwindcss_oxide::scanner: Reading "/Users/kdoc/github/kdoc/widgets/infrastructure-diagram/ui/InfraDiagram.tsx"
2025-08-23T11:37:10.024069Z  INFO tailwindcss_oxide::scanner: Reading "/Users/kdoc/github/kdoc/shared/lib/prisma.ts"
2025-08-23T11:37:10.024143Z  INFO tailwindcss_oxide::scanner: Reading "/Users/kdoc/github/kdoc/widgets/beauty-invitation/model/useEnvelopeAnimation.ts"
2025-08-23T11:37:10.024164Z  INFO tailwindcss_oxide::scanner: Reading "/Users/kdoc/github/kdoc/scripts/find-unused-ts-api.ts"
2025-08-23T11:37:10.024173Z  INFO tailwindcss_oxide::scanner: Reading "/Users/kdoc/github/kdoc/shared/model/types/line-auth.ts"
2025-08-23T11:37:10.024182Z  INFO tailwindcss_oxide::scanner: Reading "/Users/kdoc/github/kdoc/widgets/user-profile/index.ts"
2025-08-23T11:37:10.024160Z  INFO tailwindcss_oxide::scanner: Reading "/Users/kdoc/github/kdoc/shared/lib/locale/locale-detector.ts"
2025-08-23T11:37:10.024197Z  INFO tailwindcss_oxide::scanner: Reading "/Users/kdoc/github/kdoc/widgets/user-profile/ui/UserProfileWidget.tsx"
2025-08-23T11:37:10.024214Z  INFO tailwindcss_oxide::scanner: Reading "/Users/kdoc/github/kdoc/widgets/beauty-invitation/ui/EnvelopeDecorations.tsx"
2025-08-23T11:37:10.024230Z  INFO tailwindcss_oxide::scanner: Reading "/Users/kdoc/github/kdoc/entities/home/ui/ItineraryCard.tsx"
2025-08-23T11:37:10.024270Z  INFO tailwindcss_oxide::scanner: Reading "/Users/kdoc/github/kdoc/widgets/beauty-invitation/ui/LetterContent.tsx"
2025-08-23T11:37:10.024278Z  INFO tailwindcss_oxide::scanner: Reading "/Users/kdoc/github/kdoc/widgets/beauty-invitation/index.ts"
2025-08-23T11:37:10.024281Z  INFO tailwindcss_oxide::scanner: Reading "/Users/kdoc/github/kdoc/widgets/infrastructure-diagram/ui/AliasSection.tsx"
2025-08-23T11:37:10.024294Z  INFO tailwindcss_oxide::scanner: Reading "/Users/kdoc/github/kdoc/entities/home/index.ts"
2025-08-23T11:37:10.024296Z  INFO tailwindcss_oxide::scanner: Reading "/Users/kdoc/github/kdoc/widgets/home-sections/ui/BookingSection.tsx"
2025-08-23T11:37:10.024344Z  INFO tailwindcss_oxide::scanner: Reading "/Users/kdoc/github/kdoc/entities/user/ui/UserAvatar.tsx"
2025-08-23T11:37:10.024344Z  INFO tailwindcss_oxide::scanner: Reading "/Users/kdoc/github/kdoc/entities/user/model/types.ts"
2025-08-23T11:37:10.024360Z  INFO tailwindcss_oxide::scanner: Reading "/Users/kdoc/github/kdoc/entities/home/model/types.ts"
2025-08-23T11:37:10.024385Z  INFO tailwindcss_oxide::scanner: Reading "/Users/kdoc/github/kdoc/widgets/infrastructure-diagram/index.ts"
2025-08-23T11:37:10.024451Z  INFO extract_candidates:read_all_files: tailwindcss_oxide::scanner: exit
2025-08-23T11:37:10.024456Z  INFO extract_candidates:parse_all_blobs: tailwindcss_oxide::scanner: enter
2025-08-23T11:37:10.024459Z  INFO extract_candidates:parse_all_blobs:extract: tailwindcss_oxide::scanner: enter
2025-08-23T11:37:10.025564Z  INFO extract_candidates:parse_all_blobs:extract: tailwindcss_oxide::scanner: exit
2025-08-23T11:37:10.025577Z  INFO extract_candidates:parse_all_blobs: tailwindcss_oxide::scanner: exit
2025-08-23T11:37:10.025580Z  INFO extract_candidates:read_all_files: tailwindcss_oxide::scanner: enter
2025-08-23T11:37:10.025582Z  INFO extract_candidates:read_all_files: tailwindcss_oxide::scanner: Reading 1 file(s)
2025-08-23T11:37:10.025593Z  INFO extract_candidates:read_all_files: tailwindcss_oxide::scanner: Reading "/Users/kdoc/github/kdoc/app/globals.css"
2025-08-23T11:37:10.025596Z  INFO extract_candidates:read_all_files: tailwindcss_oxide::scanner: exit
2025-08-23T11:37:10.025598Z  INFO extract_candidates:extract_css_variables: tailwindcss_oxide::scanner: enter
2025-08-23T11:37:10.025599Z  INFO extract_candidates:extract_css_variables:extract: tailwindcss_oxide::scanner: enter
2025-08-23T11:37:10.025616Z  INFO extract_candidates:extract_css_variables:extract: tailwindcss_oxide::scanner: exit
2025-08-23T11:37:10.025653Z  INFO extract_candidates:extract_css_variables: tailwindcss_oxide::scanner: exit
2025-08-23T11:37:10.025979Z  INFO extract_candidates: tailwindcss_oxide::scanner: exit
2025-08-23T11:37:10.026462Z  INFO get_files: tailwindcss_oxide::scanner: enter
2025-08-23T11:37:10.026470Z  INFO get_files:scan_sources: tailwindcss_oxide::scanner: enter
2025-08-23T11:37:10.026777Z  INFO get_files:scan_sources: tailwindcss_oxide::scanner: Discovering "/Users/kdoc/github/kdoc/.cursor"
2025-08-23T11:37:10.026799Z  INFO get_files:scan_sources: tailwindcss_oxide::scanner: Discovering "/Users/kdoc/github/kdoc/.cursor/rules"
2025-08-23T11:37:10.026867Z  INFO get_files:scan_sources: tailwindcss_oxide::scanner: Discovering "/Users/kdoc/github/kdoc/app"
2025-08-23T11:37:10.026888Z  INFO get_files:scan_sources: tailwindcss_oxide::scanner: Discovering "/Users/kdoc/github/kdoc/app/infra"
2025-08-23T11:37:10.026912Z  INFO get_files:scan_sources: tailwindcss_oxide::scanner: Discovering "/Users/kdoc/github/kdoc/app/auth"
2025-08-23T11:37:10.026933Z  INFO get_files:scan_sources: tailwindcss_oxide::scanner: Discovering "/Users/kdoc/github/kdoc/app/api"
2025-08-23T11:37:10.026951Z  INFO get_files:scan_sources: tailwindcss_oxide::scanner: Discovering "/Users/kdoc/github/kdoc/app/api/auth"
2025-08-23T11:37:10.026967Z  INFO get_files:scan_sources: tailwindcss_oxide::scanner: Discovering "/Users/kdoc/github/kdoc/app/api/auth/line"
2025-08-23T11:37:10.026983Z  INFO get_files:scan_sources: tailwindcss_oxide::scanner: Discovering "/Users/kdoc/github/kdoc/app/api/auth/line/callback"
2025-08-23T11:37:10.027006Z  INFO get_files:scan_sources: tailwindcss_oxide::scanner: Discovering "/Users/kdoc/github/kdoc/app/api/notion"
2025-08-23T11:37:10.027021Z  INFO get_files:scan_sources: tailwindcss_oxide::scanner: Discovering "/Users/kdoc/github/kdoc/app/api/notion/approval"
2025-08-23T11:37:10.027037Z  INFO get_files:scan_sources: tailwindcss_oxide::scanner: Discovering "/Users/kdoc/github/kdoc/app/api/notion/approval/archive"
2025-08-23T11:37:10.027059Z  INFO get_files:scan_sources: tailwindcss_oxide::scanner: Discovering "/Users/kdoc/github/kdoc/app/api/notion/approval/archive/use-cases"
2025-08-23T11:37:10.027096Z  INFO get_files:scan_sources: tailwindcss_oxide::scanner: Discovering "/Users/kdoc/github/kdoc/app/api/notion/approval/archive/infrastructure"
2025-08-23T11:37:10.027112Z  INFO get_files:scan_sources: tailwindcss_oxide::scanner: Discovering "/Users/kdoc/github/kdoc/app/api/notion/approval/archive/infrastructure/repositories"
2025-08-23T11:37:10.027137Z  INFO get_files:scan_sources: tailwindcss_oxide::scanner: Discovering "/Users/kdoc/github/kdoc/app/api/notion/approval/archive/infrastructure/services"
2025-08-23T11:37:10.027169Z  INFO get_files:scan_sources: tailwindcss_oxide::scanner: Discovering "/Users/kdoc/github/kdoc/app/api/notion/approval/archive/entities"
2025-08-23T11:37:10.027206Z  INFO get_files:scan_sources: tailwindcss_oxide::scanner: Discovering "/Users/kdoc/github/kdoc/app/[lang]"
2025-08-23T11:37:10.027224Z  INFO get_files:scan_sources: tailwindcss_oxide::scanner: Discovering "/Users/kdoc/github/kdoc/app/[lang]/auth"
2025-08-23T11:37:10.027243Z  INFO get_files:scan_sources: tailwindcss_oxide::scanner: Discovering "/Users/kdoc/github/kdoc/app/[lang]/auth/email-login"
2025-08-23T11:37:10.027263Z  INFO get_files:scan_sources: tailwindcss_oxide::scanner: Discovering "/Users/kdoc/github/kdoc/app/[lang]/auth/phone-login"
2025-08-23T11:37:10.027283Z  INFO get_files:scan_sources: tailwindcss_oxide::scanner: Discovering "/Users/kdoc/github/kdoc/app/[lang]/auth/auth-code-error"
2025-08-23T11:37:10.027305Z  INFO get_files:scan_sources: tailwindcss_oxide::scanner: Discovering "/Users/kdoc/github/kdoc/app/[lang]/auth/confirm"
2025-08-23T11:37:10.027325Z  INFO get_files:scan_sources: tailwindcss_oxide::scanner: Discovering "/Users/kdoc/github/kdoc/app/[lang]/auth/reset-password"
2025-08-23T11:37:10.027345Z  INFO get_files:scan_sources: tailwindcss_oxide::scanner: Discovering "/Users/kdoc/github/kdoc/app/[lang]/auth/verify-phone"
2025-08-23T11:37:10.027364Z  INFO get_files:scan_sources: tailwindcss_oxide::scanner: Discovering "/Users/kdoc/github/kdoc/app/[lang]/auth/callback"
2025-08-23T11:37:10.027383Z  INFO get_files:scan_sources: tailwindcss_oxide::scanner: Discovering "/Users/kdoc/github/kdoc/app/[lang]/auth/confirm-email"
2025-08-23T11:37:10.027407Z  INFO get_files:scan_sources: tailwindcss_oxide::scanner: Discovering "/Users/kdoc/github/kdoc/app/[lang]/auth/login"
2025-08-23T11:37:10.027430Z  INFO get_files:scan_sources: tailwindcss_oxide::scanner: Discovering "/Users/kdoc/github/kdoc/app/[lang]/invite"
2025-08-23T11:37:10.027449Z  INFO get_files:scan_sources: tailwindcss_oxide::scanner: Discovering "/Users/kdoc/github/kdoc/app/[lang]/components"
2025-08-23T11:37:10.027468Z  INFO get_files:scan_sources: tailwindcss_oxide::scanner: Discovering "/Users/kdoc/github/kdoc/app/[lang]/dictionaries"
2025-08-23T11:37:10.027516Z  INFO get_files:scan_sources: tailwindcss_oxide::scanner: Discovering "/Users/kdoc/github/kdoc/features"
2025-08-23T11:37:10.027533Z  INFO get_files:scan_sources: tailwindcss_oxide::scanner: Discovering "/Users/kdoc/github/kdoc/features/email-auth"
2025-08-23T11:37:10.027550Z  INFO get_files:scan_sources: tailwindcss_oxide::scanner: Discovering "/Users/kdoc/github/kdoc/features/email-auth/ui"
2025-08-23T11:37:10.027575Z  INFO get_files:scan_sources: tailwindcss_oxide::scanner: Discovering "/Users/kdoc/github/kdoc/features/email-auth/model"
2025-08-23T11:37:10.027597Z  INFO get_files:scan_sources: tailwindcss_oxide::scanner: Discovering "/Users/kdoc/github/kdoc/features/google-auth"
2025-08-23T11:37:10.027614Z  INFO get_files:scan_sources: tailwindcss_oxide::scanner: Discovering "/Users/kdoc/github/kdoc/features/google-auth/ui"
2025-08-23T11:37:10.027637Z  INFO get_files:scan_sources: tailwindcss_oxide::scanner: Discovering "/Users/kdoc/github/kdoc/features/google-auth/model"
2025-08-23T11:37:10.027660Z  INFO get_files:scan_sources: tailwindcss_oxide::scanner: Discovering "/Users/kdoc/github/kdoc/features/phone-auth"
2025-08-23T11:37:10.027683Z  INFO get_files:scan_sources: tailwindcss_oxide::scanner: Discovering "/Users/kdoc/github/kdoc/features/phone-auth/ui"
2025-08-23T11:37:10.027704Z  INFO get_files:scan_sources: tailwindcss_oxide::scanner: Discovering "/Users/kdoc/github/kdoc/features/phone-auth/model"
2025-08-23T11:37:10.027726Z  INFO get_files:scan_sources: tailwindcss_oxide::scanner: Discovering "/Users/kdoc/github/kdoc/features/invitation-code"
2025-08-23T11:37:10.027741Z  INFO get_files:scan_sources: tailwindcss_oxide::scanner: Discovering "/Users/kdoc/github/kdoc/features/invitation-code/ui"
2025-08-23T11:37:10.027760Z  INFO get_files:scan_sources: tailwindcss_oxide::scanner: Discovering "/Users/kdoc/github/kdoc/features/invitation-code/model"
2025-08-23T11:37:10.027782Z  INFO get_files:scan_sources: tailwindcss_oxide::scanner: Discovering "/Users/kdoc/github/kdoc/features/facebook-auth"
2025-08-23T11:37:10.027798Z  INFO get_files:scan_sources: tailwindcss_oxide::scanner: Discovering "/Users/kdoc/github/kdoc/features/facebook-auth/ui"
2025-08-23T11:37:10.027817Z  INFO get_files:scan_sources: tailwindcss_oxide::scanner: Discovering "/Users/kdoc/github/kdoc/features/facebook-auth/model"
2025-08-23T11:37:10.027840Z  INFO get_files:scan_sources: tailwindcss_oxide::scanner: Discovering "/Users/kdoc/github/kdoc/features/invitation-swipe"
2025-08-23T11:37:10.027855Z  INFO get_files:scan_sources: tailwindcss_oxide::scanner: Discovering "/Users/kdoc/github/kdoc/features/invitation-swipe/ui"
2025-08-23T11:37:10.027873Z  INFO get_files:scan_sources: tailwindcss_oxide::scanner: Discovering "/Users/kdoc/github/kdoc/features/invitation-swipe/model"
2025-08-23T11:37:10.027896Z  INFO get_files:scan_sources: tailwindcss_oxide::scanner: Discovering "/Users/kdoc/github/kdoc/features/line-auth"
2025-08-23T11:37:10.027911Z  INFO get_files:scan_sources: tailwindcss_oxide::scanner: Discovering "/Users/kdoc/github/kdoc/features/line-auth/ui"
2025-08-23T11:37:10.027929Z  INFO get_files:scan_sources: tailwindcss_oxide::scanner: Discovering "/Users/kdoc/github/kdoc/features/line-auth/model"
2025-08-23T11:37:10.027952Z  INFO get_files:scan_sources: tailwindcss_oxide::scanner: Discovering "/Users/kdoc/github/kdoc/prisma"
2025-08-23T11:37:10.027969Z  INFO get_files:scan_sources: tailwindcss_oxide::scanner: Discovering "/Users/kdoc/github/kdoc/prisma/migrations"
2025-08-23T11:37:10.027990Z  INFO get_files:scan_sources: tailwindcss_oxide::scanner: Discovering "/Users/kdoc/github/kdoc/prisma/migrations/20250809063154_domain_init"
2025-08-23T11:37:10.028016Z  INFO get_files:scan_sources: tailwindcss_oxide::scanner: Discovering "/Users/kdoc/github/kdoc/prisma/migrations/20250809045613_init"
2025-08-23T11:37:10.028035Z  INFO get_files:scan_sources: tailwindcss_oxide::scanner: Discovering "/Users/kdoc/github/kdoc/prisma/migrations/20250809064000_credit_ledger"
2025-08-23T11:37:10.028056Z  INFO get_files:scan_sources: tailwindcss_oxide::scanner: Discovering "/Users/kdoc/github/kdoc/prisma/migrations/20250815150440_connect_profile_to_auth_users"
2025-08-23T11:37:10.028083Z  INFO get_files:scan_sources: tailwindcss_oxide::scanner: Discovering "/Users/kdoc/github/kdoc/shared"
2025-08-23T11:37:10.028098Z  INFO get_files:scan_sources: tailwindcss_oxide::scanner: Discovering "/Users/kdoc/github/kdoc/shared/ui"
2025-08-23T11:37:10.028116Z  INFO get_files:scan_sources: tailwindcss_oxide::scanner: Discovering "/Users/kdoc/github/kdoc/shared/ui/language-switcher"
2025-08-23T11:37:10.028138Z  INFO get_files:scan_sources: tailwindcss_oxide::scanner: Discovering "/Users/kdoc/github/kdoc/shared/ui/section"
2025-08-23T11:37:10.028160Z  INFO get_files:scan_sources: tailwindcss_oxide::scanner: Discovering "/Users/kdoc/github/kdoc/shared/ui/card"
2025-08-23T11:37:10.028181Z  INFO get_files:scan_sources: tailwindcss_oxide::scanner: Discovering "/Users/kdoc/github/kdoc/shared/ui/input"
2025-08-23T11:37:10.028200Z  INFO get_files:scan_sources: tailwindcss_oxide::scanner: Discovering "/Users/kdoc/github/kdoc/shared/ui/status-badge"
2025-08-23T11:37:10.028225Z  INFO get_files:scan_sources: tailwindcss_oxide::scanner: Discovering "/Users/kdoc/github/kdoc/shared/ui/connector-line"
2025-08-23T11:37:10.028252Z  INFO get_files:scan_sources: tailwindcss_oxide::scanner: Discovering "/Users/kdoc/github/kdoc/shared/ui/button"
2025-08-23T11:37:10.028285Z  INFO get_files:scan_sources: tailwindcss_oxide::scanner: Discovering "/Users/kdoc/github/kdoc/shared/ui/infra-card"
2025-08-23T11:37:10.028315Z  INFO get_files:scan_sources: tailwindcss_oxide::scanner: Discovering "/Users/kdoc/github/kdoc/shared/ui/icon"
2025-08-23T11:37:10.028332Z  INFO get_files:scan_sources: tailwindcss_oxide::scanner: Discovering "/Users/kdoc/github/kdoc/shared/ui/badge"
2025-08-23T11:37:10.028354Z  INFO get_files:scan_sources: tailwindcss_oxide::scanner: Discovering "/Users/kdoc/github/kdoc/shared/config"
2025-08-23T11:37:10.028379Z  INFO get_files:scan_sources: tailwindcss_oxide::scanner: Discovering "/Users/kdoc/github/kdoc/shared/model"
2025-08-23T11:37:10.028396Z  INFO get_files:scan_sources: tailwindcss_oxide::scanner: Discovering "/Users/kdoc/github/kdoc/shared/model/types"
2025-08-23T11:37:10.028421Z  INFO get_files:scan_sources: tailwindcss_oxide::scanner: Discovering "/Users/kdoc/github/kdoc/shared/lib"
2025-08-23T11:37:10.028441Z  INFO get_files:scan_sources: tailwindcss_oxide::scanner: Discovering "/Users/kdoc/github/kdoc/shared/lib/middleware"
2025-08-23T11:37:10.028457Z  INFO get_files:scan_sources: tailwindcss_oxide::scanner: Discovering "/Users/kdoc/github/kdoc/shared/lib/middleware/entities"
2025-08-23T11:37:10.028474Z  INFO get_files:scan_sources: tailwindcss_oxide::scanner: Discovering "/Users/kdoc/github/kdoc/shared/lib/locale"
2025-08-23T11:37:10.028496Z  INFO get_files:scan_sources: tailwindcss_oxide::scanner: Discovering "/Users/kdoc/github/kdoc/shared/lib/repositories"
2025-08-23T11:37:10.028518Z  INFO get_files:scan_sources: tailwindcss_oxide::scanner: Discovering "/Users/kdoc/github/kdoc/shared/lib/supabase"
2025-08-23T11:37:10.028551Z  INFO get_files:scan_sources: tailwindcss_oxide::scanner: Discovering "/Users/kdoc/github/kdoc/shared/lib/currency"
2025-08-23T11:37:10.028597Z  INFO get_files:scan_sources: tailwindcss_oxide::scanner: Discovering "/Users/kdoc/github/kdoc/public"
2025-08-23T11:37:10.028613Z  INFO get_files:scan_sources: tailwindcss_oxide::scanner: Discovering "/Users/kdoc/github/kdoc/public/infra"
2025-08-23T11:37:10.028665Z  INFO get_files:scan_sources: tailwindcss_oxide::scanner: Discovering "/Users/kdoc/github/kdoc/scripts"
2025-08-23T11:37:10.028700Z  INFO get_files:scan_sources: tailwindcss_oxide::scanner: Discovering "/Users/kdoc/github/kdoc/.vscode"
2025-08-23T11:37:10.028724Z  INFO get_files:scan_sources: tailwindcss_oxide::scanner: Discovering "/Users/kdoc/github/kdoc/widgets"
2025-08-23T11:37:10.028740Z  INFO get_files:scan_sources: tailwindcss_oxide::scanner: Discovering "/Users/kdoc/github/kdoc/widgets/infrastructure-diagram"
2025-08-23T11:37:10.028755Z  INFO get_files:scan_sources: tailwindcss_oxide::scanner: Discovering "/Users/kdoc/github/kdoc/widgets/infrastructure-diagram/ui"
2025-08-23T11:37:10.028786Z  INFO get_files:scan_sources: tailwindcss_oxide::scanner: Discovering "/Users/kdoc/github/kdoc/widgets/beauty-invitation"
2025-08-23T11:37:10.028802Z  INFO get_files:scan_sources: tailwindcss_oxide::scanner: Discovering "/Users/kdoc/github/kdoc/widgets/beauty-invitation/ui"
2025-08-23T11:37:10.028838Z  INFO get_files:scan_sources: tailwindcss_oxide::scanner: Discovering "/Users/kdoc/github/kdoc/widgets/beauty-invitation/model"
2025-08-23T11:37:10.028862Z  INFO get_files:scan_sources: tailwindcss_oxide::scanner: Discovering "/Users/kdoc/github/kdoc/widgets/user-profile"
2025-08-23T11:37:10.028876Z  INFO get_files:scan_sources: tailwindcss_oxide::scanner: Discovering "/Users/kdoc/github/kdoc/widgets/user-profile/ui"
2025-08-23T11:37:10.028899Z  INFO get_files:scan_sources: tailwindcss_oxide::scanner: Discovering "/Users/kdoc/github/kdoc/widgets/home-sections"
2025-08-23T11:37:10.028915Z  INFO get_files:scan_sources: tailwindcss_oxide::scanner: Discovering "/Users/kdoc/github/kdoc/widgets/home-sections/ui"
2025-08-23T11:37:10.028943Z  INFO get_files:scan_sources: tailwindcss_oxide::scanner: Discovering "/Users/kdoc/github/kdoc/entities"
2025-08-23T11:37:10.028958Z  INFO get_files:scan_sources: tailwindcss_oxide::scanner: Discovering "/Users/kdoc/github/kdoc/entities/home"
2025-08-23T11:37:10.028973Z  INFO get_files:scan_sources: tailwindcss_oxide::scanner: Discovering "/Users/kdoc/github/kdoc/entities/home/ui"
2025-08-23T11:37:10.028997Z  INFO get_files:scan_sources: tailwindcss_oxide::scanner: Discovering "/Users/kdoc/github/kdoc/entities/home/model"
2025-08-23T11:37:10.029018Z  INFO get_files:scan_sources: tailwindcss_oxide::scanner: Discovering "/Users/kdoc/github/kdoc/entities/user"
2025-08-23T11:37:10.029033Z  INFO get_files:scan_sources: tailwindcss_oxide::scanner: Discovering "/Users/kdoc/github/kdoc/entities/user/ui"
2025-08-23T11:37:10.029051Z  INFO get_files:scan_sources: tailwindcss_oxide::scanner: Discovering "/Users/kdoc/github/kdoc/entities/user/model"
2025-08-23T11:37:10.029076Z  INFO get_files:scan_sources: tailwindcss_oxide::scanner: Discovering "/Users/kdoc/github/kdoc/entities/infrastructure"
2025-08-23T11:37:10.029091Z  INFO get_files:scan_sources: tailwindcss_oxide::scanner: Discovering "/Users/kdoc/github/kdoc/entities/infrastructure/model"
2025-08-23T11:37:10.029116Z  INFO get_files:scan_sources: tailwindcss_oxide::scanner: Discovering "/Users/kdoc/github/kdoc/entities/invitation"
2025-08-23T11:37:10.029131Z  INFO get_files:scan_sources: tailwindcss_oxide::scanner: Discovering "/Users/kdoc/github/kdoc/entities/invitation/ui"
2025-08-23T11:37:10.029153Z  INFO get_files:scan_sources: tailwindcss_oxide::scanner: Discovering "/Users/kdoc/github/kdoc/entities/invitation/model"
2025-08-23T11:37:10.029196Z  INFO get_files:scan_sources: tailwindcss_oxide::scanner: exit
2025-08-23T11:37:10.029280Z  INFO get_files: tailwindcss_oxide::scanner: exit
2025-08-23T11:37:10.029491Z  INFO get_globs: tailwindcss_oxide::scanner: enter
2025-08-23T11:37:10.029495Z  INFO get_globs:scan_sources: tailwindcss_oxide::scanner: enter
2025-08-23T11:37:10.029776Z  INFO get_globs:scan_sources: tailwindcss_oxide::scanner: Discovering "/Users/kdoc/github/kdoc/.cursor"
2025-08-23T11:37:10.029797Z  INFO get_globs:scan_sources: tailwindcss_oxide::scanner: Discovering "/Users/kdoc/github/kdoc/.cursor/rules"
2025-08-23T11:37:10.029866Z  INFO get_globs:scan_sources: tailwindcss_oxide::scanner: Discovering "/Users/kdoc/github/kdoc/app"
2025-08-23T11:37:10.029885Z  INFO get_globs:scan_sources: tailwindcss_oxide::scanner: Discovering "/Users/kdoc/github/kdoc/app/infra"
2025-08-23T11:37:10.029907Z  INFO get_globs:scan_sources: tailwindcss_oxide::scanner: Discovering "/Users/kdoc/github/kdoc/app/auth"
2025-08-23T11:37:10.029926Z  INFO get_globs:scan_sources: tailwindcss_oxide::scanner: Discovering "/Users/kdoc/github/kdoc/app/api"
2025-08-23T11:37:10.029941Z  INFO get_globs:scan_sources: tailwindcss_oxide::scanner: Discovering "/Users/kdoc/github/kdoc/app/api/auth"
2025-08-23T11:37:10.029957Z  INFO get_globs:scan_sources: tailwindcss_oxide::scanner: Discovering "/Users/kdoc/github/kdoc/app/api/auth/line"
2025-08-23T11:37:10.029973Z  INFO get_globs:scan_sources: tailwindcss_oxide::scanner: Discovering "/Users/kdoc/github/kdoc/app/api/auth/line/callback"
2025-08-23T11:37:10.029994Z  INFO get_globs:scan_sources: tailwindcss_oxide::scanner: Discovering "/Users/kdoc/github/kdoc/app/api/notion"
2025-08-23T11:37:10.030009Z  INFO get_globs:scan_sources: tailwindcss_oxide::scanner: Discovering "/Users/kdoc/github/kdoc/app/api/notion/approval"
2025-08-23T11:37:10.030025Z  INFO get_globs:scan_sources: tailwindcss_oxide::scanner: Discovering "/Users/kdoc/github/kdoc/app/api/notion/approval/archive"
2025-08-23T11:37:10.030045Z  INFO get_globs:scan_sources: tailwindcss_oxide::scanner: Discovering "/Users/kdoc/github/kdoc/app/api/notion/approval/archive/use-cases"
2025-08-23T11:37:10.030083Z  INFO get_globs:scan_sources: tailwindcss_oxide::scanner: Discovering "/Users/kdoc/github/kdoc/app/api/notion/approval/archive/infrastructure"
2025-08-23T11:37:10.030099Z  INFO get_globs:scan_sources: tailwindcss_oxide::scanner: Discovering "/Users/kdoc/github/kdoc/app/api/notion/approval/archive/infrastructure/repositories"
2025-08-23T11:37:10.030123Z  INFO get_globs:scan_sources: tailwindcss_oxide::scanner: Discovering "/Users/kdoc/github/kdoc/app/api/notion/approval/archive/infrastructure/services"
2025-08-23T11:37:10.030154Z  INFO get_globs:scan_sources: tailwindcss_oxide::scanner: Discovering "/Users/kdoc/github/kdoc/app/api/notion/approval/archive/entities"
2025-08-23T11:37:10.030190Z  INFO get_globs:scan_sources: tailwindcss_oxide::scanner: Discovering "/Users/kdoc/github/kdoc/app/[lang]"
2025-08-23T11:37:10.030206Z  INFO get_globs:scan_sources: tailwindcss_oxide::scanner: Discovering "/Users/kdoc/github/kdoc/app/[lang]/auth"
2025-08-23T11:37:10.030223Z  INFO get_globs:scan_sources: tailwindcss_oxide::scanner: Discovering "/Users/kdoc/github/kdoc/app/[lang]/auth/email-login"
2025-08-23T11:37:10.030243Z  INFO get_globs:scan_sources: tailwindcss_oxide::scanner: Discovering "/Users/kdoc/github/kdoc/app/[lang]/auth/phone-login"
2025-08-23T11:37:10.030262Z  INFO get_globs:scan_sources: tailwindcss_oxide::scanner: Discovering "/Users/kdoc/github/kdoc/app/[lang]/auth/auth-code-error"
2025-08-23T11:37:10.030280Z  INFO get_globs:scan_sources: tailwindcss_oxide::scanner: Discovering "/Users/kdoc/github/kdoc/app/[lang]/auth/confirm"
2025-08-23T11:37:10.030298Z  INFO get_globs:scan_sources: tailwindcss_oxide::scanner: Discovering "/Users/kdoc/github/kdoc/app/[lang]/auth/reset-password"
2025-08-23T11:37:10.030317Z  INFO get_globs:scan_sources: tailwindcss_oxide::scanner: Discovering "/Users/kdoc/github/kdoc/app/[lang]/auth/verify-phone"
2025-08-23T11:37:10.030334Z  INFO get_globs:scan_sources: tailwindcss_oxide::scanner: Discovering "/Users/kdoc/github/kdoc/app/[lang]/auth/callback"
2025-08-23T11:37:10.030352Z  INFO get_globs:scan_sources: tailwindcss_oxide::scanner: Discovering "/Users/kdoc/github/kdoc/app/[lang]/auth/confirm-email"
2025-08-23T11:37:10.030370Z  INFO get_globs:scan_sources: tailwindcss_oxide::scanner: Discovering "/Users/kdoc/github/kdoc/app/[lang]/auth/login"
2025-08-23T11:37:10.030392Z  INFO get_globs:scan_sources: tailwindcss_oxide::scanner: Discovering "/Users/kdoc/github/kdoc/app/[lang]/invite"
2025-08-23T11:37:10.030417Z  INFO get_globs:scan_sources: tailwindcss_oxide::scanner: Discovering "/Users/kdoc/github/kdoc/app/[lang]/components"
2025-08-23T11:37:10.030436Z  INFO get_globs:scan_sources: tailwindcss_oxide::scanner: Discovering "/Users/kdoc/github/kdoc/app/[lang]/dictionaries"
2025-08-23T11:37:10.030482Z  INFO get_globs:scan_sources: tailwindcss_oxide::scanner: Discovering "/Users/kdoc/github/kdoc/features"
2025-08-23T11:37:10.030499Z  INFO get_globs:scan_sources: tailwindcss_oxide::scanner: Discovering "/Users/kdoc/github/kdoc/features/email-auth"
2025-08-23T11:37:10.030514Z  INFO get_globs:scan_sources: tailwindcss_oxide::scanner: Discovering "/Users/kdoc/github/kdoc/features/email-auth/ui"
2025-08-23T11:37:10.030538Z  INFO get_globs:scan_sources: tailwindcss_oxide::scanner: Discovering "/Users/kdoc/github/kdoc/features/email-auth/model"
2025-08-23T11:37:10.030560Z  INFO get_globs:scan_sources: tailwindcss_oxide::scanner: Discovering "/Users/kdoc/github/kdoc/features/google-auth"
2025-08-23T11:37:10.030575Z  INFO get_globs:scan_sources: tailwindcss_oxide::scanner: Discovering "/Users/kdoc/github/kdoc/features/google-auth/ui"
2025-08-23T11:37:10.030598Z  INFO get_globs:scan_sources: tailwindcss_oxide::scanner: Discovering "/Users/kdoc/github/kdoc/features/google-auth/model"
2025-08-23T11:37:10.030620Z  INFO get_globs:scan_sources: tailwindcss_oxide::scanner: Discovering "/Users/kdoc/github/kdoc/features/phone-auth"
2025-08-23T11:37:10.030635Z  INFO get_globs:scan_sources: tailwindcss_oxide::scanner: Discovering "/Users/kdoc/github/kdoc/features/phone-auth/ui"
2025-08-23T11:37:10.030657Z  INFO get_globs:scan_sources: tailwindcss_oxide::scanner: Discovering "/Users/kdoc/github/kdoc/features/phone-auth/model"
2025-08-23T11:37:10.030679Z  INFO get_globs:scan_sources: tailwindcss_oxide::scanner: Discovering "/Users/kdoc/github/kdoc/features/invitation-code"
2025-08-23T11:37:10.030694Z  INFO get_globs:scan_sources: tailwindcss_oxide::scanner: Discovering "/Users/kdoc/github/kdoc/features/invitation-code/ui"
2025-08-23T11:37:10.030712Z  INFO get_globs:scan_sources: tailwindcss_oxide::scanner: Discovering "/Users/kdoc/github/kdoc/features/invitation-code/model"
2025-08-23T11:37:10.030735Z  INFO get_globs:scan_sources: tailwindcss_oxide::scanner: Discovering "/Users/kdoc/github/kdoc/features/facebook-auth"
2025-08-23T11:37:10.030750Z  INFO get_globs:scan_sources: tailwindcss_oxide::scanner: Discovering "/Users/kdoc/github/kdoc/features/facebook-auth/ui"
2025-08-23T11:37:10.030768Z  INFO get_globs:scan_sources: tailwindcss_oxide::scanner: Discovering "/Users/kdoc/github/kdoc/features/facebook-auth/model"
2025-08-23T11:37:10.030790Z  INFO get_globs:scan_sources: tailwindcss_oxide::scanner: Discovering "/Users/kdoc/github/kdoc/features/invitation-swipe"
2025-08-23T11:37:10.030805Z  INFO get_globs:scan_sources: tailwindcss_oxide::scanner: Discovering "/Users/kdoc/github/kdoc/features/invitation-swipe/ui"
2025-08-23T11:37:10.030823Z  INFO get_globs:scan_sources: tailwindcss_oxide::scanner: Discovering "/Users/kdoc/github/kdoc/features/invitation-swipe/model"
2025-08-23T11:37:10.030845Z  INFO get_globs:scan_sources: tailwindcss_oxide::scanner: Discovering "/Users/kdoc/github/kdoc/features/line-auth"
2025-08-23T11:37:10.030859Z  INFO get_globs:scan_sources: tailwindcss_oxide::scanner: Discovering "/Users/kdoc/github/kdoc/features/line-auth/ui"
2025-08-23T11:37:10.030877Z  INFO get_globs:scan_sources: tailwindcss_oxide::scanner: Discovering "/Users/kdoc/github/kdoc/features/line-auth/model"
2025-08-23T11:37:10.030901Z  INFO get_globs:scan_sources: tailwindcss_oxide::scanner: Discovering "/Users/kdoc/github/kdoc/prisma"
2025-08-23T11:37:10.030916Z  INFO get_globs:scan_sources: tailwindcss_oxide::scanner: Discovering "/Users/kdoc/github/kdoc/prisma/migrations"
2025-08-23T11:37:10.030934Z  INFO get_globs:scan_sources: tailwindcss_oxide::scanner: Discovering "/Users/kdoc/github/kdoc/prisma/migrations/20250809063154_domain_init"
2025-08-23T11:37:10.030959Z  INFO get_globs:scan_sources: tailwindcss_oxide::scanner: Discovering "/Users/kdoc/github/kdoc/prisma/migrations/20250809045613_init"
2025-08-23T11:37:10.030981Z  INFO get_globs:scan_sources: tailwindcss_oxide::scanner: Discovering "/Users/kdoc/github/kdoc/prisma/migrations/20250809064000_credit_ledger"
2025-08-23T11:37:10.031000Z  INFO get_globs:scan_sources: tailwindcss_oxide::scanner: Discovering "/Users/kdoc/github/kdoc/prisma/migrations/20250815150440_connect_profile_to_auth_users"
2025-08-23T11:37:10.031024Z  INFO get_globs:scan_sources: tailwindcss_oxide::scanner: Discovering "/Users/kdoc/github/kdoc/shared"
2025-08-23T11:37:10.031040Z  INFO get_globs:scan_sources: tailwindcss_oxide::scanner: Discovering "/Users/kdoc/github/kdoc/shared/ui"
2025-08-23T11:37:10.031056Z  INFO get_globs:scan_sources: tailwindcss_oxide::scanner: Discovering "/Users/kdoc/github/kdoc/shared/ui/language-switcher"
2025-08-23T11:37:10.031077Z  INFO get_globs:scan_sources: tailwindcss_oxide::scanner: Discovering "/Users/kdoc/github/kdoc/shared/ui/section"
2025-08-23T11:37:10.031097Z  INFO get_globs:scan_sources: tailwindcss_oxide::scanner: Discovering "/Users/kdoc/github/kdoc/shared/ui/card"
2025-08-23T11:37:10.031117Z  INFO get_globs:scan_sources: tailwindcss_oxide::scanner: Discovering "/Users/kdoc/github/kdoc/shared/ui/input"
2025-08-23T11:37:10.031134Z  INFO get_globs:scan_sources: tailwindcss_oxide::scanner: Discovering "/Users/kdoc/github/kdoc/shared/ui/status-badge"
2025-08-23T11:37:10.031154Z  INFO get_globs:scan_sources: tailwindcss_oxide::scanner: Discovering "/Users/kdoc/github/kdoc/shared/ui/connector-line"
2025-08-23T11:37:10.031175Z  INFO get_globs:scan_sources: tailwindcss_oxide::scanner: Discovering "/Users/kdoc/github/kdoc/shared/ui/button"
2025-08-23T11:37:10.031195Z  INFO get_globs:scan_sources: tailwindcss_oxide::scanner: Discovering "/Users/kdoc/github/kdoc/shared/ui/infra-card"
2025-08-23T11:37:10.031215Z  INFO get_globs:scan_sources: tailwindcss_oxide::scanner: Discovering "/Users/kdoc/github/kdoc/shared/ui/icon"
2025-08-23T11:37:10.031229Z  INFO get_globs:scan_sources: tailwindcss_oxide::scanner: Discovering "/Users/kdoc/github/kdoc/shared/ui/badge"
2025-08-23T11:37:10.031250Z  INFO get_globs:scan_sources: tailwindcss_oxide::scanner: Discovering "/Users/kdoc/github/kdoc/shared/config"
2025-08-23T11:37:10.031272Z  INFO get_globs:scan_sources: tailwindcss_oxide::scanner: Discovering "/Users/kdoc/github/kdoc/shared/model"
2025-08-23T11:37:10.031286Z  INFO get_globs:scan_sources: tailwindcss_oxide::scanner: Discovering "/Users/kdoc/github/kdoc/shared/model/types"
2025-08-23T11:37:10.031309Z  INFO get_globs:scan_sources: tailwindcss_oxide::scanner: Discovering "/Users/kdoc/github/kdoc/shared/lib"
2025-08-23T11:37:10.031327Z  INFO get_globs:scan_sources: tailwindcss_oxide::scanner: Discovering "/Users/kdoc/github/kdoc/shared/lib/middleware"
2025-08-23T11:37:10.031341Z  INFO get_globs:scan_sources: tailwindcss_oxide::scanner: Discovering "/Users/kdoc/github/kdoc/shared/lib/middleware/entities"
2025-08-23T11:37:10.031356Z  INFO get_globs:scan_sources: tailwindcss_oxide::scanner: Discovering "/Users/kdoc/github/kdoc/shared/lib/locale"
2025-08-23T11:37:10.031384Z  INFO get_globs:scan_sources: tailwindcss_oxide::scanner: Discovering "/Users/kdoc/github/kdoc/shared/lib/repositories"
2025-08-23T11:37:10.031404Z  INFO get_globs:scan_sources: tailwindcss_oxide::scanner: Discovering "/Users/kdoc/github/kdoc/shared/lib/supabase"
2025-08-23T11:37:10.031433Z  INFO get_globs:scan_sources: tailwindcss_oxide::scanner: Discovering "/Users/kdoc/github/kdoc/shared/lib/currency"
2025-08-23T11:37:10.031471Z  INFO get_globs:scan_sources: tailwindcss_oxide::scanner: Discovering "/Users/kdoc/github/kdoc/public"
2025-08-23T11:37:10.031486Z  INFO get_globs:scan_sources: tailwindcss_oxide::scanner: Discovering "/Users/kdoc/github/kdoc/public/infra"
2025-08-23T11:37:10.031530Z  INFO get_globs:scan_sources: tailwindcss_oxide::scanner: Discovering "/Users/kdoc/github/kdoc/scripts"
2025-08-23T11:37:10.031561Z  INFO get_globs:scan_sources: tailwindcss_oxide::scanner: Discovering "/Users/kdoc/github/kdoc/.vscode"
2025-08-23T11:37:10.031583Z  INFO get_globs:scan_sources: tailwindcss_oxide::scanner: Discovering "/Users/kdoc/github/kdoc/widgets"
2025-08-23T11:37:10.031598Z  INFO get_globs:scan_sources: tailwindcss_oxide::scanner: Discovering "/Users/kdoc/github/kdoc/widgets/infrastructure-diagram"
2025-08-23T11:37:10.031612Z  INFO get_globs:scan_sources: tailwindcss_oxide::scanner: Discovering "/Users/kdoc/github/kdoc/widgets/infrastructure-diagram/ui"
2025-08-23T11:37:10.031641Z  INFO get_globs:scan_sources: tailwindcss_oxide::scanner: Discovering "/Users/kdoc/github/kdoc/widgets/beauty-invitation"
2025-08-23T11:37:10.031655Z  INFO get_globs:scan_sources: tailwindcss_oxide::scanner: Discovering "/Users/kdoc/github/kdoc/widgets/beauty-invitation/ui"
2025-08-23T11:37:10.031682Z  INFO get_globs:scan_sources: tailwindcss_oxide::scanner: Discovering "/Users/kdoc/github/kdoc/widgets/beauty-invitation/model"
2025-08-23T11:37:10.031703Z  INFO get_globs:scan_sources: tailwindcss_oxide::scanner: Discovering "/Users/kdoc/github/kdoc/widgets/user-profile"
2025-08-23T11:37:10.031716Z  INFO get_globs:scan_sources: tailwindcss_oxide::scanner: Discovering "/Users/kdoc/github/kdoc/widgets/user-profile/ui"
2025-08-23T11:37:10.031736Z  INFO get_globs:scan_sources: tailwindcss_oxide::scanner: Discovering "/Users/kdoc/github/kdoc/widgets/home-sections"
2025-08-23T11:37:10.031750Z  INFO get_globs:scan_sources: tailwindcss_oxide::scanner: Discovering "/Users/kdoc/github/kdoc/widgets/home-sections/ui"
2025-08-23T11:37:10.031776Z  INFO get_globs:scan_sources: tailwindcss_oxide::scanner: Discovering "/Users/kdoc/github/kdoc/entities"
2025-08-23T11:37:10.031789Z  INFO get_globs:scan_sources: tailwindcss_oxide::scanner: Discovering "/Users/kdoc/github/kdoc/entities/home"
2025-08-23T11:37:10.031803Z  INFO get_globs:scan_sources: tailwindcss_oxide::scanner: Discovering "/Users/kdoc/github/kdoc/entities/home/ui"
2025-08-23T11:37:10.031824Z  INFO get_globs:scan_sources: tailwindcss_oxide::scanner: Discovering "/Users/kdoc/github/kdoc/entities/home/model"
2025-08-23T11:37:10.031843Z  INFO get_globs:scan_sources: tailwindcss_oxide::scanner: Discovering "/Users/kdoc/github/kdoc/entities/user"
2025-08-23T11:37:10.031857Z  INFO get_globs:scan_sources: tailwindcss_oxide::scanner: Discovering "/Users/kdoc/github/kdoc/entities/user/ui"
2025-08-23T11:37:10.031873Z  INFO get_globs:scan_sources: tailwindcss_oxide::scanner: Discovering "/Users/kdoc/github/kdoc/entities/user/model"
2025-08-23T11:37:10.031895Z  INFO get_globs:scan_sources: tailwindcss_oxide::scanner: Discovering "/Users/kdoc/github/kdoc/entities/infrastructure"
2025-08-23T11:37:10.031909Z  INFO get_globs:scan_sources: tailwindcss_oxide::scanner: Discovering "/Users/kdoc/github/kdoc/entities/infrastructure/model"
2025-08-23T11:37:10.031931Z  INFO get_globs:scan_sources: tailwindcss_oxide::scanner: Discovering "/Users/kdoc/github/kdoc/entities/invitation"
2025-08-23T11:37:10.031945Z  INFO get_globs:scan_sources: tailwindcss_oxide::scanner: Discovering "/Users/kdoc/github/kdoc/entities/invitation/ui"
2025-08-23T11:37:10.031964Z  INFO get_globs:scan_sources: tailwindcss_oxide::scanner: Discovering "/Users/kdoc/github/kdoc/entities/invitation/model"
2025-08-23T11:37:10.032004Z  INFO get_globs:scan_sources: tailwindcss_oxide::scanner: exit
2025-08-23T11:37:10.033746Z  INFO get_globs: tailwindcss_oxide::scanner: exit
