2025-08-23T13:19:00.046747Z  INFO tailwindcss_oxide::scanner: Provided sources:
2025-08-23T13:19:00.047046Z  INFO tailwindcss_oxide::scanner: Source: PublicSourceEntry { base: "/Users/kdoc/github/kdoc", pattern: "**/*", negated: false }
2025-08-23T13:19:00.047479Z  INFO tailwindcss_oxide::scanner: Optimized sources:
2025-08-23T13:19:00.047483Z  INFO tailwindcss_oxide::scanner: Source: Auto { base: "/Users/kdoc/github/kdoc" }
2025-08-23T13:19:00.050103Z  INFO scan_sources: tailwindcss_oxide::scanner: enter
2025-08-23T13:19:00.050988Z  INFO scan_sources: tailwindcss_oxide::scanner: Discovering "/Users/kdoc/github/kdoc/middleware.ts"
2025-08-23T13:19:00.051016Z  INFO scan_sources: tailwindcss_oxide::scanner: Discovering "/Users/kdoc/github/kdoc/.cursor"
2025-08-23T13:19:00.051044Z  INFO scan_sources: tailwindcss_oxide::scanner: Discovering "/Users/kdoc/github/kdoc/.cursor/rules"
2025-08-23T13:19:00.051062Z  INFO scan_sources: tailwindcss_oxide::scanner: Discovering "/Users/kdoc/github/kdoc/.cursor/rules/backend-architecture.mdc"
2025-08-23T13:19:00.051071Z  INFO scan_sources: tailwindcss_oxide::scanner: Discovering "/Users/kdoc/github/kdoc/.cursor/rules/nextjs.mdc"
2025-08-23T13:19:00.051079Z  INFO scan_sources: tailwindcss_oxide::scanner: Discovering "/Users/kdoc/github/kdoc/.cursor/rules/architecture.mdc"
2025-08-23T13:19:00.051086Z  INFO scan_sources: tailwindcss_oxide::scanner: Discovering "/Users/kdoc/github/kdoc/.cursor/rules/style.mdc"
2025-08-23T13:19:00.051183Z  INFO scan_sources: tailwindcss_oxide::scanner: Discovering "/Users/kdoc/github/kdoc/app"
2025-08-23T13:19:00.051209Z  INFO scan_sources: tailwindcss_oxide::scanner: Discovering "/Users/kdoc/github/kdoc/app/infra"
2025-08-23T13:19:00.051224Z  INFO scan_sources: tailwindcss_oxide::scanner: Discovering "/Users/kdoc/github/kdoc/app/infra/page.tsx"
2025-08-23T13:19:00.051234Z  INFO scan_sources: tailwindcss_oxide::scanner: Discovering "/Users/kdoc/github/kdoc/app/layout.tsx"
2025-08-23T13:19:00.051250Z  INFO scan_sources: tailwindcss_oxide::scanner: Discovering "/Users/kdoc/github/kdoc/app/api"
2025-08-23T13:19:00.051275Z  INFO scan_sources: tailwindcss_oxide::scanner: Discovering "/Users/kdoc/github/kdoc/app/api/notion"
2025-08-23T13:19:00.051298Z  INFO scan_sources: tailwindcss_oxide::scanner: Discovering "/Users/kdoc/github/kdoc/app/api/notion/approval"
2025-08-23T13:19:00.051321Z  INFO scan_sources: tailwindcss_oxide::scanner: Discovering "/Users/kdoc/github/kdoc/app/api/notion/approval/archive"
2025-08-23T13:19:00.051335Z  INFO scan_sources: tailwindcss_oxide::scanner: Discovering "/Users/kdoc/github/kdoc/app/api/notion/approval/archive/container.ts"
2025-08-23T13:19:00.051351Z  INFO scan_sources: tailwindcss_oxide::scanner: Discovering "/Users/kdoc/github/kdoc/app/api/notion/approval/archive/use-cases"
2025-08-23T13:19:00.051365Z  INFO scan_sources: tailwindcss_oxide::scanner: Discovering "/Users/kdoc/github/kdoc/app/api/notion/approval/archive/use-cases/scan-and-archive.ts"
2025-08-23T13:19:00.051372Z  INFO scan_sources: tailwindcss_oxide::scanner: Discovering "/Users/kdoc/github/kdoc/app/api/notion/approval/archive/use-cases/archive-page.ts"
2025-08-23T13:19:00.051379Z  INFO scan_sources: tailwindcss_oxide::scanner: Discovering "/Users/kdoc/github/kdoc/app/api/notion/approval/archive/use-cases/process-webhook.ts"
2025-08-23T13:19:00.051385Z  INFO scan_sources: tailwindcss_oxide::scanner: Discovering "/Users/kdoc/github/kdoc/app/api/notion/approval/archive/use-cases/index.ts"
2025-08-23T13:19:00.051392Z  INFO scan_sources: tailwindcss_oxide::scanner: Discovering "/Users/kdoc/github/kdoc/app/api/notion/approval/archive/use-cases/interfaces.ts"
2025-08-23T13:19:00.051399Z  INFO scan_sources: tailwindcss_oxide::scanner: Discovering "/Users/kdoc/github/kdoc/app/api/notion/approval/archive/route.ts"
2025-08-23T13:19:00.051414Z  INFO scan_sources: tailwindcss_oxide::scanner: Discovering "/Users/kdoc/github/kdoc/app/api/notion/approval/archive/infrastructure"
2025-08-23T13:19:00.051435Z  INFO scan_sources: tailwindcss_oxide::scanner: Discovering "/Users/kdoc/github/kdoc/app/api/notion/approval/archive/infrastructure/repositories"
2025-08-23T13:19:00.051453Z  INFO scan_sources: tailwindcss_oxide::scanner: Discovering "/Users/kdoc/github/kdoc/app/api/notion/approval/archive/infrastructure/repositories/notion-page-repository.ts"
2025-08-23T13:19:00.051459Z  INFO scan_sources: tailwindcss_oxide::scanner: Discovering "/Users/kdoc/github/kdoc/app/api/notion/approval/archive/infrastructure/repositories/index.ts"
2025-08-23T13:19:00.051475Z  INFO scan_sources: tailwindcss_oxide::scanner: Discovering "/Users/kdoc/github/kdoc/app/api/notion/approval/archive/infrastructure/services"
2025-08-23T13:19:00.051489Z  INFO scan_sources: tailwindcss_oxide::scanner: Discovering "/Users/kdoc/github/kdoc/app/api/notion/approval/archive/infrastructure/services/notion-client-factory.ts"
2025-08-23T13:19:00.051495Z  INFO scan_sources: tailwindcss_oxide::scanner: Discovering "/Users/kdoc/github/kdoc/app/api/notion/approval/archive/infrastructure/services/notion-client-service.ts"
2025-08-23T13:19:00.051501Z  INFO scan_sources: tailwindcss_oxide::scanner: Discovering "/Users/kdoc/github/kdoc/app/api/notion/approval/archive/infrastructure/services/logger-service.ts"
2025-08-23T13:19:00.051508Z  INFO scan_sources: tailwindcss_oxide::scanner: Discovering "/Users/kdoc/github/kdoc/app/api/notion/approval/archive/infrastructure/services/index.ts"
2025-08-23T13:19:00.051525Z  INFO scan_sources: tailwindcss_oxide::scanner: Discovering "/Users/kdoc/github/kdoc/app/api/notion/approval/archive/entities"
2025-08-23T13:19:00.051537Z  INFO scan_sources: tailwindcss_oxide::scanner: Discovering "/Users/kdoc/github/kdoc/app/api/notion/approval/archive/entities/archive-request.ts"
2025-08-23T13:19:00.051543Z  INFO scan_sources: tailwindcss_oxide::scanner: Discovering "/Users/kdoc/github/kdoc/app/api/notion/approval/archive/entities/errors.ts"
2025-08-23T13:19:00.051549Z  INFO scan_sources: tailwindcss_oxide::scanner: Discovering "/Users/kdoc/github/kdoc/app/api/notion/approval/archive/entities/notion-page.ts"
2025-08-23T13:19:00.051555Z  INFO scan_sources: tailwindcss_oxide::scanner: Discovering "/Users/kdoc/github/kdoc/app/api/notion/approval/archive/entities/index.ts"
2025-08-23T13:19:00.051564Z  INFO scan_sources: tailwindcss_oxide::scanner: Discovering "/Users/kdoc/github/kdoc/app/globals.css"
2025-08-23T13:19:00.051578Z  INFO scan_sources: tailwindcss_oxide::scanner: Discovering "/Users/kdoc/github/kdoc/app/[lang]"
2025-08-23T13:19:00.051613Z  INFO scan_sources: tailwindcss_oxide::scanner: Discovering "/Users/kdoc/github/kdoc/app/[lang]/auth"
2025-08-23T13:19:00.051635Z  INFO scan_sources: tailwindcss_oxide::scanner: Discovering "/Users/kdoc/github/kdoc/app/[lang]/auth/email-login"
2025-08-23T13:19:00.051648Z  INFO scan_sources: tailwindcss_oxide::scanner: Discovering "/Users/kdoc/github/kdoc/app/[lang]/auth/email-login/page.tsx"
2025-08-23T13:19:00.051663Z  INFO scan_sources: tailwindcss_oxide::scanner: Discovering "/Users/kdoc/github/kdoc/app/[lang]/auth/phone-login"
2025-08-23T13:19:00.051675Z  INFO scan_sources: tailwindcss_oxide::scanner: Discovering "/Users/kdoc/github/kdoc/app/[lang]/auth/phone-login/page.tsx"
2025-08-23T13:19:00.051689Z  INFO scan_sources: tailwindcss_oxide::scanner: Discovering "/Users/kdoc/github/kdoc/app/[lang]/auth/auth-code-error"
2025-08-23T13:19:00.051701Z  INFO scan_sources: tailwindcss_oxide::scanner: Discovering "/Users/kdoc/github/kdoc/app/[lang]/auth/auth-code-error/page.tsx"
2025-08-23T13:19:00.051715Z  INFO scan_sources: tailwindcss_oxide::scanner: Discovering "/Users/kdoc/github/kdoc/app/[lang]/auth/confirm"
2025-08-23T13:19:00.051727Z  INFO scan_sources: tailwindcss_oxide::scanner: Discovering "/Users/kdoc/github/kdoc/app/[lang]/auth/confirm/route.ts"
2025-08-23T13:19:00.051742Z  INFO scan_sources: tailwindcss_oxide::scanner: Discovering "/Users/kdoc/github/kdoc/app/[lang]/auth/line"
2025-08-23T13:19:00.051762Z  INFO scan_sources: tailwindcss_oxide::scanner: Discovering "/Users/kdoc/github/kdoc/app/[lang]/auth/line/use-cases"
2025-08-23T13:19:00.051774Z  INFO scan_sources: tailwindcss_oxide::scanner: Discovering "/Users/kdoc/github/kdoc/app/[lang]/auth/line/use-cases/line-auth-use-case.ts"
2025-08-23T13:19:00.051783Z  INFO scan_sources: tailwindcss_oxide::scanner: Discovering "/Users/kdoc/github/kdoc/app/[lang]/auth/line/use-cases/index.ts"
2025-08-23T13:19:00.051798Z  INFO scan_sources: tailwindcss_oxide::scanner: Discovering "/Users/kdoc/github/kdoc/app/[lang]/auth/line/callback"
2025-08-23T13:19:00.051810Z  INFO scan_sources: tailwindcss_oxide::scanner: Discovering "/Users/kdoc/github/kdoc/app/[lang]/auth/line/callback/route.ts"
2025-08-23T13:19:00.051824Z  INFO scan_sources: tailwindcss_oxide::scanner: Discovering "/Users/kdoc/github/kdoc/app/[lang]/auth/line/infrastructure"
2025-08-23T13:19:00.051844Z  INFO scan_sources: tailwindcss_oxide::scanner: Discovering "/Users/kdoc/github/kdoc/app/[lang]/auth/line/infrastructure/services"
2025-08-23T13:19:00.051855Z  INFO scan_sources: tailwindcss_oxide::scanner: Discovering "/Users/kdoc/github/kdoc/app/[lang]/auth/line/infrastructure/services/line-api-service.ts"
2025-08-23T13:19:00.051861Z  INFO scan_sources: tailwindcss_oxide::scanner: Discovering "/Users/kdoc/github/kdoc/app/[lang]/auth/line/infrastructure/services/index.ts"
2025-08-23T13:19:00.051876Z  INFO scan_sources: tailwindcss_oxide::scanner: Discovering "/Users/kdoc/github/kdoc/app/[lang]/auth/line/entities"
2025-08-23T13:19:00.051887Z  INFO scan_sources: tailwindcss_oxide::scanner: Discovering "/Users/kdoc/github/kdoc/app/[lang]/auth/line/entities/line-auth.ts"
2025-08-23T13:19:00.051893Z  INFO scan_sources: tailwindcss_oxide::scanner: Discovering "/Users/kdoc/github/kdoc/app/[lang]/auth/line/entities/index.ts"
2025-08-23T13:19:00.051908Z  INFO scan_sources: tailwindcss_oxide::scanner: Discovering "/Users/kdoc/github/kdoc/app/[lang]/auth/reset-password"
2025-08-23T13:19:00.051918Z  INFO scan_sources: tailwindcss_oxide::scanner: Discovering "/Users/kdoc/github/kdoc/app/[lang]/auth/reset-password/page.tsx"
2025-08-23T13:19:00.051934Z  INFO scan_sources: tailwindcss_oxide::scanner: Discovering "/Users/kdoc/github/kdoc/app/[lang]/auth/verify-phone"
2025-08-23T13:19:00.051944Z  INFO scan_sources: tailwindcss_oxide::scanner: Discovering "/Users/kdoc/github/kdoc/app/[lang]/auth/verify-phone/page.tsx"
2025-08-23T13:19:00.051958Z  INFO scan_sources: tailwindcss_oxide::scanner: Discovering "/Users/kdoc/github/kdoc/app/[lang]/auth/callback"
2025-08-23T13:19:00.051970Z  INFO scan_sources: tailwindcss_oxide::scanner: Discovering "/Users/kdoc/github/kdoc/app/[lang]/auth/callback/route.ts"
2025-08-23T13:19:00.051986Z  INFO scan_sources: tailwindcss_oxide::scanner: Discovering "/Users/kdoc/github/kdoc/app/[lang]/auth/confirm-email"
2025-08-23T13:19:00.051997Z  INFO scan_sources: tailwindcss_oxide::scanner: Discovering "/Users/kdoc/github/kdoc/app/[lang]/auth/confirm-email/page.tsx"
2025-08-23T13:19:00.052013Z  INFO scan_sources: tailwindcss_oxide::scanner: Discovering "/Users/kdoc/github/kdoc/app/[lang]/auth/login"
2025-08-23T13:19:00.052024Z  INFO scan_sources: tailwindcss_oxide::scanner: Discovering "/Users/kdoc/github/kdoc/app/[lang]/auth/login/page.tsx"
2025-08-23T13:19:00.052033Z  INFO scan_sources: tailwindcss_oxide::scanner: Discovering "/Users/kdoc/github/kdoc/app/[lang]/dictionaries.ts"
2025-08-23T13:19:00.052047Z  INFO scan_sources: tailwindcss_oxide::scanner: Discovering "/Users/kdoc/github/kdoc/app/[lang]/invite"
2025-08-23T13:19:00.052058Z  INFO scan_sources: tailwindcss_oxide::scanner: Discovering "/Users/kdoc/github/kdoc/app/[lang]/invite/page.tsx"
2025-08-23T13:19:00.052073Z  INFO scan_sources: tailwindcss_oxide::scanner: Discovering "/Users/kdoc/github/kdoc/app/[lang]/components"
2025-08-23T13:19:00.052086Z  INFO scan_sources: tailwindcss_oxide::scanner: Discovering "/Users/kdoc/github/kdoc/app/[lang]/layout.tsx"
2025-08-23T13:19:00.052101Z  INFO scan_sources: tailwindcss_oxide::scanner: Discovering "/Users/kdoc/github/kdoc/app/[lang]/dictionaries"
2025-08-23T13:19:00.052113Z  INFO scan_sources: tailwindcss_oxide::scanner: Discovering "/Users/kdoc/github/kdoc/app/[lang]/dictionaries/en.json"
2025-08-23T13:19:00.052122Z  INFO scan_sources: tailwindcss_oxide::scanner: Discovering "/Users/kdoc/github/kdoc/app/[lang]/dictionaries/ko.json"
2025-08-23T13:19:00.052127Z  INFO scan_sources: tailwindcss_oxide::scanner: Discovering "/Users/kdoc/github/kdoc/app/[lang]/dictionaries/th.json"
2025-08-23T13:19:00.052134Z  INFO scan_sources: tailwindcss_oxide::scanner: Discovering "/Users/kdoc/github/kdoc/app/[lang]/page.tsx"
2025-08-23T13:19:00.052142Z  INFO scan_sources: tailwindcss_oxide::scanner: Discovering "/Users/kdoc/github/kdoc/postcss.config.mjs"
2025-08-23T13:19:00.052175Z  INFO scan_sources: tailwindcss_oxide::scanner: Discovering "/Users/kdoc/github/kdoc/features"
2025-08-23T13:19:00.052197Z  INFO scan_sources: tailwindcss_oxide::scanner: Discovering "/Users/kdoc/github/kdoc/features/email-auth"
2025-08-23T13:19:00.052219Z  INFO scan_sources: tailwindcss_oxide::scanner: Discovering "/Users/kdoc/github/kdoc/features/email-auth/ui"
2025-08-23T13:19:00.052232Z  INFO scan_sources: tailwindcss_oxide::scanner: Discovering "/Users/kdoc/github/kdoc/features/email-auth/ui/EmailLoginForm.tsx"
2025-08-23T13:19:00.052238Z  INFO scan_sources: tailwindcss_oxide::scanner: Discovering "/Users/kdoc/github/kdoc/features/email-auth/ui/PasswordResetForm.tsx"
2025-08-23T13:19:00.052254Z  INFO scan_sources: tailwindcss_oxide::scanner: Discovering "/Users/kdoc/github/kdoc/features/email-auth/model"
2025-08-23T13:19:00.052266Z  INFO scan_sources: tailwindcss_oxide::scanner: Discovering "/Users/kdoc/github/kdoc/features/email-auth/model/useEmailAuth.ts"
2025-08-23T13:19:00.052273Z  INFO scan_sources: tailwindcss_oxide::scanner: Discovering "/Users/kdoc/github/kdoc/features/email-auth/index.ts"
2025-08-23T13:19:00.052288Z  INFO scan_sources: tailwindcss_oxide::scanner: Discovering "/Users/kdoc/github/kdoc/features/google-auth"
2025-08-23T13:19:00.052309Z  INFO scan_sources: tailwindcss_oxide::scanner: Discovering "/Users/kdoc/github/kdoc/features/google-auth/ui"
2025-08-23T13:19:00.052321Z  INFO scan_sources: tailwindcss_oxide::scanner: Discovering "/Users/kdoc/github/kdoc/features/google-auth/ui/SignOutButton.tsx"
2025-08-23T13:19:00.052327Z  INFO scan_sources: tailwindcss_oxide::scanner: Discovering "/Users/kdoc/github/kdoc/features/google-auth/ui/GoogleSignInButton.tsx"
2025-08-23T13:19:00.052343Z  INFO scan_sources: tailwindcss_oxide::scanner: Discovering "/Users/kdoc/github/kdoc/features/google-auth/model"
2025-08-23T13:19:00.052355Z  INFO scan_sources: tailwindcss_oxide::scanner: Discovering "/Users/kdoc/github/kdoc/features/google-auth/model/useGoogleAuth.ts"
2025-08-23T13:19:00.052365Z  INFO scan_sources: tailwindcss_oxide::scanner: Discovering "/Users/kdoc/github/kdoc/features/google-auth/index.ts"
2025-08-23T13:19:00.052381Z  INFO scan_sources: tailwindcss_oxide::scanner: Discovering "/Users/kdoc/github/kdoc/features/phone-auth"
2025-08-23T13:19:00.052401Z  INFO scan_sources: tailwindcss_oxide::scanner: Discovering "/Users/kdoc/github/kdoc/features/phone-auth/ui"
2025-08-23T13:19:00.052413Z  INFO scan_sources: tailwindcss_oxide::scanner: Discovering "/Users/kdoc/github/kdoc/features/phone-auth/ui/PhoneLoginForm.tsx"
2025-08-23T13:19:00.052419Z  INFO scan_sources: tailwindcss_oxide::scanner: Discovering "/Users/kdoc/github/kdoc/features/phone-auth/ui/PhoneLoginButton.tsx"
2025-08-23T13:19:00.052426Z  INFO scan_sources: tailwindcss_oxide::scanner: Discovering "/Users/kdoc/github/kdoc/features/phone-auth/ui/PhoneVerificationForm.tsx"
2025-08-23T13:19:00.052441Z  INFO scan_sources: tailwindcss_oxide::scanner: Discovering "/Users/kdoc/github/kdoc/features/phone-auth/model"
2025-08-23T13:19:00.052453Z  INFO scan_sources: tailwindcss_oxide::scanner: Discovering "/Users/kdoc/github/kdoc/features/phone-auth/model/usePhoneAuth.ts"
2025-08-23T13:19:00.052460Z  INFO scan_sources: tailwindcss_oxide::scanner: Discovering "/Users/kdoc/github/kdoc/features/phone-auth/index.ts"
2025-08-23T13:19:00.052475Z  INFO scan_sources: tailwindcss_oxide::scanner: Discovering "/Users/kdoc/github/kdoc/features/auth"
2025-08-23T13:19:00.052496Z  INFO scan_sources: tailwindcss_oxide::scanner: Discovering "/Users/kdoc/github/kdoc/features/auth/ui"
2025-08-23T13:19:00.052512Z  INFO scan_sources: tailwindcss_oxide::scanner: Discovering "/Users/kdoc/github/kdoc/features/auth/ui/AuthPageHeader.tsx"
2025-08-23T13:19:00.052518Z  INFO scan_sources: tailwindcss_oxide::scanner: Discovering "/Users/kdoc/github/kdoc/features/auth/ui/AuthLinks.tsx"
2025-08-23T13:19:00.052524Z  INFO scan_sources: tailwindcss_oxide::scanner: Discovering "/Users/kdoc/github/kdoc/features/auth/ui/SocialLoginSection.tsx"
2025-08-23T13:19:00.052530Z  INFO scan_sources: tailwindcss_oxide::scanner: Discovering "/Users/kdoc/github/kdoc/features/auth/index.ts"
2025-08-23T13:19:00.052546Z  INFO scan_sources: tailwindcss_oxide::scanner: Discovering "/Users/kdoc/github/kdoc/features/invitation-code"
2025-08-23T13:19:00.052568Z  INFO scan_sources: tailwindcss_oxide::scanner: Discovering "/Users/kdoc/github/kdoc/features/invitation-code/ui"
2025-08-23T13:19:00.052581Z  INFO scan_sources: tailwindcss_oxide::scanner: Discovering "/Users/kdoc/github/kdoc/features/invitation-code/ui/InvitationCodeInput.tsx"
2025-08-23T13:19:00.052596Z  INFO scan_sources: tailwindcss_oxide::scanner: Discovering "/Users/kdoc/github/kdoc/features/invitation-code/model"
2025-08-23T13:19:00.052609Z  INFO scan_sources: tailwindcss_oxide::scanner: Discovering "/Users/kdoc/github/kdoc/features/invitation-code/model/useInvitationCode.ts"
2025-08-23T13:19:00.052617Z  INFO scan_sources: tailwindcss_oxide::scanner: Discovering "/Users/kdoc/github/kdoc/features/invitation-code/index.ts"
2025-08-23T13:19:00.052634Z  INFO scan_sources: tailwindcss_oxide::scanner: Discovering "/Users/kdoc/github/kdoc/features/facebook-auth"
2025-08-23T13:19:00.052656Z  INFO scan_sources: tailwindcss_oxide::scanner: Discovering "/Users/kdoc/github/kdoc/features/facebook-auth/ui"
2025-08-23T13:19:00.052678Z  INFO scan_sources: tailwindcss_oxide::scanner: Discovering "/Users/kdoc/github/kdoc/features/facebook-auth/ui/FacebookSignInButton.tsx"
2025-08-23T13:19:00.052711Z  INFO scan_sources: tailwindcss_oxide::scanner: Discovering "/Users/kdoc/github/kdoc/features/facebook-auth/model"
2025-08-23T13:19:00.052732Z  INFO scan_sources: tailwindcss_oxide::scanner: Discovering "/Users/kdoc/github/kdoc/features/facebook-auth/model/useFacebookAuth.ts"
2025-08-23T13:19:00.052742Z  INFO scan_sources: tailwindcss_oxide::scanner: Discovering "/Users/kdoc/github/kdoc/features/facebook-auth/index.ts"
2025-08-23T13:19:00.052762Z  INFO scan_sources: tailwindcss_oxide::scanner: Discovering "/Users/kdoc/github/kdoc/features/invitation-swipe"
2025-08-23T13:19:00.052787Z  INFO scan_sources: tailwindcss_oxide::scanner: Discovering "/Users/kdoc/github/kdoc/features/invitation-swipe/ui"
2025-08-23T13:19:00.052800Z  INFO scan_sources: tailwindcss_oxide::scanner: Discovering "/Users/kdoc/github/kdoc/features/invitation-swipe/ui/SwipeToOpen.tsx"
2025-08-23T13:19:00.052817Z  INFO scan_sources: tailwindcss_oxide::scanner: Discovering "/Users/kdoc/github/kdoc/features/invitation-swipe/model"
2025-08-23T13:19:00.052831Z  INFO scan_sources: tailwindcss_oxide::scanner: Discovering "/Users/kdoc/github/kdoc/features/invitation-swipe/model/useSwipeGesture.ts"
2025-08-23T13:19:00.052839Z  INFO scan_sources: tailwindcss_oxide::scanner: Discovering "/Users/kdoc/github/kdoc/features/invitation-swipe/index.ts"
2025-08-23T13:19:00.052856Z  INFO scan_sources: tailwindcss_oxide::scanner: Discovering "/Users/kdoc/github/kdoc/features/line-auth"
2025-08-23T13:19:00.052879Z  INFO scan_sources: tailwindcss_oxide::scanner: Discovering "/Users/kdoc/github/kdoc/features/line-auth/ui"
2025-08-23T13:19:00.052892Z  INFO scan_sources: tailwindcss_oxide::scanner: Discovering "/Users/kdoc/github/kdoc/features/line-auth/ui/LineSignInButton.tsx"
2025-08-23T13:19:00.052909Z  INFO scan_sources: tailwindcss_oxide::scanner: Discovering "/Users/kdoc/github/kdoc/features/line-auth/model"
2025-08-23T13:19:00.052921Z  INFO scan_sources: tailwindcss_oxide::scanner: Discovering "/Users/kdoc/github/kdoc/features/line-auth/model/useLineAuth.ts"
2025-08-23T13:19:00.052933Z  INFO scan_sources: tailwindcss_oxide::scanner: Discovering "/Users/kdoc/github/kdoc/features/line-auth/index.ts"
2025-08-23T13:19:00.052951Z  INFO scan_sources: tailwindcss_oxide::scanner: Discovering "/Users/kdoc/github/kdoc/prisma"
2025-08-23T13:19:00.052975Z  INFO scan_sources: tailwindcss_oxide::scanner: Discovering "/Users/kdoc/github/kdoc/prisma/migrations"
2025-08-23T13:19:00.053000Z  INFO scan_sources: tailwindcss_oxide::scanner: Discovering "/Users/kdoc/github/kdoc/prisma/migrations/20250809063154_domain_init"
2025-08-23T13:19:00.053017Z  INFO scan_sources: tailwindcss_oxide::scanner: Discovering "/Users/kdoc/github/kdoc/prisma/migrations/20250809063154_domain_init/migration.sql"
2025-08-23T13:19:00.053025Z  INFO scan_sources: tailwindcss_oxide::scanner: Discovering "/Users/kdoc/github/kdoc/prisma/migrations/migration_lock.toml"
2025-08-23T13:19:00.053041Z  INFO scan_sources: tailwindcss_oxide::scanner: Discovering "/Users/kdoc/github/kdoc/prisma/migrations/20250809045613_init"
2025-08-23T13:19:00.053053Z  INFO scan_sources: tailwindcss_oxide::scanner: Discovering "/Users/kdoc/github/kdoc/prisma/migrations/20250809045613_init/migration.sql"
2025-08-23T13:19:00.053069Z  INFO scan_sources: tailwindcss_oxide::scanner: Discovering "/Users/kdoc/github/kdoc/prisma/migrations/20250809064000_credit_ledger"
2025-08-23T13:19:00.053080Z  INFO scan_sources: tailwindcss_oxide::scanner: Discovering "/Users/kdoc/github/kdoc/prisma/migrations/20250809064000_credit_ledger/migration.sql"
2025-08-23T13:19:00.053096Z  INFO scan_sources: tailwindcss_oxide::scanner: Discovering "/Users/kdoc/github/kdoc/prisma/migrations/20250815150440_connect_profile_to_auth_users"
2025-08-23T13:19:00.053110Z  INFO scan_sources: tailwindcss_oxide::scanner: Discovering "/Users/kdoc/github/kdoc/prisma/schema.prisma"
2025-08-23T13:19:00.053116Z  INFO scan_sources: tailwindcss_oxide::scanner: Discovering "/Users/kdoc/github/kdoc/prisma/seed.ts"
2025-08-23T13:19:00.053130Z  INFO scan_sources: tailwindcss_oxide::scanner: Discovering "/Users/kdoc/github/kdoc/shared"
2025-08-23T13:19:00.053151Z  INFO scan_sources: tailwindcss_oxide::scanner: Discovering "/Users/kdoc/github/kdoc/shared/ui"
2025-08-23T13:19:00.053173Z  INFO scan_sources: tailwindcss_oxide::scanner: Discovering "/Users/kdoc/github/kdoc/shared/ui/language-switcher"
2025-08-23T13:19:00.053184Z  INFO scan_sources: tailwindcss_oxide::scanner: Discovering "/Users/kdoc/github/kdoc/shared/ui/language-switcher/index.ts"
2025-08-23T13:19:00.053190Z  INFO scan_sources: tailwindcss_oxide::scanner: Discovering "/Users/kdoc/github/kdoc/shared/ui/language-switcher/LanguageSwitcher.tsx"
2025-08-23T13:19:00.053205Z  INFO scan_sources: tailwindcss_oxide::scanner: Discovering "/Users/kdoc/github/kdoc/shared/ui/section"
2025-08-23T13:19:00.053216Z  INFO scan_sources: tailwindcss_oxide::scanner: Discovering "/Users/kdoc/github/kdoc/shared/ui/section/Section.tsx"
2025-08-23T13:19:00.053222Z  INFO scan_sources: tailwindcss_oxide::scanner: Discovering "/Users/kdoc/github/kdoc/shared/ui/section/index.ts"
2025-08-23T13:19:00.053236Z  INFO scan_sources: tailwindcss_oxide::scanner: Discovering "/Users/kdoc/github/kdoc/shared/ui/card"
2025-08-23T13:19:00.053247Z  INFO scan_sources: tailwindcss_oxide::scanner: Discovering "/Users/kdoc/github/kdoc/shared/ui/card/Card.tsx"
2025-08-23T13:19:00.053252Z  INFO scan_sources: tailwindcss_oxide::scanner: Discovering "/Users/kdoc/github/kdoc/shared/ui/card/AuthCard.tsx"
2025-08-23T13:19:00.053258Z  INFO scan_sources: tailwindcss_oxide::scanner: Discovering "/Users/kdoc/github/kdoc/shared/ui/card/index.ts"
2025-08-23T13:19:00.053278Z  INFO scan_sources: tailwindcss_oxide::scanner: Discovering "/Users/kdoc/github/kdoc/shared/ui/input"
2025-08-23T13:19:00.053292Z  INFO scan_sources: tailwindcss_oxide::scanner: Discovering "/Users/kdoc/github/kdoc/shared/ui/input/TextInput.tsx"
2025-08-23T13:19:00.053307Z  INFO scan_sources: tailwindcss_oxide::scanner: Discovering "/Users/kdoc/github/kdoc/shared/ui/status-badge"
2025-08-23T13:19:00.053321Z  INFO scan_sources: tailwindcss_oxide::scanner: Discovering "/Users/kdoc/github/kdoc/shared/ui/status-badge/StatusBadge.tsx"
2025-08-23T13:19:00.053330Z  INFO scan_sources: tailwindcss_oxide::scanner: Discovering "/Users/kdoc/github/kdoc/shared/ui/status-badge/index.ts"
2025-08-23T13:19:00.053346Z  INFO scan_sources: tailwindcss_oxide::scanner: Discovering "/Users/kdoc/github/kdoc/shared/ui/connector-line"
2025-08-23T13:19:00.053359Z  INFO scan_sources: tailwindcss_oxide::scanner: Discovering "/Users/kdoc/github/kdoc/shared/ui/connector-line/index.ts"
2025-08-23T13:19:00.053365Z  INFO scan_sources: tailwindcss_oxide::scanner: Discovering "/Users/kdoc/github/kdoc/shared/ui/connector-line/ConnectorLine.tsx"
2025-08-23T13:19:00.053381Z  INFO scan_sources: tailwindcss_oxide::scanner: Discovering "/Users/kdoc/github/kdoc/shared/ui/button"
2025-08-23T13:19:00.053393Z  INFO scan_sources: tailwindcss_oxide::scanner: Discovering "/Users/kdoc/github/kdoc/shared/ui/button/index.ts"
2025-08-23T13:19:00.053399Z  INFO scan_sources: tailwindcss_oxide::scanner: Discovering "/Users/kdoc/github/kdoc/shared/ui/button/Button.tsx"
2025-08-23T13:19:00.053414Z  INFO scan_sources: tailwindcss_oxide::scanner: Discovering "/Users/kdoc/github/kdoc/shared/ui/infra-card"
2025-08-23T13:19:00.053426Z  INFO scan_sources: tailwindcss_oxide::scanner: Discovering "/Users/kdoc/github/kdoc/shared/ui/infra-card/InfraCard.tsx"
2025-08-23T13:19:00.053432Z  INFO scan_sources: tailwindcss_oxide::scanner: Discovering "/Users/kdoc/github/kdoc/shared/ui/infra-card/index.ts"
2025-08-23T13:19:00.053447Z  INFO scan_sources: tailwindcss_oxide::scanner: Discovering "/Users/kdoc/github/kdoc/shared/ui/divider"
2025-08-23T13:19:00.053460Z  INFO scan_sources: tailwindcss_oxide::scanner: Discovering "/Users/kdoc/github/kdoc/shared/ui/divider/Divider.tsx"
2025-08-23T13:19:00.053466Z  INFO scan_sources: tailwindcss_oxide::scanner: Discovering "/Users/kdoc/github/kdoc/shared/ui/divider/index.ts"
2025-08-23T13:19:00.053482Z  INFO scan_sources: tailwindcss_oxide::scanner: Discovering "/Users/kdoc/github/kdoc/shared/ui/icon"
2025-08-23T13:19:00.053502Z  INFO scan_sources: tailwindcss_oxide::scanner: Discovering "/Users/kdoc/github/kdoc/shared/ui/badge"
2025-08-23T13:19:00.053514Z  INFO scan_sources: tailwindcss_oxide::scanner: Discovering "/Users/kdoc/github/kdoc/shared/ui/badge/Badge.tsx"
2025-08-23T13:19:00.053520Z  INFO scan_sources: tailwindcss_oxide::scanner: Discovering "/Users/kdoc/github/kdoc/shared/ui/badge/index.ts"
2025-08-23T13:19:00.053536Z  INFO scan_sources: tailwindcss_oxide::scanner: Discovering "/Users/kdoc/github/kdoc/shared/config"
2025-08-23T13:19:00.053549Z  INFO scan_sources: tailwindcss_oxide::scanner: Discovering "/Users/kdoc/github/kdoc/shared/config/locales.ts"
2025-08-23T13:19:00.053555Z  INFO scan_sources: tailwindcss_oxide::scanner: Discovering "/Users/kdoc/github/kdoc/shared/config/line.ts"
2025-08-23T13:19:00.053561Z  INFO scan_sources: tailwindcss_oxide::scanner: Discovering "/Users/kdoc/github/kdoc/shared/config/index.ts"
2025-08-23T13:19:00.053576Z  INFO scan_sources: tailwindcss_oxide::scanner: Discovering "/Users/kdoc/github/kdoc/shared/model"
2025-08-23T13:19:00.053596Z  INFO scan_sources: tailwindcss_oxide::scanner: Discovering "/Users/kdoc/github/kdoc/shared/model/types"
2025-08-23T13:19:00.053608Z  INFO scan_sources: tailwindcss_oxide::scanner: Discovering "/Users/kdoc/github/kdoc/shared/model/types/dictionary.ts"
2025-08-23T13:19:00.053614Z  INFO scan_sources: tailwindcss_oxide::scanner: Discovering "/Users/kdoc/github/kdoc/shared/model/types/line-auth.ts"
2025-08-23T13:19:00.053620Z  INFO scan_sources: tailwindcss_oxide::scanner: Discovering "/Users/kdoc/github/kdoc/shared/model/types/index.ts"
2025-08-23T13:19:00.053636Z  INFO scan_sources: tailwindcss_oxide::scanner: Discovering "/Users/kdoc/github/kdoc/shared/lib"
2025-08-23T13:19:00.053649Z  INFO scan_sources: tailwindcss_oxide::scanner: Discovering "/Users/kdoc/github/kdoc/shared/lib/prisma.ts"
2025-08-23T13:19:00.053664Z  INFO scan_sources: tailwindcss_oxide::scanner: Discovering "/Users/kdoc/github/kdoc/shared/lib/middleware"
2025-08-23T13:19:00.053687Z  INFO scan_sources: tailwindcss_oxide::scanner: Discovering "/Users/kdoc/github/kdoc/shared/lib/middleware/entities"
2025-08-23T13:19:00.053710Z  INFO scan_sources: tailwindcss_oxide::scanner: Discovering "/Users/kdoc/github/kdoc/shared/lib/locale"
2025-08-23T13:19:00.053722Z  INFO scan_sources: tailwindcss_oxide::scanner: Discovering "/Users/kdoc/github/kdoc/shared/lib/locale/locale-detector.ts"
2025-08-23T13:19:00.053735Z  INFO scan_sources: tailwindcss_oxide::scanner: Discovering "/Users/kdoc/github/kdoc/shared/lib/locale/index.ts"
2025-08-23T13:19:00.053751Z  INFO scan_sources: tailwindcss_oxide::scanner: Discovering "/Users/kdoc/github/kdoc/shared/lib/repositories"
2025-08-23T13:19:00.053764Z  INFO scan_sources: tailwindcss_oxide::scanner: Discovering "/Users/kdoc/github/kdoc/shared/lib/repositories/home-repository.ts"
2025-08-23T13:19:00.053770Z  INFO scan_sources: tailwindcss_oxide::scanner: Discovering "/Users/kdoc/github/kdoc/shared/lib/repositories/index.ts"
2025-08-23T13:19:00.053785Z  INFO scan_sources: tailwindcss_oxide::scanner: Discovering "/Users/kdoc/github/kdoc/shared/lib/supabase"
2025-08-23T13:19:00.053798Z  INFO scan_sources: tailwindcss_oxide::scanner: Discovering "/Users/kdoc/github/kdoc/shared/lib/supabase/middleware.ts"
2025-08-23T13:19:00.053804Z  INFO scan_sources: tailwindcss_oxide::scanner: Discovering "/Users/kdoc/github/kdoc/shared/lib/supabase/server-only.ts"
2025-08-23T13:19:00.053810Z  INFO scan_sources: tailwindcss_oxide::scanner: Discovering "/Users/kdoc/github/kdoc/shared/lib/supabase/client.ts"
2025-08-23T13:19:00.053815Z  INFO scan_sources: tailwindcss_oxide::scanner: Discovering "/Users/kdoc/github/kdoc/shared/lib/supabase/index.ts"
2025-08-23T13:19:00.053821Z  INFO scan_sources: tailwindcss_oxide::scanner: Discovering "/Users/kdoc/github/kdoc/shared/lib/supabase/server.ts"
2025-08-23T13:19:00.053828Z  INFO scan_sources: tailwindcss_oxide::scanner: Discovering "/Users/kdoc/github/kdoc/shared/lib/logger.ts"
2025-08-23T13:19:00.053842Z  INFO scan_sources: tailwindcss_oxide::scanner: Discovering "/Users/kdoc/github/kdoc/shared/lib/currency"
2025-08-23T13:19:00.053854Z  INFO scan_sources: tailwindcss_oxide::scanner: Discovering "/Users/kdoc/github/kdoc/shared/lib/currency/currency-formatter.ts"
2025-08-23T13:19:00.053860Z  INFO scan_sources: tailwindcss_oxide::scanner: Discovering "/Users/kdoc/github/kdoc/shared/lib/currency/index.ts"
2025-08-23T13:19:00.053894Z  INFO scan_sources: tailwindcss_oxide::scanner: Discovering "/Users/kdoc/github/kdoc/.prettierignore"
2025-08-23T13:19:00.053902Z  INFO scan_sources: tailwindcss_oxide::scanner: Discovering "/Users/kdoc/github/kdoc/README.md"
2025-08-23T13:19:00.053920Z  INFO scan_sources: tailwindcss_oxide::scanner: Discovering "/Users/kdoc/github/kdoc/public"
2025-08-23T13:19:00.053946Z  INFO scan_sources: tailwindcss_oxide::scanner: Discovering "/Users/kdoc/github/kdoc/public/infra"
2025-08-23T13:19:00.053964Z  INFO scan_sources: tailwindcss_oxide::scanner: Discovering "/Users/kdoc/github/kdoc/public/file.svg"
2025-08-23T13:19:00.053970Z  INFO scan_sources: tailwindcss_oxide::scanner: Discovering "/Users/kdoc/github/kdoc/public/vercel.svg"
2025-08-23T13:19:00.053976Z  INFO scan_sources: tailwindcss_oxide::scanner: Discovering "/Users/kdoc/github/kdoc/public/next.svg"
2025-08-23T13:19:00.053981Z  INFO scan_sources: tailwindcss_oxide::scanner: Discovering "/Users/kdoc/github/kdoc/public/globe.svg"
2025-08-23T13:19:00.053988Z  INFO scan_sources: tailwindcss_oxide::scanner: Discovering "/Users/kdoc/github/kdoc/public/window.svg"
2025-08-23T13:19:00.054003Z  INFO scan_sources: tailwindcss_oxide::scanner: Discovering "/Users/kdoc/github/kdoc/package.json"
2025-08-23T13:19:00.054022Z  INFO scan_sources: tailwindcss_oxide::scanner: Discovering "/Users/kdoc/github/kdoc/scripts"
2025-08-23T13:19:00.054036Z  INFO scan_sources: tailwindcss_oxide::scanner: Discovering "/Users/kdoc/github/kdoc/scripts/find-unused-ts-api.ts"
2025-08-23T13:19:00.054043Z  INFO scan_sources: tailwindcss_oxide::scanner: Discovering "/Users/kdoc/github/kdoc/.prettierrc"
2025-08-23T13:19:00.054052Z  INFO scan_sources: tailwindcss_oxide::scanner: Discovering "/Users/kdoc/github/kdoc/tsconfig.json"
2025-08-23T13:19:00.054083Z  INFO scan_sources: tailwindcss_oxide::scanner: Discovering "/Users/kdoc/github/kdoc/.vscode"
2025-08-23T13:19:00.054096Z  INFO scan_sources: tailwindcss_oxide::scanner: Discovering "/Users/kdoc/github/kdoc/.vscode/settings.json"
2025-08-23T13:19:00.054104Z  INFO scan_sources: tailwindcss_oxide::scanner: Discovering "/Users/kdoc/github/kdoc/eslint.config.mjs"
2025-08-23T13:19:00.054118Z  INFO scan_sources: tailwindcss_oxide::scanner: Discovering "/Users/kdoc/github/kdoc/widgets"
2025-08-23T13:19:00.054139Z  INFO scan_sources: tailwindcss_oxide::scanner: Discovering "/Users/kdoc/github/kdoc/widgets/infrastructure-diagram"
2025-08-23T13:19:00.054161Z  INFO scan_sources: tailwindcss_oxide::scanner: Discovering "/Users/kdoc/github/kdoc/widgets/infrastructure-diagram/ui"
2025-08-23T13:19:00.054174Z  INFO scan_sources: tailwindcss_oxide::scanner: Discovering "/Users/kdoc/github/kdoc/widgets/infrastructure-diagram/ui/InfraLaneSection.tsx"
2025-08-23T13:19:00.054181Z  INFO scan_sources: tailwindcss_oxide::scanner: Discovering "/Users/kdoc/github/kdoc/widgets/infrastructure-diagram/ui/DiagramLegend.tsx"
2025-08-23T13:19:00.054187Z  INFO scan_sources: tailwindcss_oxide::scanner: Discovering "/Users/kdoc/github/kdoc/widgets/infrastructure-diagram/ui/InfraDiagram.tsx"
2025-08-23T13:19:00.054193Z  INFO scan_sources: tailwindcss_oxide::scanner: Discovering "/Users/kdoc/github/kdoc/widgets/infrastructure-diagram/ui/AliasSection.tsx"
2025-08-23T13:19:00.054200Z  INFO scan_sources: tailwindcss_oxide::scanner: Discovering "/Users/kdoc/github/kdoc/widgets/infrastructure-diagram/index.ts"
2025-08-23T13:19:00.054215Z  INFO scan_sources: tailwindcss_oxide::scanner: Discovering "/Users/kdoc/github/kdoc/widgets/beauty-invitation"
2025-08-23T13:19:00.054236Z  INFO scan_sources: tailwindcss_oxide::scanner: Discovering "/Users/kdoc/github/kdoc/widgets/beauty-invitation/ui"
2025-08-23T13:19:00.054248Z  INFO scan_sources: tailwindcss_oxide::scanner: Discovering "/Users/kdoc/github/kdoc/widgets/beauty-invitation/ui/LuxuryBorder.tsx"
2025-08-23T13:19:00.054254Z  INFO scan_sources: tailwindcss_oxide::scanner: Discovering "/Users/kdoc/github/kdoc/widgets/beauty-invitation/ui/DiamondCenterpiece.tsx"
2025-08-23T13:19:00.054260Z  INFO scan_sources: tailwindcss_oxide::scanner: Discovering "/Users/kdoc/github/kdoc/widgets/beauty-invitation/ui/EnvelopeInvitation.tsx"
2025-08-23T13:19:00.054267Z  INFO scan_sources: tailwindcss_oxide::scanner: Discovering "/Users/kdoc/github/kdoc/widgets/beauty-invitation/ui/EnvelopeDecorations.tsx"
2025-08-23T13:19:00.054273Z  INFO scan_sources: tailwindcss_oxide::scanner: Discovering "/Users/kdoc/github/kdoc/widgets/beauty-invitation/ui/LetterContent.tsx"
2025-08-23T13:19:00.054289Z  INFO scan_sources: tailwindcss_oxide::scanner: Discovering "/Users/kdoc/github/kdoc/widgets/beauty-invitation/model"
2025-08-23T13:19:00.054304Z  INFO scan_sources: tailwindcss_oxide::scanner: Discovering "/Users/kdoc/github/kdoc/widgets/beauty-invitation/model/useEnvelopeAnimation.ts"
2025-08-23T13:19:00.054311Z  INFO scan_sources: tailwindcss_oxide::scanner: Discovering "/Users/kdoc/github/kdoc/widgets/beauty-invitation/index.ts"
2025-08-23T13:19:00.054326Z  INFO scan_sources: tailwindcss_oxide::scanner: Discovering "/Users/kdoc/github/kdoc/widgets/user-profile"
2025-08-23T13:19:00.054347Z  INFO scan_sources: tailwindcss_oxide::scanner: Discovering "/Users/kdoc/github/kdoc/widgets/user-profile/ui"
2025-08-23T13:19:00.054359Z  INFO scan_sources: tailwindcss_oxide::scanner: Discovering "/Users/kdoc/github/kdoc/widgets/user-profile/ui/UserProfileWidget.tsx"
2025-08-23T13:19:00.054366Z  INFO scan_sources: tailwindcss_oxide::scanner: Discovering "/Users/kdoc/github/kdoc/widgets/user-profile/index.ts"
2025-08-23T13:19:00.054380Z  INFO scan_sources: tailwindcss_oxide::scanner: Discovering "/Users/kdoc/github/kdoc/widgets/home-sections"
2025-08-23T13:19:00.054398Z  INFO scan_sources: tailwindcss_oxide::scanner: Discovering "/Users/kdoc/github/kdoc/widgets/home-sections/ui"
2025-08-23T13:19:00.054411Z  INFO scan_sources: tailwindcss_oxide::scanner: Discovering "/Users/kdoc/github/kdoc/widgets/home-sections/ui/BookingSection.tsx"
2025-08-23T13:19:00.054417Z  INFO scan_sources: tailwindcss_oxide::scanner: Discovering "/Users/kdoc/github/kdoc/widgets/home-sections/ui/PackagesSection.tsx"
2025-08-23T13:19:00.054422Z  INFO scan_sources: tailwindcss_oxide::scanner: Discovering "/Users/kdoc/github/kdoc/widgets/home-sections/ui/ItinerarySection.tsx"
2025-08-23T13:19:00.054428Z  INFO scan_sources: tailwindcss_oxide::scanner: Discovering "/Users/kdoc/github/kdoc/widgets/home-sections/index.ts"
2025-08-23T13:19:00.054443Z  INFO scan_sources: tailwindcss_oxide::scanner: Discovering "/Users/kdoc/github/kdoc/entities"
2025-08-23T13:19:00.054461Z  INFO scan_sources: tailwindcss_oxide::scanner: Discovering "/Users/kdoc/github/kdoc/entities/home"
2025-08-23T13:19:00.054483Z  INFO scan_sources: tailwindcss_oxide::scanner: Discovering "/Users/kdoc/github/kdoc/entities/home/ui"
2025-08-23T13:19:00.054498Z  INFO scan_sources: tailwindcss_oxide::scanner: Discovering "/Users/kdoc/github/kdoc/entities/home/ui/PackageCard.tsx"
2025-08-23T13:19:00.054505Z  INFO scan_sources: tailwindcss_oxide::scanner: Discovering "/Users/kdoc/github/kdoc/entities/home/ui/BookingCard.tsx"
2025-08-23T13:19:00.054512Z  INFO scan_sources: tailwindcss_oxide::scanner: Discovering "/Users/kdoc/github/kdoc/entities/home/ui/ItineraryCard.tsx"
2025-08-23T13:19:00.054530Z  INFO scan_sources: tailwindcss_oxide::scanner: Discovering "/Users/kdoc/github/kdoc/entities/home/model"
2025-08-23T13:19:00.054540Z  INFO scan_sources: tailwindcss_oxide::scanner: Discovering "/Users/kdoc/github/kdoc/entities/home/model/types.ts"
2025-08-23T13:19:00.054546Z  INFO scan_sources: tailwindcss_oxide::scanner: Discovering "/Users/kdoc/github/kdoc/entities/home/index.ts"
2025-08-23T13:19:00.054560Z  INFO scan_sources: tailwindcss_oxide::scanner: Discovering "/Users/kdoc/github/kdoc/entities/user"
2025-08-23T13:19:00.054578Z  INFO scan_sources: tailwindcss_oxide::scanner: Discovering "/Users/kdoc/github/kdoc/entities/user/ui"
2025-08-23T13:19:00.054588Z  INFO scan_sources: tailwindcss_oxide::scanner: Discovering "/Users/kdoc/github/kdoc/entities/user/ui/UserAvatar.tsx"
2025-08-23T13:19:00.054602Z  INFO scan_sources: tailwindcss_oxide::scanner: Discovering "/Users/kdoc/github/kdoc/entities/user/model"
2025-08-23T13:19:00.054612Z  INFO scan_sources: tailwindcss_oxide::scanner: Discovering "/Users/kdoc/github/kdoc/entities/user/model/types.ts"
2025-08-23T13:19:00.054618Z  INFO scan_sources: tailwindcss_oxide::scanner: Discovering "/Users/kdoc/github/kdoc/entities/user/model/useUser.ts"
2025-08-23T13:19:00.054624Z  INFO scan_sources: tailwindcss_oxide::scanner: Discovering "/Users/kdoc/github/kdoc/entities/user/index.ts"
2025-08-23T13:19:00.054638Z  INFO scan_sources: tailwindcss_oxide::scanner: Discovering "/Users/kdoc/github/kdoc/entities/infrastructure"
2025-08-23T13:19:00.054656Z  INFO scan_sources: tailwindcss_oxide::scanner: Discovering "/Users/kdoc/github/kdoc/entities/infrastructure/model"
2025-08-23T13:19:00.054666Z  INFO scan_sources: tailwindcss_oxide::scanner: Discovering "/Users/kdoc/github/kdoc/entities/infrastructure/model/data.ts"
2025-08-23T13:19:00.054672Z  INFO scan_sources: tailwindcss_oxide::scanner: Discovering "/Users/kdoc/github/kdoc/entities/infrastructure/model/types.ts"
2025-08-23T13:19:00.054678Z  INFO scan_sources: tailwindcss_oxide::scanner: Discovering "/Users/kdoc/github/kdoc/entities/infrastructure/index.ts"
2025-08-23T13:19:00.054691Z  INFO scan_sources: tailwindcss_oxide::scanner: Discovering "/Users/kdoc/github/kdoc/entities/invitation"
2025-08-23T13:19:00.054709Z  INFO scan_sources: tailwindcss_oxide::scanner: Discovering "/Users/kdoc/github/kdoc/entities/invitation/ui"
2025-08-23T13:19:00.054719Z  INFO scan_sources: tailwindcss_oxide::scanner: Discovering "/Users/kdoc/github/kdoc/entities/invitation/ui/LuxuryBackground.tsx"
2025-08-23T13:19:00.054727Z  INFO scan_sources: tailwindcss_oxide::scanner: Discovering "/Users/kdoc/github/kdoc/entities/invitation/ui/DiamondSeal.tsx"
2025-08-23T13:19:00.054740Z  INFO scan_sources: tailwindcss_oxide::scanner: Discovering "/Users/kdoc/github/kdoc/entities/invitation/model"
2025-08-23T13:19:00.054751Z  INFO scan_sources: tailwindcss_oxide::scanner: Discovering "/Users/kdoc/github/kdoc/entities/invitation/index.ts"
2025-08-23T13:19:00.054758Z  INFO scan_sources: tailwindcss_oxide::scanner: Discovering "/Users/kdoc/github/kdoc/next.config.ts"
2025-08-23T13:19:00.054763Z  INFO scan_sources: tailwindcss_oxide::scanner: Discovering "/Users/kdoc/github/kdoc/pnpm-workspace.yaml"
2025-08-23T13:19:00.054840Z  INFO scan_sources: tailwindcss_oxide::scanner: exit
2025-08-23T13:19:00.054844Z  INFO extract_candidates: tailwindcss_oxide::scanner: enter
2025-08-23T13:19:00.054847Z  INFO extract_candidates:read_all_files: tailwindcss_oxide::scanner: enter
2025-08-23T13:19:00.054848Z  INFO extract_candidates:read_all_files: tailwindcss_oxide::scanner: Reading 170 file(s)
2025-08-23T13:19:00.054989Z  INFO tailwindcss_oxide::scanner: Reading "/Users/kdoc/github/kdoc/app/[lang]/layout.tsx"
2025-08-23T13:19:00.055094Z  INFO tailwindcss_oxide::scanner: Reading "/Users/kdoc/github/kdoc/app/infra/page.tsx"
2025-08-23T13:19:00.055096Z  INFO tailwindcss_oxide::scanner: Reading "/Users/kdoc/github/kdoc/app/api/notion/approval/archive/use-cases/process-webhook.ts"
2025-08-23T13:19:00.055111Z  INFO tailwindcss_oxide::scanner: Reading "/Users/kdoc/github/kdoc/app/layout.tsx"
2025-08-23T13:19:00.055122Z  INFO tailwindcss_oxide::scanner: Reading "/Users/kdoc/github/kdoc/features/auth/ui/SocialLoginSection.tsx"
2025-08-23T13:19:00.055136Z  INFO tailwindcss_oxide::scanner: Reading "/Users/kdoc/github/kdoc/app/api/notion/approval/archive/entities/errors.ts"
2025-08-23T13:19:00.055138Z  INFO tailwindcss_oxide::scanner: Reading "/Users/kdoc/github/kdoc/middleware.ts"
2025-08-23T13:19:00.055187Z  INFO tailwindcss_oxide::scanner: Reading "/Users/kdoc/github/kdoc/shared/ui/section/Section.tsx"
2025-08-23T13:19:00.055189Z  INFO tailwindcss_oxide::scanner: Reading "/Users/kdoc/github/kdoc/features/line-auth/ui/LineSignInButton.tsx"
2025-08-23T13:19:00.055190Z  INFO tailwindcss_oxide::scanner: Reading "/Users/kdoc/github/kdoc/features/google-auth/ui/SignOutButton.tsx"
2025-08-23T13:19:00.055230Z  INFO tailwindcss_oxide::scanner: Reading "/Users/kdoc/github/kdoc/app/api/notion/approval/archive/container.ts"
2025-08-23T13:19:00.055232Z  INFO tailwindcss_oxide::scanner: Reading "/Users/kdoc/github/kdoc/app/api/notion/approval/archive/use-cases/index.ts"
2025-08-23T13:19:00.055240Z  INFO tailwindcss_oxide::scanner: Reading "/Users/kdoc/github/kdoc/app/api/notion/approval/archive/entities/notion-page.ts"
2025-08-23T13:19:00.055255Z  INFO tailwindcss_oxide::scanner: Reading "/Users/kdoc/github/kdoc/app/[lang]/dictionaries/en.json"
2025-08-23T13:19:00.055261Z  INFO tailwindcss_oxide::scanner: Reading "/Users/kdoc/github/kdoc/.cursor/rules/backend-architecture.mdc"
2025-08-23T13:19:00.055263Z  INFO tailwindcss_oxide::scanner: Reading "/Users/kdoc/github/kdoc/features/auth/index.ts"
2025-08-23T13:19:00.055269Z  INFO tailwindcss_oxide::scanner: Reading "/Users/kdoc/github/kdoc/.cursor/rules/nextjs.mdc"
2025-08-23T13:19:00.055286Z  INFO tailwindcss_oxide::scanner: Reading "/Users/kdoc/github/kdoc/features/google-auth/ui/GoogleSignInButton.tsx"
2025-08-23T13:19:00.055295Z  INFO tailwindcss_oxide::scanner: Reading "/Users/kdoc/github/kdoc/features/line-auth/model/useLineAuth.ts"
2025-08-23T13:19:00.055301Z  INFO tailwindcss_oxide::scanner: Reading "/Users/kdoc/github/kdoc/shared/ui/section/index.ts"
2025-08-23T13:19:00.055349Z  INFO tailwindcss_oxide::scanner: Reading "/Users/kdoc/github/kdoc/app/api/notion/approval/archive/use-cases/scan-and-archive.ts"
2025-08-23T13:19:00.055350Z  INFO tailwindcss_oxide::scanner: Reading "/Users/kdoc/github/kdoc/app/api/notion/approval/archive/use-cases/interfaces.ts"
2025-08-23T13:19:00.055355Z  INFO tailwindcss_oxide::scanner: Reading "/Users/kdoc/github/kdoc/prisma/migrations/20250809045613_init/migration.sql"
2025-08-23T13:19:00.055367Z  INFO tailwindcss_oxide::scanner: Reading "/Users/kdoc/github/kdoc/app/[lang]/dictionaries/ko.json"
2025-08-23T13:19:00.055356Z  INFO tailwindcss_oxide::scanner: Reading "/Users/kdoc/github/kdoc/app/api/notion/approval/archive/entities/index.ts"
2025-08-23T13:19:00.055387Z  INFO tailwindcss_oxide::scanner: Reading "/Users/kdoc/github/kdoc/.cursor/rules/architecture.mdc"
2025-08-23T13:19:00.055410Z  INFO tailwindcss_oxide::scanner: Reading "/Users/kdoc/github/kdoc/shared/ui/card/Card.tsx"
2025-08-23T13:19:00.055390Z  INFO tailwindcss_oxide::scanner: Reading "/Users/kdoc/github/kdoc/features/google-auth/model/useGoogleAuth.ts"
2025-08-23T13:19:00.055388Z  INFO tailwindcss_oxide::scanner: Reading "/Users/kdoc/github/kdoc/features/line-auth/index.ts"
2025-08-23T13:19:00.055450Z  INFO tailwindcss_oxide::scanner: Reading "/Users/kdoc/github/kdoc/prisma/migrations/20250809064000_credit_ledger/migration.sql"
2025-08-23T13:19:00.055451Z  INFO tailwindcss_oxide::scanner: Reading "/Users/kdoc/github/kdoc/app/api/notion/approval/archive/use-cases/archive-page.ts"
2025-08-23T13:19:00.055460Z  INFO tailwindcss_oxide::scanner: Reading "/Users/kdoc/github/kdoc/app/[lang]/dictionaries/th.json"
2025-08-23T13:19:00.055490Z  INFO tailwindcss_oxide::scanner: Reading "/Users/kdoc/github/kdoc/app/[lang]/auth/email-login/page.tsx"
2025-08-23T13:19:00.055497Z  INFO tailwindcss_oxide::scanner: Reading "/Users/kdoc/github/kdoc/app/api/notion/approval/archive/route.ts"
2025-08-23T13:19:00.055549Z  INFO tailwindcss_oxide::scanner: Reading "/Users/kdoc/github/kdoc/features/phone-auth/ui/PhoneLoginButton.tsx"
2025-08-23T13:19:00.055553Z  INFO tailwindcss_oxide::scanner: Reading "/Users/kdoc/github/kdoc/features/invitation-code/ui/InvitationCodeInput.tsx"
2025-08-23T13:19:00.055556Z  INFO tailwindcss_oxide::scanner: Reading "/Users/kdoc/github/kdoc/.cursor/rules/style.mdc"
2025-08-23T13:19:00.055584Z  INFO tailwindcss_oxide::scanner: Reading "/Users/kdoc/github/kdoc/app/[lang]/auth/phone-login/page.tsx"
2025-08-23T13:19:00.055587Z  INFO tailwindcss_oxide::scanner: Reading "/Users/kdoc/github/kdoc/prisma/schema.prisma"
2025-08-23T13:19:00.055593Z  INFO tailwindcss_oxide::scanner: Reading "/Users/kdoc/github/kdoc/features/google-auth/index.ts"
2025-08-23T13:19:00.055595Z  INFO tailwindcss_oxide::scanner: Reading "/Users/kdoc/github/kdoc/prisma/migrations/20250809063154_domain_init/migration.sql"
2025-08-23T13:19:00.055623Z  INFO tailwindcss_oxide::scanner: Reading "/Users/kdoc/github/kdoc/app/api/notion/approval/archive/infrastructure/repositories/notion-page-repository.ts"
2025-08-23T13:19:00.055624Z  INFO tailwindcss_oxide::scanner: Reading "/Users/kdoc/github/kdoc/app/[lang]/page.tsx"
2025-08-23T13:19:00.055637Z  INFO tailwindcss_oxide::scanner: Reading "/Users/kdoc/github/kdoc/postcss.config.mjs"
2025-08-23T13:19:00.055650Z  INFO tailwindcss_oxide::scanner: Reading "/Users/kdoc/github/kdoc/shared/ui/card/AuthCard.tsx"
2025-08-23T13:19:00.055677Z  INFO tailwindcss_oxide::scanner: Reading "/Users/kdoc/github/kdoc/app/[lang]/auth/auth-code-error/page.tsx"
2025-08-23T13:19:00.055683Z  INFO tailwindcss_oxide::scanner: Reading "/Users/kdoc/github/kdoc/features/invitation-code/model/useInvitationCode.ts"
2025-08-23T13:19:00.055690Z  INFO tailwindcss_oxide::scanner: Reading "/Users/kdoc/github/kdoc/prisma/migrations/migration_lock.toml"
2025-08-23T13:19:00.055702Z  INFO tailwindcss_oxide::scanner: Reading "/Users/kdoc/github/kdoc/public/globe.svg"
2025-08-23T13:19:00.055717Z  INFO tailwindcss_oxide::scanner: Reading "/Users/kdoc/github/kdoc/app/api/notion/approval/archive/infrastructure/repositories/index.ts"
2025-08-23T13:19:00.055718Z  INFO tailwindcss_oxide::scanner: Reading "/Users/kdoc/github/kdoc/features/email-auth/ui/EmailLoginForm.tsx"
2025-08-23T13:19:00.055729Z  INFO tailwindcss_oxide::scanner: Reading "/Users/kdoc/github/kdoc/features/phone-auth/ui/PhoneLoginForm.tsx"
2025-08-23T13:19:00.055748Z  INFO tailwindcss_oxide::scanner: Reading "/Users/kdoc/github/kdoc/features/phone-auth/ui/PhoneVerificationForm.tsx"
2025-08-23T13:19:00.055749Z  INFO tailwindcss_oxide::scanner: Reading "/Users/kdoc/github/kdoc/shared/ui/card/index.ts"
2025-08-23T13:19:00.055768Z  INFO tailwindcss_oxide::scanner: Reading "/Users/kdoc/github/kdoc/features/invitation-code/index.ts"
2025-08-23T13:19:00.055772Z  INFO tailwindcss_oxide::scanner: Reading "/Users/kdoc/github/kdoc/app/[lang]/auth/confirm/route.ts"
2025-08-23T13:19:00.055785Z  INFO tailwindcss_oxide::scanner: Reading "/Users/kdoc/github/kdoc/prisma/seed.ts"
2025-08-23T13:19:00.055791Z  INFO tailwindcss_oxide::scanner: Reading "/Users/kdoc/github/kdoc/public/window.svg"
2025-08-23T13:19:00.055797Z  INFO tailwindcss_oxide::scanner: Reading "/Users/kdoc/github/kdoc/app/api/notion/approval/archive/infrastructure/services/notion-client-factory.ts"
2025-08-23T13:19:00.055800Z  INFO tailwindcss_oxide::scanner: Reading "/Users/kdoc/github/kdoc/app/[lang]/auth/line/use-cases/line-auth-use-case.ts"
2025-08-23T13:19:00.055803Z  INFO tailwindcss_oxide::scanner: Reading "/Users/kdoc/github/kdoc/package.json"
2025-08-23T13:19:00.055822Z  INFO tailwindcss_oxide::scanner: Reading "/Users/kdoc/github/kdoc/app/api/notion/approval/archive/infrastructure/services/logger-service.ts"
2025-08-23T13:19:00.055847Z  INFO tailwindcss_oxide::scanner: Reading "/Users/kdoc/github/kdoc/features/phone-auth/model/usePhoneAuth.ts"
2025-08-23T13:19:00.055850Z  INFO tailwindcss_oxide::scanner: Reading "/Users/kdoc/github/kdoc/shared/ui/input/TextInput.tsx"
2025-08-23T13:19:00.055852Z  INFO tailwindcss_oxide::scanner: Reading "/Users/kdoc/github/kdoc/features/email-auth/model/useEmailAuth.ts"
2025-08-23T13:19:00.055858Z  INFO tailwindcss_oxide::scanner: Reading "/Users/kdoc/github/kdoc/features/facebook-auth/ui/FacebookSignInButton.tsx"
2025-08-23T13:19:00.055880Z  INFO tailwindcss_oxide::scanner: Reading "/Users/kdoc/github/kdoc/app/api/notion/approval/archive/infrastructure/services/notion-client-service.ts"
2025-08-23T13:19:00.055879Z  INFO tailwindcss_oxide::scanner: Reading "/Users/kdoc/github/kdoc/shared/ui/language-switcher/index.ts"
2025-08-23T13:19:00.055886Z  INFO tailwindcss_oxide::scanner: Reading "/Users/kdoc/github/kdoc/app/[lang]/auth/line/use-cases/index.ts"
2025-08-23T13:19:00.055903Z  INFO tailwindcss_oxide::scanner: Reading "/Users/kdoc/github/kdoc/app/[lang]/auth/line/callback/route.ts"
2025-08-23T13:19:00.055916Z  INFO tailwindcss_oxide::scanner: Reading "/Users/kdoc/github/kdoc/scripts/find-unused-ts-api.ts"
2025-08-23T13:19:00.055917Z  INFO tailwindcss_oxide::scanner: Reading "/Users/kdoc/github/kdoc/app/[lang]/auth/line/infrastructure/services/line-api-service.ts"
2025-08-23T13:19:00.055922Z  INFO tailwindcss_oxide::scanner: Reading "/Users/kdoc/github/kdoc/features/email-auth/ui/PasswordResetForm.tsx"
2025-08-23T13:19:00.055932Z  INFO tailwindcss_oxide::scanner: Reading "/Users/kdoc/github/kdoc/.prettierrc"
2025-08-23T13:19:00.055941Z  INFO tailwindcss_oxide::scanner: Reading "/Users/kdoc/github/kdoc/features/facebook-auth/model/useFacebookAuth.ts"
2025-08-23T13:19:00.055959Z  INFO tailwindcss_oxide::scanner: Reading "/Users/kdoc/github/kdoc/app/api/notion/approval/archive/infrastructure/services/index.ts"
2025-08-23T13:19:00.055965Z  INFO tailwindcss_oxide::scanner: Reading "/Users/kdoc/github/kdoc/shared/ui/status-badge/StatusBadge.tsx"
2025-08-23T13:19:00.055972Z  INFO tailwindcss_oxide::scanner: Reading "/Users/kdoc/github/kdoc/features/phone-auth/index.ts"
2025-08-23T13:19:00.056016Z  INFO tailwindcss_oxide::scanner: Reading "/Users/kdoc/github/kdoc/shared/ui/language-switcher/LanguageSwitcher.tsx"
2025-08-23T13:19:00.056018Z  INFO tailwindcss_oxide::scanner: Reading "/Users/kdoc/github/kdoc/tsconfig.json"
2025-08-23T13:19:00.056025Z  INFO tailwindcss_oxide::scanner: Reading "/Users/kdoc/github/kdoc/features/auth/ui/AuthPageHeader.tsx"
2025-08-23T13:19:00.056033Z  INFO tailwindcss_oxide::scanner: Reading "/Users/kdoc/github/kdoc/features/facebook-auth/index.ts"
2025-08-23T13:19:00.056042Z  INFO tailwindcss_oxide::scanner: Reading "/Users/kdoc/github/kdoc/.vscode/settings.json"
2025-08-23T13:19:00.056054Z  INFO tailwindcss_oxide::scanner: Reading "/Users/kdoc/github/kdoc/shared/ui/status-badge/index.ts"
2025-08-23T13:19:00.056055Z  INFO tailwindcss_oxide::scanner: Reading "/Users/kdoc/github/kdoc/features/email-auth/index.ts"
2025-08-23T13:19:00.056073Z  INFO tailwindcss_oxide::scanner: Reading "/Users/kdoc/github/kdoc/app/[lang]/auth/line/infrastructure/services/index.ts"
2025-08-23T13:19:00.056091Z  INFO tailwindcss_oxide::scanner: Reading "/Users/kdoc/github/kdoc/app/[lang]/auth/line/entities/line-auth.ts"
2025-08-23T13:19:00.056093Z  INFO tailwindcss_oxide::scanner: Reading "/Users/kdoc/github/kdoc/app/api/notion/approval/archive/entities/archive-request.ts"
2025-08-23T13:19:00.056092Z  INFO tailwindcss_oxide::scanner: Reading "/Users/kdoc/github/kdoc/widgets/user-profile/index.ts"
2025-08-23T13:19:00.056109Z  INFO tailwindcss_oxide::scanner: Reading "/Users/kdoc/github/kdoc/features/auth/ui/AuthLinks.tsx"
2025-08-23T13:19:00.056120Z  INFO tailwindcss_oxide::scanner: Reading "/Users/kdoc/github/kdoc/eslint.config.mjs"
2025-08-23T13:19:00.056142Z  INFO tailwindcss_oxide::scanner: Reading "/Users/kdoc/github/kdoc/shared/ui/connector-line/index.ts"
2025-08-23T13:19:00.056164Z  INFO tailwindcss_oxide::scanner: Reading "/Users/kdoc/github/kdoc/app/[lang]/auth/line/entities/index.ts"
2025-08-23T13:19:00.056168Z  INFO tailwindcss_oxide::scanner: Reading "/Users/kdoc/github/kdoc/app/[lang]/auth/verify-phone/page.tsx"
2025-08-23T13:19:00.056209Z  INFO tailwindcss_oxide::scanner: Reading "/Users/kdoc/github/kdoc/features/invitation-swipe/ui/SwipeToOpen.tsx"
2025-08-23T13:19:00.056212Z  INFO tailwindcss_oxide::scanner: Reading "/Users/kdoc/github/kdoc/widgets/infrastructure-diagram/ui/InfraDiagram.tsx"
2025-08-23T13:19:00.056213Z  INFO tailwindcss_oxide::scanner: Reading "/Users/kdoc/github/kdoc/widgets/beauty-invitation/ui/EnvelopeInvitation.tsx"
2025-08-23T13:19:00.056223Z  INFO tailwindcss_oxide::scanner: Reading "/Users/kdoc/github/kdoc/shared/ui/connector-line/ConnectorLine.tsx"
2025-08-23T13:19:00.056247Z  INFO tailwindcss_oxide::scanner: Reading "/Users/kdoc/github/kdoc/widgets/home-sections/ui/BookingSection.tsx"
2025-08-23T13:19:00.056249Z  INFO tailwindcss_oxide::scanner: Reading "/Users/kdoc/github/kdoc/widgets/infrastructure-diagram/ui/InfraLaneSection.tsx"
2025-08-23T13:19:00.056258Z  INFO tailwindcss_oxide::scanner: Reading "/Users/kdoc/github/kdoc/app/[lang]/auth/reset-password/page.tsx"
2025-08-23T13:19:00.056270Z  INFO tailwindcss_oxide::scanner: Reading "/Users/kdoc/github/kdoc/widgets/beauty-invitation/model/useEnvelopeAnimation.ts"
2025-08-23T13:19:00.056273Z  INFO tailwindcss_oxide::scanner: Reading "/Users/kdoc/github/kdoc/app/[lang]/auth/login/page.tsx"
2025-08-23T13:19:00.056272Z  INFO tailwindcss_oxide::scanner: Reading "/Users/kdoc/github/kdoc/widgets/beauty-invitation/index.ts"
2025-08-23T13:19:00.056279Z  INFO tailwindcss_oxide::scanner: Reading "/Users/kdoc/github/kdoc/app/[lang]/auth/callback/route.ts"
2025-08-23T13:19:00.056300Z  INFO tailwindcss_oxide::scanner: Reading "/Users/kdoc/github/kdoc/features/invitation-swipe/model/useSwipeGesture.ts"
2025-08-23T13:19:00.056308Z  INFO tailwindcss_oxide::scanner: Reading "/Users/kdoc/github/kdoc/widgets/beauty-invitation/ui/EnvelopeDecorations.tsx"
2025-08-23T13:19:00.056347Z  INFO tailwindcss_oxide::scanner: Reading "/Users/kdoc/github/kdoc/widgets/home-sections/ui/PackagesSection.tsx"
2025-08-23T13:19:00.056362Z  INFO tailwindcss_oxide::scanner: Reading "/Users/kdoc/github/kdoc/widgets/infrastructure-diagram/index.ts"
2025-08-23T13:19:00.056368Z  INFO tailwindcss_oxide::scanner: Reading "/Users/kdoc/github/kdoc/app/[lang]/dictionaries.ts"
2025-08-23T13:19:00.056376Z  INFO tailwindcss_oxide::scanner: Reading "/Users/kdoc/github/kdoc/widgets/infrastructure-diagram/ui/AliasSection.tsx"
2025-08-23T13:19:00.056388Z  INFO tailwindcss_oxide::scanner: Reading "/Users/kdoc/github/kdoc/features/invitation-swipe/index.ts"
2025-08-23T13:19:00.056390Z  INFO tailwindcss_oxide::scanner: Reading "/Users/kdoc/github/kdoc/widgets/user-profile/ui/UserProfileWidget.tsx"
2025-08-23T13:19:00.056377Z  INFO tailwindcss_oxide::scanner: Reading "/Users/kdoc/github/kdoc/app/[lang]/auth/confirm-email/page.tsx"
2025-08-23T13:19:00.056398Z  INFO tailwindcss_oxide::scanner: Reading "/Users/kdoc/github/kdoc/shared/ui/button/index.ts"
2025-08-23T13:19:00.056391Z  INFO tailwindcss_oxide::scanner: Reading "/Users/kdoc/github/kdoc/widgets/infrastructure-diagram/ui/DiagramLegend.tsx"
2025-08-23T13:19:00.056401Z  INFO tailwindcss_oxide::scanner: Reading "/Users/kdoc/github/kdoc/widgets/beauty-invitation/ui/LetterContent.tsx"
2025-08-23T13:19:00.056436Z  INFO tailwindcss_oxide::scanner: Reading "/Users/kdoc/github/kdoc/widgets/home-sections/ui/ItinerarySection.tsx"
2025-08-23T13:19:00.056450Z  INFO tailwindcss_oxide::scanner: Reading "/Users/kdoc/github/kdoc/app/[lang]/invite/page.tsx"
2025-08-23T13:19:00.056479Z  INFO tailwindcss_oxide::scanner: Reading "/Users/kdoc/github/kdoc/shared/model/types/dictionary.ts"
2025-08-23T13:19:00.056481Z  INFO tailwindcss_oxide::scanner: Reading "/Users/kdoc/github/kdoc/shared/lib/supabase/client.ts"
2025-08-23T13:19:00.056502Z  INFO tailwindcss_oxide::scanner: Reading "/Users/kdoc/github/kdoc/shared/lib/locale/index.ts"
2025-08-23T13:19:00.056504Z  INFO tailwindcss_oxide::scanner: Reading "/Users/kdoc/github/kdoc/shared/ui/divider/index.ts"
2025-08-23T13:19:00.056537Z  INFO tailwindcss_oxide::scanner: Reading "/Users/kdoc/github/kdoc/shared/lib/currency/index.ts"
2025-08-23T13:19:00.056545Z  INFO tailwindcss_oxide::scanner: Reading "/Users/kdoc/github/kdoc/widgets/beauty-invitation/ui/LuxuryBorder.tsx"
2025-08-23T13:19:00.056551Z  INFO tailwindcss_oxide::scanner: Reading "/Users/kdoc/github/kdoc/.prettierignore"
2025-08-23T13:19:00.056554Z  INFO tailwindcss_oxide::scanner: Reading "/Users/kdoc/github/kdoc/widgets/beauty-invitation/ui/DiamondCenterpiece.tsx"
2025-08-23T13:19:00.056569Z  INFO tailwindcss_oxide::scanner: Reading "/Users/kdoc/github/kdoc/shared/lib/supabase/index.ts"
2025-08-23T13:19:00.056570Z  INFO tailwindcss_oxide::scanner: Reading "/Users/kdoc/github/kdoc/shared/model/types/line-auth.ts"
2025-08-23T13:19:00.056585Z  INFO tailwindcss_oxide::scanner: Reading "/Users/kdoc/github/kdoc/shared/ui/button/Button.tsx"
2025-08-23T13:19:00.056594Z  INFO tailwindcss_oxide::scanner: Reading "/Users/kdoc/github/kdoc/widgets/home-sections/index.ts"
2025-08-23T13:19:00.056596Z  INFO tailwindcss_oxide::scanner: Reading "/Users/kdoc/github/kdoc/shared/lib/repositories/home-repository.ts"
2025-08-23T13:19:00.056620Z  INFO tailwindcss_oxide::scanner: Reading "/Users/kdoc/github/kdoc/shared/model/types/index.ts"
2025-08-23T13:19:00.056627Z  INFO tailwindcss_oxide::scanner: Reading "/Users/kdoc/github/kdoc/shared/ui/badge/Badge.tsx"
2025-08-23T13:19:00.056635Z  INFO tailwindcss_oxide::scanner: Reading "/Users/kdoc/github/kdoc/shared/lib/repositories/index.ts"
2025-08-23T13:19:00.056645Z  INFO tailwindcss_oxide::scanner: Reading "/Users/kdoc/github/kdoc/README.md"
2025-08-23T13:19:00.056661Z  INFO tailwindcss_oxide::scanner: Reading "/Users/kdoc/github/kdoc/shared/ui/infra-card/InfraCard.tsx"
2025-08-23T13:19:00.056662Z  INFO tailwindcss_oxide::scanner: Reading "/Users/kdoc/github/kdoc/public/file.svg"
2025-08-23T13:19:00.056669Z  INFO tailwindcss_oxide::scanner: Reading "/Users/kdoc/github/kdoc/entities/user/model/types.ts"
2025-08-23T13:19:00.056676Z  INFO tailwindcss_oxide::scanner: Reading "/Users/kdoc/github/kdoc/shared/lib/supabase/server.ts"
2025-08-23T13:19:00.056689Z  INFO tailwindcss_oxide::scanner: Reading "/Users/kdoc/github/kdoc/entities/home/model/types.ts"
2025-08-23T13:19:00.056690Z  INFO tailwindcss_oxide::scanner: Reading "/Users/kdoc/github/kdoc/entities/home/ui/PackageCard.tsx"
2025-08-23T13:19:00.056723Z  INFO tailwindcss_oxide::scanner: Reading "/Users/kdoc/github/kdoc/shared/lib/supabase/middleware.ts"
2025-08-23T13:19:00.056724Z  INFO tailwindcss_oxide::scanner: Reading "/Users/kdoc/github/kdoc/shared/config/locales.ts"
2025-08-23T13:19:00.056736Z  INFO tailwindcss_oxide::scanner: Reading "/Users/kdoc/github/kdoc/shared/ui/badge/index.ts"
2025-08-23T13:19:00.056746Z  INFO tailwindcss_oxide::scanner: Reading "/Users/kdoc/github/kdoc/shared/ui/infra-card/index.ts"
2025-08-23T13:19:00.056762Z  INFO tailwindcss_oxide::scanner: Reading "/Users/kdoc/github/kdoc/entities/user/model/useUser.ts"
2025-08-23T13:19:00.056737Z  INFO tailwindcss_oxide::scanner: Reading "/Users/kdoc/github/kdoc/shared/lib/prisma.ts"
2025-08-23T13:19:00.056783Z  INFO tailwindcss_oxide::scanner: Reading "/Users/kdoc/github/kdoc/entities/home/index.ts"
2025-08-23T13:19:00.056762Z  INFO tailwindcss_oxide::scanner: Reading "/Users/kdoc/github/kdoc/public/vercel.svg"
2025-08-23T13:19:00.056827Z  INFO tailwindcss_oxide::scanner: Reading "/Users/kdoc/github/kdoc/shared/lib/locale/locale-detector.ts"
2025-08-23T13:19:00.056845Z  INFO tailwindcss_oxide::scanner: Reading "/Users/kdoc/github/kdoc/shared/ui/divider/Divider.tsx"
2025-08-23T13:19:00.056845Z  INFO tailwindcss_oxide::scanner: Reading "/Users/kdoc/github/kdoc/shared/lib/supabase/server-only.ts"
2025-08-23T13:19:00.056892Z  INFO tailwindcss_oxide::scanner: Reading "/Users/kdoc/github/kdoc/entities/home/ui/BookingCard.tsx"
2025-08-23T13:19:00.056854Z  INFO tailwindcss_oxide::scanner: Reading "/Users/kdoc/github/kdoc/entities/user/index.ts"
2025-08-23T13:19:00.056867Z  INFO tailwindcss_oxide::scanner: Reading "/Users/kdoc/github/kdoc/shared/lib/logger.ts"
2025-08-23T13:19:00.056850Z  INFO tailwindcss_oxide::scanner: Reading "/Users/kdoc/github/kdoc/shared/config/line.ts"
2025-08-23T13:19:00.056936Z  INFO tailwindcss_oxide::scanner: Reading "/Users/kdoc/github/kdoc/shared/config/index.ts"
2025-08-23T13:19:00.056938Z  INFO tailwindcss_oxide::scanner: Reading "/Users/kdoc/github/kdoc/entities/user/ui/UserAvatar.tsx"
2025-08-23T13:19:00.056946Z  INFO tailwindcss_oxide::scanner: Reading "/Users/kdoc/github/kdoc/entities/infrastructure/index.ts"
2025-08-23T13:19:00.056956Z  INFO tailwindcss_oxide::scanner: Reading "/Users/kdoc/github/kdoc/public/next.svg"
2025-08-23T13:19:00.056981Z  INFO tailwindcss_oxide::scanner: Reading "/Users/kdoc/github/kdoc/entities/infrastructure/model/data.ts"
2025-08-23T13:19:00.056988Z  INFO tailwindcss_oxide::scanner: Reading "/Users/kdoc/github/kdoc/entities/home/ui/ItineraryCard.tsx"
2025-08-23T13:19:00.056990Z  INFO tailwindcss_oxide::scanner: Reading "/Users/kdoc/github/kdoc/entities/infrastructure/model/types.ts"
2025-08-23T13:19:00.057004Z  INFO tailwindcss_oxide::scanner: Reading "/Users/kdoc/github/kdoc/shared/lib/currency/currency-formatter.ts"
2025-08-23T13:19:00.057017Z  INFO tailwindcss_oxide::scanner: Reading "/Users/kdoc/github/kdoc/next.config.ts"
2025-08-23T13:19:00.057019Z  INFO tailwindcss_oxide::scanner: Reading "/Users/kdoc/github/kdoc/entities/invitation/index.ts"
2025-08-23T13:19:00.057057Z  INFO tailwindcss_oxide::scanner: Reading "/Users/kdoc/github/kdoc/entities/invitation/ui/LuxuryBackground.tsx"
2025-08-23T13:19:00.057060Z  INFO tailwindcss_oxide::scanner: Reading "/Users/kdoc/github/kdoc/entities/invitation/ui/DiamondSeal.tsx"
2025-08-23T13:19:00.057070Z  INFO tailwindcss_oxide::scanner: Reading "/Users/kdoc/github/kdoc/pnpm-workspace.yaml"
2025-08-23T13:19:00.057163Z  INFO extract_candidates:read_all_files: tailwindcss_oxide::scanner: exit
2025-08-23T13:19:00.057167Z  INFO extract_candidates:parse_all_blobs: tailwindcss_oxide::scanner: enter
2025-08-23T13:19:00.057169Z  INFO extract_candidates:parse_all_blobs:extract: tailwindcss_oxide::scanner: enter
2025-08-23T13:19:00.058175Z  INFO extract_candidates:parse_all_blobs:extract: tailwindcss_oxide::scanner: exit
2025-08-23T13:19:00.058194Z  INFO extract_candidates:parse_all_blobs: tailwindcss_oxide::scanner: exit
2025-08-23T13:19:00.058197Z  INFO extract_candidates:read_all_files: tailwindcss_oxide::scanner: enter
2025-08-23T13:19:00.058199Z  INFO extract_candidates:read_all_files: tailwindcss_oxide::scanner: Reading 1 file(s)
2025-08-23T13:19:00.058210Z  INFO extract_candidates:read_all_files: tailwindcss_oxide::scanner: Reading "/Users/kdoc/github/kdoc/app/globals.css"
2025-08-23T13:19:00.058217Z  INFO extract_candidates:read_all_files: tailwindcss_oxide::scanner: exit
2025-08-23T13:19:00.058220Z  INFO extract_candidates:extract_css_variables: tailwindcss_oxide::scanner: enter
2025-08-23T13:19:00.058221Z  INFO extract_candidates:extract_css_variables:extract: tailwindcss_oxide::scanner: enter
2025-08-23T13:19:00.058244Z  INFO extract_candidates:extract_css_variables:extract: tailwindcss_oxide::scanner: exit
2025-08-23T13:19:00.058270Z  INFO extract_candidates:extract_css_variables: tailwindcss_oxide::scanner: exit
2025-08-23T13:19:00.058630Z  INFO extract_candidates: tailwindcss_oxide::scanner: exit
2025-08-23T13:19:00.059086Z  INFO get_files: tailwindcss_oxide::scanner: enter
2025-08-23T13:19:00.059089Z  INFO get_files:scan_sources: tailwindcss_oxide::scanner: enter
2025-08-23T13:19:00.059388Z  INFO get_files:scan_sources: tailwindcss_oxide::scanner: Discovering "/Users/kdoc/github/kdoc/.cursor"
2025-08-23T13:19:00.059408Z  INFO get_files:scan_sources: tailwindcss_oxide::scanner: Discovering "/Users/kdoc/github/kdoc/.cursor/rules"
2025-08-23T13:19:00.059470Z  INFO get_files:scan_sources: tailwindcss_oxide::scanner: Discovering "/Users/kdoc/github/kdoc/app"
2025-08-23T13:19:00.059488Z  INFO get_files:scan_sources: tailwindcss_oxide::scanner: Discovering "/Users/kdoc/github/kdoc/app/infra"
2025-08-23T13:19:00.059515Z  INFO get_files:scan_sources: tailwindcss_oxide::scanner: Discovering "/Users/kdoc/github/kdoc/app/api"
2025-08-23T13:19:00.059531Z  INFO get_files:scan_sources: tailwindcss_oxide::scanner: Discovering "/Users/kdoc/github/kdoc/app/api/notion"
2025-08-23T13:19:00.059545Z  INFO get_files:scan_sources: tailwindcss_oxide::scanner: Discovering "/Users/kdoc/github/kdoc/app/api/notion/approval"
2025-08-23T13:19:00.059561Z  INFO get_files:scan_sources: tailwindcss_oxide::scanner: Discovering "/Users/kdoc/github/kdoc/app/api/notion/approval/archive"
2025-08-23T13:19:00.059580Z  INFO get_files:scan_sources: tailwindcss_oxide::scanner: Discovering "/Users/kdoc/github/kdoc/app/api/notion/approval/archive/use-cases"
2025-08-23T13:19:00.059615Z  INFO get_files:scan_sources: tailwindcss_oxide::scanner: Discovering "/Users/kdoc/github/kdoc/app/api/notion/approval/archive/infrastructure"
2025-08-23T13:19:00.059630Z  INFO get_files:scan_sources: tailwindcss_oxide::scanner: Discovering "/Users/kdoc/github/kdoc/app/api/notion/approval/archive/infrastructure/repositories"
2025-08-23T13:19:00.059652Z  INFO get_files:scan_sources: tailwindcss_oxide::scanner: Discovering "/Users/kdoc/github/kdoc/app/api/notion/approval/archive/infrastructure/services"
2025-08-23T13:19:00.059680Z  INFO get_files:scan_sources: tailwindcss_oxide::scanner: Discovering "/Users/kdoc/github/kdoc/app/api/notion/approval/archive/entities"
2025-08-23T13:19:00.059713Z  INFO get_files:scan_sources: tailwindcss_oxide::scanner: Discovering "/Users/kdoc/github/kdoc/app/[lang]"
2025-08-23T13:19:00.059729Z  INFO get_files:scan_sources: tailwindcss_oxide::scanner: Discovering "/Users/kdoc/github/kdoc/app/[lang]/auth"
2025-08-23T13:19:00.059746Z  INFO get_files:scan_sources: tailwindcss_oxide::scanner: Discovering "/Users/kdoc/github/kdoc/app/[lang]/auth/email-login"
2025-08-23T13:19:00.059764Z  INFO get_files:scan_sources: tailwindcss_oxide::scanner: Discovering "/Users/kdoc/github/kdoc/app/[lang]/auth/phone-login"
2025-08-23T13:19:00.059782Z  INFO get_files:scan_sources: tailwindcss_oxide::scanner: Discovering "/Users/kdoc/github/kdoc/app/[lang]/auth/auth-code-error"
2025-08-23T13:19:00.059799Z  INFO get_files:scan_sources: tailwindcss_oxide::scanner: Discovering "/Users/kdoc/github/kdoc/app/[lang]/auth/confirm"
2025-08-23T13:19:00.059816Z  INFO get_files:scan_sources: tailwindcss_oxide::scanner: Discovering "/Users/kdoc/github/kdoc/app/[lang]/auth/line"
2025-08-23T13:19:00.059831Z  INFO get_files:scan_sources: tailwindcss_oxide::scanner: Discovering "/Users/kdoc/github/kdoc/app/[lang]/auth/line/use-cases"
2025-08-23T13:19:00.059851Z  INFO get_files:scan_sources: tailwindcss_oxide::scanner: Discovering "/Users/kdoc/github/kdoc/app/[lang]/auth/line/callback"
2025-08-23T13:19:00.059875Z  INFO get_files:scan_sources: tailwindcss_oxide::scanner: Discovering "/Users/kdoc/github/kdoc/app/[lang]/auth/line/infrastructure"
2025-08-23T13:19:00.059889Z  INFO get_files:scan_sources: tailwindcss_oxide::scanner: Discovering "/Users/kdoc/github/kdoc/app/[lang]/auth/line/infrastructure/services"
2025-08-23T13:19:00.059912Z  INFO get_files:scan_sources: tailwindcss_oxide::scanner: Discovering "/Users/kdoc/github/kdoc/app/[lang]/auth/line/entities"
2025-08-23T13:19:00.059932Z  INFO get_files:scan_sources: tailwindcss_oxide::scanner: Discovering "/Users/kdoc/github/kdoc/app/[lang]/auth/reset-password"
2025-08-23T13:19:00.059950Z  INFO get_files:scan_sources: tailwindcss_oxide::scanner: Discovering "/Users/kdoc/github/kdoc/app/[lang]/auth/verify-phone"
2025-08-23T13:19:00.059966Z  INFO get_files:scan_sources: tailwindcss_oxide::scanner: Discovering "/Users/kdoc/github/kdoc/app/[lang]/auth/callback"
2025-08-23T13:19:00.059983Z  INFO get_files:scan_sources: tailwindcss_oxide::scanner: Discovering "/Users/kdoc/github/kdoc/app/[lang]/auth/confirm-email"
2025-08-23T13:19:00.059999Z  INFO get_files:scan_sources: tailwindcss_oxide::scanner: Discovering "/Users/kdoc/github/kdoc/app/[lang]/auth/login"
2025-08-23T13:19:00.060019Z  INFO get_files:scan_sources: tailwindcss_oxide::scanner: Discovering "/Users/kdoc/github/kdoc/app/[lang]/invite"
2025-08-23T13:19:00.060036Z  INFO get_files:scan_sources: tailwindcss_oxide::scanner: Discovering "/Users/kdoc/github/kdoc/app/[lang]/components"
2025-08-23T13:19:00.060052Z  INFO get_files:scan_sources: tailwindcss_oxide::scanner: Discovering "/Users/kdoc/github/kdoc/app/[lang]/dictionaries"
2025-08-23T13:19:00.060094Z  INFO get_files:scan_sources: tailwindcss_oxide::scanner: Discovering "/Users/kdoc/github/kdoc/features"
2025-08-23T13:19:00.060109Z  INFO get_files:scan_sources: tailwindcss_oxide::scanner: Discovering "/Users/kdoc/github/kdoc/features/email-auth"
2025-08-23T13:19:00.060123Z  INFO get_files:scan_sources: tailwindcss_oxide::scanner: Discovering "/Users/kdoc/github/kdoc/features/email-auth/ui"
2025-08-23T13:19:00.060146Z  INFO get_files:scan_sources: tailwindcss_oxide::scanner: Discovering "/Users/kdoc/github/kdoc/features/email-auth/model"
2025-08-23T13:19:00.060167Z  INFO get_files:scan_sources: tailwindcss_oxide::scanner: Discovering "/Users/kdoc/github/kdoc/features/google-auth"
2025-08-23T13:19:00.060182Z  INFO get_files:scan_sources: tailwindcss_oxide::scanner: Discovering "/Users/kdoc/github/kdoc/features/google-auth/ui"
2025-08-23T13:19:00.060203Z  INFO get_files:scan_sources: tailwindcss_oxide::scanner: Discovering "/Users/kdoc/github/kdoc/features/google-auth/model"
2025-08-23T13:19:00.060224Z  INFO get_files:scan_sources: tailwindcss_oxide::scanner: Discovering "/Users/kdoc/github/kdoc/features/phone-auth"
2025-08-23T13:19:00.060239Z  INFO get_files:scan_sources: tailwindcss_oxide::scanner: Discovering "/Users/kdoc/github/kdoc/features/phone-auth/ui"
2025-08-23T13:19:00.060263Z  INFO get_files:scan_sources: tailwindcss_oxide::scanner: Discovering "/Users/kdoc/github/kdoc/features/phone-auth/model"
2025-08-23T13:19:00.060284Z  INFO get_files:scan_sources: tailwindcss_oxide::scanner: Discovering "/Users/kdoc/github/kdoc/features/auth"
2025-08-23T13:19:00.060299Z  INFO get_files:scan_sources: tailwindcss_oxide::scanner: Discovering "/Users/kdoc/github/kdoc/features/auth/ui"
2025-08-23T13:19:00.060325Z  INFO get_files:scan_sources: tailwindcss_oxide::scanner: Discovering "/Users/kdoc/github/kdoc/features/invitation-code"
2025-08-23T13:19:00.060340Z  INFO get_files:scan_sources: tailwindcss_oxide::scanner: Discovering "/Users/kdoc/github/kdoc/features/invitation-code/ui"
2025-08-23T13:19:00.060358Z  INFO get_files:scan_sources: tailwindcss_oxide::scanner: Discovering "/Users/kdoc/github/kdoc/features/invitation-code/model"
2025-08-23T13:19:00.060379Z  INFO get_files:scan_sources: tailwindcss_oxide::scanner: Discovering "/Users/kdoc/github/kdoc/features/facebook-auth"
2025-08-23T13:19:00.060394Z  INFO get_files:scan_sources: tailwindcss_oxide::scanner: Discovering "/Users/kdoc/github/kdoc/features/facebook-auth/ui"
2025-08-23T13:19:00.060416Z  INFO get_files:scan_sources: tailwindcss_oxide::scanner: Discovering "/Users/kdoc/github/kdoc/features/facebook-auth/model"
2025-08-23T13:19:00.060437Z  INFO get_files:scan_sources: tailwindcss_oxide::scanner: Discovering "/Users/kdoc/github/kdoc/features/invitation-swipe"
2025-08-23T13:19:00.060451Z  INFO get_files:scan_sources: tailwindcss_oxide::scanner: Discovering "/Users/kdoc/github/kdoc/features/invitation-swipe/ui"
2025-08-23T13:19:00.060469Z  INFO get_files:scan_sources: tailwindcss_oxide::scanner: Discovering "/Users/kdoc/github/kdoc/features/invitation-swipe/model"
2025-08-23T13:19:00.060490Z  INFO get_files:scan_sources: tailwindcss_oxide::scanner: Discovering "/Users/kdoc/github/kdoc/features/line-auth"
2025-08-23T13:19:00.060505Z  INFO get_files:scan_sources: tailwindcss_oxide::scanner: Discovering "/Users/kdoc/github/kdoc/features/line-auth/ui"
2025-08-23T13:19:00.060522Z  INFO get_files:scan_sources: tailwindcss_oxide::scanner: Discovering "/Users/kdoc/github/kdoc/features/line-auth/model"
2025-08-23T13:19:00.060544Z  INFO get_files:scan_sources: tailwindcss_oxide::scanner: Discovering "/Users/kdoc/github/kdoc/prisma"
2025-08-23T13:19:00.060559Z  INFO get_files:scan_sources: tailwindcss_oxide::scanner: Discovering "/Users/kdoc/github/kdoc/prisma/migrations"
2025-08-23T13:19:00.060576Z  INFO get_files:scan_sources: tailwindcss_oxide::scanner: Discovering "/Users/kdoc/github/kdoc/prisma/migrations/20250809063154_domain_init"
2025-08-23T13:19:00.060598Z  INFO get_files:scan_sources: tailwindcss_oxide::scanner: Discovering "/Users/kdoc/github/kdoc/prisma/migrations/20250809045613_init"
2025-08-23T13:19:00.060614Z  INFO get_files:scan_sources: tailwindcss_oxide::scanner: Discovering "/Users/kdoc/github/kdoc/prisma/migrations/20250809064000_credit_ledger"
2025-08-23T13:19:00.060632Z  INFO get_files:scan_sources: tailwindcss_oxide::scanner: Discovering "/Users/kdoc/github/kdoc/prisma/migrations/20250815150440_connect_profile_to_auth_users"
2025-08-23T13:19:00.060652Z  INFO get_files:scan_sources: tailwindcss_oxide::scanner: Discovering "/Users/kdoc/github/kdoc/shared"
2025-08-23T13:19:00.060665Z  INFO get_files:scan_sources: tailwindcss_oxide::scanner: Discovering "/Users/kdoc/github/kdoc/shared/ui"
2025-08-23T13:19:00.060680Z  INFO get_files:scan_sources: tailwindcss_oxide::scanner: Discovering "/Users/kdoc/github/kdoc/shared/ui/language-switcher"
2025-08-23T13:19:00.060699Z  INFO get_files:scan_sources: tailwindcss_oxide::scanner: Discovering "/Users/kdoc/github/kdoc/shared/ui/section"
2025-08-23T13:19:00.060718Z  INFO get_files:scan_sources: tailwindcss_oxide::scanner: Discovering "/Users/kdoc/github/kdoc/shared/ui/card"
2025-08-23T13:19:00.060738Z  INFO get_files:scan_sources: tailwindcss_oxide::scanner: Discovering "/Users/kdoc/github/kdoc/shared/ui/input"
2025-08-23T13:19:00.060754Z  INFO get_files:scan_sources: tailwindcss_oxide::scanner: Discovering "/Users/kdoc/github/kdoc/shared/ui/status-badge"
2025-08-23T13:19:00.060772Z  INFO get_files:scan_sources: tailwindcss_oxide::scanner: Discovering "/Users/kdoc/github/kdoc/shared/ui/connector-line"
2025-08-23T13:19:00.060791Z  INFO get_files:scan_sources: tailwindcss_oxide::scanner: Discovering "/Users/kdoc/github/kdoc/shared/ui/button"
2025-08-23T13:19:00.060811Z  INFO get_files:scan_sources: tailwindcss_oxide::scanner: Discovering "/Users/kdoc/github/kdoc/shared/ui/infra-card"
2025-08-23T13:19:00.060831Z  INFO get_files:scan_sources: tailwindcss_oxide::scanner: Discovering "/Users/kdoc/github/kdoc/shared/ui/divider"
2025-08-23T13:19:00.060851Z  INFO get_files:scan_sources: tailwindcss_oxide::scanner: Discovering "/Users/kdoc/github/kdoc/shared/ui/icon"
2025-08-23T13:19:00.060866Z  INFO get_files:scan_sources: tailwindcss_oxide::scanner: Discovering "/Users/kdoc/github/kdoc/shared/ui/badge"
2025-08-23T13:19:00.060886Z  INFO get_files:scan_sources: tailwindcss_oxide::scanner: Discovering "/Users/kdoc/github/kdoc/shared/config"
2025-08-23T13:19:00.060911Z  INFO get_files:scan_sources: tailwindcss_oxide::scanner: Discovering "/Users/kdoc/github/kdoc/shared/model"
2025-08-23T13:19:00.060925Z  INFO get_files:scan_sources: tailwindcss_oxide::scanner: Discovering "/Users/kdoc/github/kdoc/shared/model/types"
2025-08-23T13:19:00.060949Z  INFO get_files:scan_sources: tailwindcss_oxide::scanner: Discovering "/Users/kdoc/github/kdoc/shared/lib"
2025-08-23T13:19:00.060966Z  INFO get_files:scan_sources: tailwindcss_oxide::scanner: Discovering "/Users/kdoc/github/kdoc/shared/lib/middleware"
2025-08-23T13:19:00.060981Z  INFO get_files:scan_sources: tailwindcss_oxide::scanner: Discovering "/Users/kdoc/github/kdoc/shared/lib/middleware/entities"
2025-08-23T13:19:00.060996Z  INFO get_files:scan_sources: tailwindcss_oxide::scanner: Discovering "/Users/kdoc/github/kdoc/shared/lib/locale"
2025-08-23T13:19:00.061016Z  INFO get_files:scan_sources: tailwindcss_oxide::scanner: Discovering "/Users/kdoc/github/kdoc/shared/lib/repositories"
2025-08-23T13:19:00.061036Z  INFO get_files:scan_sources: tailwindcss_oxide::scanner: Discovering "/Users/kdoc/github/kdoc/shared/lib/supabase"
2025-08-23T13:19:00.061065Z  INFO get_files:scan_sources: tailwindcss_oxide::scanner: Discovering "/Users/kdoc/github/kdoc/shared/lib/currency"
2025-08-23T13:19:00.061103Z  INFO get_files:scan_sources: tailwindcss_oxide::scanner: Discovering "/Users/kdoc/github/kdoc/public"
2025-08-23T13:19:00.061117Z  INFO get_files:scan_sources: tailwindcss_oxide::scanner: Discovering "/Users/kdoc/github/kdoc/public/infra"
2025-08-23T13:19:00.061158Z  INFO get_files:scan_sources: tailwindcss_oxide::scanner: Discovering "/Users/kdoc/github/kdoc/scripts"
2025-08-23T13:19:00.061189Z  INFO get_files:scan_sources: tailwindcss_oxide::scanner: Discovering "/Users/kdoc/github/kdoc/.vscode"
2025-08-23T13:19:00.061210Z  INFO get_files:scan_sources: tailwindcss_oxide::scanner: Discovering "/Users/kdoc/github/kdoc/widgets"
2025-08-23T13:19:00.061224Z  INFO get_files:scan_sources: tailwindcss_oxide::scanner: Discovering "/Users/kdoc/github/kdoc/widgets/infrastructure-diagram"
2025-08-23T13:19:00.061239Z  INFO get_files:scan_sources: tailwindcss_oxide::scanner: Discovering "/Users/kdoc/github/kdoc/widgets/infrastructure-diagram/ui"
2025-08-23T13:19:00.061268Z  INFO get_files:scan_sources: tailwindcss_oxide::scanner: Discovering "/Users/kdoc/github/kdoc/widgets/beauty-invitation"
2025-08-23T13:19:00.061282Z  INFO get_files:scan_sources: tailwindcss_oxide::scanner: Discovering "/Users/kdoc/github/kdoc/widgets/beauty-invitation/ui"
2025-08-23T13:19:00.061310Z  INFO get_files:scan_sources: tailwindcss_oxide::scanner: Discovering "/Users/kdoc/github/kdoc/widgets/beauty-invitation/model"
2025-08-23T13:19:00.061331Z  INFO get_files:scan_sources: tailwindcss_oxide::scanner: Discovering "/Users/kdoc/github/kdoc/widgets/user-profile"
2025-08-23T13:19:00.061345Z  INFO get_files:scan_sources: tailwindcss_oxide::scanner: Discovering "/Users/kdoc/github/kdoc/widgets/user-profile/ui"
2025-08-23T13:19:00.061365Z  INFO get_files:scan_sources: tailwindcss_oxide::scanner: Discovering "/Users/kdoc/github/kdoc/widgets/home-sections"
2025-08-23T13:19:00.061380Z  INFO get_files:scan_sources: tailwindcss_oxide::scanner: Discovering "/Users/kdoc/github/kdoc/widgets/home-sections/ui"
2025-08-23T13:19:00.061406Z  INFO get_files:scan_sources: tailwindcss_oxide::scanner: Discovering "/Users/kdoc/github/kdoc/entities"
2025-08-23T13:19:00.061421Z  INFO get_files:scan_sources: tailwindcss_oxide::scanner: Discovering "/Users/kdoc/github/kdoc/entities/home"
2025-08-23T13:19:00.061435Z  INFO get_files:scan_sources: tailwindcss_oxide::scanner: Discovering "/Users/kdoc/github/kdoc/entities/home/ui"
2025-08-23T13:19:00.061456Z  INFO get_files:scan_sources: tailwindcss_oxide::scanner: Discovering "/Users/kdoc/github/kdoc/entities/home/model"
2025-08-23T13:19:00.061477Z  INFO get_files:scan_sources: tailwindcss_oxide::scanner: Discovering "/Users/kdoc/github/kdoc/entities/user"
2025-08-23T13:19:00.061491Z  INFO get_files:scan_sources: tailwindcss_oxide::scanner: Discovering "/Users/kdoc/github/kdoc/entities/user/ui"
2025-08-23T13:19:00.061514Z  INFO get_files:scan_sources: tailwindcss_oxide::scanner: Discovering "/Users/kdoc/github/kdoc/entities/user/model"
2025-08-23T13:19:00.061537Z  INFO get_files:scan_sources: tailwindcss_oxide::scanner: Discovering "/Users/kdoc/github/kdoc/entities/infrastructure"
2025-08-23T13:19:00.061551Z  INFO get_files:scan_sources: tailwindcss_oxide::scanner: Discovering "/Users/kdoc/github/kdoc/entities/infrastructure/model"
2025-08-23T13:19:00.061574Z  INFO get_files:scan_sources: tailwindcss_oxide::scanner: Discovering "/Users/kdoc/github/kdoc/entities/invitation"
2025-08-23T13:19:00.061588Z  INFO get_files:scan_sources: tailwindcss_oxide::scanner: Discovering "/Users/kdoc/github/kdoc/entities/invitation/ui"
2025-08-23T13:19:00.061606Z  INFO get_files:scan_sources: tailwindcss_oxide::scanner: Discovering "/Users/kdoc/github/kdoc/entities/invitation/model"
2025-08-23T13:19:00.061643Z  INFO get_files:scan_sources: tailwindcss_oxide::scanner: exit
2025-08-23T13:19:00.061740Z  INFO get_files: tailwindcss_oxide::scanner: exit
2025-08-23T13:19:00.061891Z  INFO get_globs: tailwindcss_oxide::scanner: enter
2025-08-23T13:19:00.061894Z  INFO get_globs:scan_sources: tailwindcss_oxide::scanner: enter
2025-08-23T13:19:00.062143Z  INFO get_globs:scan_sources: tailwindcss_oxide::scanner: Discovering "/Users/kdoc/github/kdoc/.cursor"
2025-08-23T13:19:00.062160Z  INFO get_globs:scan_sources: tailwindcss_oxide::scanner: Discovering "/Users/kdoc/github/kdoc/.cursor/rules"
2025-08-23T13:19:00.062215Z  INFO get_globs:scan_sources: tailwindcss_oxide::scanner: Discovering "/Users/kdoc/github/kdoc/app"
2025-08-23T13:19:00.062230Z  INFO get_globs:scan_sources: tailwindcss_oxide::scanner: Discovering "/Users/kdoc/github/kdoc/app/infra"
2025-08-23T13:19:00.062251Z  INFO get_globs:scan_sources: tailwindcss_oxide::scanner: Discovering "/Users/kdoc/github/kdoc/app/api"
2025-08-23T13:19:00.062265Z  INFO get_globs:scan_sources: tailwindcss_oxide::scanner: Discovering "/Users/kdoc/github/kdoc/app/api/notion"
2025-08-23T13:19:00.062278Z  INFO get_globs:scan_sources: tailwindcss_oxide::scanner: Discovering "/Users/kdoc/github/kdoc/app/api/notion/approval"
2025-08-23T13:19:00.062291Z  INFO get_globs:scan_sources: tailwindcss_oxide::scanner: Discovering "/Users/kdoc/github/kdoc/app/api/notion/approval/archive"
2025-08-23T13:19:00.062309Z  INFO get_globs:scan_sources: tailwindcss_oxide::scanner: Discovering "/Users/kdoc/github/kdoc/app/api/notion/approval/archive/use-cases"
2025-08-23T13:19:00.062340Z  INFO get_globs:scan_sources: tailwindcss_oxide::scanner: Discovering "/Users/kdoc/github/kdoc/app/api/notion/approval/archive/infrastructure"
2025-08-23T13:19:00.062353Z  INFO get_globs:scan_sources: tailwindcss_oxide::scanner: Discovering "/Users/kdoc/github/kdoc/app/api/notion/approval/archive/infrastructure/repositories"
2025-08-23T13:19:00.062375Z  INFO get_globs:scan_sources: tailwindcss_oxide::scanner: Discovering "/Users/kdoc/github/kdoc/app/api/notion/approval/archive/infrastructure/services"
2025-08-23T13:19:00.062401Z  INFO get_globs:scan_sources: tailwindcss_oxide::scanner: Discovering "/Users/kdoc/github/kdoc/app/api/notion/approval/archive/entities"
2025-08-23T13:19:00.062432Z  INFO get_globs:scan_sources: tailwindcss_oxide::scanner: Discovering "/Users/kdoc/github/kdoc/app/[lang]"
2025-08-23T13:19:00.062446Z  INFO get_globs:scan_sources: tailwindcss_oxide::scanner: Discovering "/Users/kdoc/github/kdoc/app/[lang]/auth"
2025-08-23T13:19:00.062461Z  INFO get_globs:scan_sources: tailwindcss_oxide::scanner: Discovering "/Users/kdoc/github/kdoc/app/[lang]/auth/email-login"
2025-08-23T13:19:00.062477Z  INFO get_globs:scan_sources: tailwindcss_oxide::scanner: Discovering "/Users/kdoc/github/kdoc/app/[lang]/auth/phone-login"
2025-08-23T13:19:00.062493Z  INFO get_globs:scan_sources: tailwindcss_oxide::scanner: Discovering "/Users/kdoc/github/kdoc/app/[lang]/auth/auth-code-error"
2025-08-23T13:19:00.062509Z  INFO get_globs:scan_sources: tailwindcss_oxide::scanner: Discovering "/Users/kdoc/github/kdoc/app/[lang]/auth/confirm"
2025-08-23T13:19:00.062530Z  INFO get_globs:scan_sources: tailwindcss_oxide::scanner: Discovering "/Users/kdoc/github/kdoc/app/[lang]/auth/line"
2025-08-23T13:19:00.062544Z  INFO get_globs:scan_sources: tailwindcss_oxide::scanner: Discovering "/Users/kdoc/github/kdoc/app/[lang]/auth/line/use-cases"
2025-08-23T13:19:00.062562Z  INFO get_globs:scan_sources: tailwindcss_oxide::scanner: Discovering "/Users/kdoc/github/kdoc/app/[lang]/auth/line/callback"
2025-08-23T13:19:00.062578Z  INFO get_globs:scan_sources: tailwindcss_oxide::scanner: Discovering "/Users/kdoc/github/kdoc/app/[lang]/auth/line/infrastructure"
2025-08-23T13:19:00.062591Z  INFO get_globs:scan_sources: tailwindcss_oxide::scanner: Discovering "/Users/kdoc/github/kdoc/app/[lang]/auth/line/infrastructure/services"
2025-08-23T13:19:00.062611Z  INFO get_globs:scan_sources: tailwindcss_oxide::scanner: Discovering "/Users/kdoc/github/kdoc/app/[lang]/auth/line/entities"
2025-08-23T13:19:00.062630Z  INFO get_globs:scan_sources: tailwindcss_oxide::scanner: Discovering "/Users/kdoc/github/kdoc/app/[lang]/auth/reset-password"
2025-08-23T13:19:00.062646Z  INFO get_globs:scan_sources: tailwindcss_oxide::scanner: Discovering "/Users/kdoc/github/kdoc/app/[lang]/auth/verify-phone"
2025-08-23T13:19:00.062662Z  INFO get_globs:scan_sources: tailwindcss_oxide::scanner: Discovering "/Users/kdoc/github/kdoc/app/[lang]/auth/callback"
2025-08-23T13:19:00.062678Z  INFO get_globs:scan_sources: tailwindcss_oxide::scanner: Discovering "/Users/kdoc/github/kdoc/app/[lang]/auth/confirm-email"
2025-08-23T13:19:00.062694Z  INFO get_globs:scan_sources: tailwindcss_oxide::scanner: Discovering "/Users/kdoc/github/kdoc/app/[lang]/auth/login"
2025-08-23T13:19:00.062713Z  INFO get_globs:scan_sources: tailwindcss_oxide::scanner: Discovering "/Users/kdoc/github/kdoc/app/[lang]/invite"
2025-08-23T13:19:00.062728Z  INFO get_globs:scan_sources: tailwindcss_oxide::scanner: Discovering "/Users/kdoc/github/kdoc/app/[lang]/components"
2025-08-23T13:19:00.062747Z  INFO get_globs:scan_sources: tailwindcss_oxide::scanner: Discovering "/Users/kdoc/github/kdoc/app/[lang]/dictionaries"
2025-08-23T13:19:00.062785Z  INFO get_globs:scan_sources: tailwindcss_oxide::scanner: Discovering "/Users/kdoc/github/kdoc/features"
2025-08-23T13:19:00.062799Z  INFO get_globs:scan_sources: tailwindcss_oxide::scanner: Discovering "/Users/kdoc/github/kdoc/features/email-auth"
2025-08-23T13:19:00.062812Z  INFO get_globs:scan_sources: tailwindcss_oxide::scanner: Discovering "/Users/kdoc/github/kdoc/features/email-auth/ui"
2025-08-23T13:19:00.062831Z  INFO get_globs:scan_sources: tailwindcss_oxide::scanner: Discovering "/Users/kdoc/github/kdoc/features/email-auth/model"
2025-08-23T13:19:00.062850Z  INFO get_globs:scan_sources: tailwindcss_oxide::scanner: Discovering "/Users/kdoc/github/kdoc/features/google-auth"
2025-08-23T13:19:00.062863Z  INFO get_globs:scan_sources: tailwindcss_oxide::scanner: Discovering "/Users/kdoc/github/kdoc/features/google-auth/ui"
2025-08-23T13:19:00.062881Z  INFO get_globs:scan_sources: tailwindcss_oxide::scanner: Discovering "/Users/kdoc/github/kdoc/features/google-auth/model"
2025-08-23T13:19:00.062900Z  INFO get_globs:scan_sources: tailwindcss_oxide::scanner: Discovering "/Users/kdoc/github/kdoc/features/phone-auth"
2025-08-23T13:19:00.062913Z  INFO get_globs:scan_sources: tailwindcss_oxide::scanner: Discovering "/Users/kdoc/github/kdoc/features/phone-auth/ui"
2025-08-23T13:19:00.062934Z  INFO get_globs:scan_sources: tailwindcss_oxide::scanner: Discovering "/Users/kdoc/github/kdoc/features/phone-auth/model"
2025-08-23T13:19:00.062952Z  INFO get_globs:scan_sources: tailwindcss_oxide::scanner: Discovering "/Users/kdoc/github/kdoc/features/auth"
2025-08-23T13:19:00.062964Z  INFO get_globs:scan_sources: tailwindcss_oxide::scanner: Discovering "/Users/kdoc/github/kdoc/features/auth/ui"
2025-08-23T13:19:00.062989Z  INFO get_globs:scan_sources: tailwindcss_oxide::scanner: Discovering "/Users/kdoc/github/kdoc/features/invitation-code"
2025-08-23T13:19:00.063004Z  INFO get_globs:scan_sources: tailwindcss_oxide::scanner: Discovering "/Users/kdoc/github/kdoc/features/invitation-code/ui"
2025-08-23T13:19:00.063023Z  INFO get_globs:scan_sources: tailwindcss_oxide::scanner: Discovering "/Users/kdoc/github/kdoc/features/invitation-code/model"
2025-08-23T13:19:00.063043Z  INFO get_globs:scan_sources: tailwindcss_oxide::scanner: Discovering "/Users/kdoc/github/kdoc/features/facebook-auth"
2025-08-23T13:19:00.063057Z  INFO get_globs:scan_sources: tailwindcss_oxide::scanner: Discovering "/Users/kdoc/github/kdoc/features/facebook-auth/ui"
2025-08-23T13:19:00.063075Z  INFO get_globs:scan_sources: tailwindcss_oxide::scanner: Discovering "/Users/kdoc/github/kdoc/features/facebook-auth/model"
2025-08-23T13:19:00.063095Z  INFO get_globs:scan_sources: tailwindcss_oxide::scanner: Discovering "/Users/kdoc/github/kdoc/features/invitation-swipe"
2025-08-23T13:19:00.063107Z  INFO get_globs:scan_sources: tailwindcss_oxide::scanner: Discovering "/Users/kdoc/github/kdoc/features/invitation-swipe/ui"
2025-08-23T13:19:00.063123Z  INFO get_globs:scan_sources: tailwindcss_oxide::scanner: Discovering "/Users/kdoc/github/kdoc/features/invitation-swipe/model"
2025-08-23T13:19:00.063142Z  INFO get_globs:scan_sources: tailwindcss_oxide::scanner: Discovering "/Users/kdoc/github/kdoc/features/line-auth"
2025-08-23T13:19:00.063154Z  INFO get_globs:scan_sources: tailwindcss_oxide::scanner: Discovering "/Users/kdoc/github/kdoc/features/line-auth/ui"
2025-08-23T13:19:00.063170Z  INFO get_globs:scan_sources: tailwindcss_oxide::scanner: Discovering "/Users/kdoc/github/kdoc/features/line-auth/model"
2025-08-23T13:19:00.063188Z  INFO get_globs:scan_sources: tailwindcss_oxide::scanner: Discovering "/Users/kdoc/github/kdoc/prisma"
2025-08-23T13:19:00.063202Z  INFO get_globs:scan_sources: tailwindcss_oxide::scanner: Discovering "/Users/kdoc/github/kdoc/prisma/migrations"
2025-08-23T13:19:00.063217Z  INFO get_globs:scan_sources: tailwindcss_oxide::scanner: Discovering "/Users/kdoc/github/kdoc/prisma/migrations/20250809063154_domain_init"
2025-08-23T13:19:00.063239Z  INFO get_globs:scan_sources: tailwindcss_oxide::scanner: Discovering "/Users/kdoc/github/kdoc/prisma/migrations/20250809045613_init"
2025-08-23T13:19:00.063257Z  INFO get_globs:scan_sources: tailwindcss_oxide::scanner: Discovering "/Users/kdoc/github/kdoc/prisma/migrations/20250809064000_credit_ledger"
2025-08-23T13:19:00.063275Z  INFO get_globs:scan_sources: tailwindcss_oxide::scanner: Discovering "/Users/kdoc/github/kdoc/prisma/migrations/20250815150440_connect_profile_to_auth_users"
2025-08-23T13:19:00.063297Z  INFO get_globs:scan_sources: tailwindcss_oxide::scanner: Discovering "/Users/kdoc/github/kdoc/shared"
2025-08-23T13:19:00.063311Z  INFO get_globs:scan_sources: tailwindcss_oxide::scanner: Discovering "/Users/kdoc/github/kdoc/shared/ui"
2025-08-23T13:19:00.063327Z  INFO get_globs:scan_sources: tailwindcss_oxide::scanner: Discovering "/Users/kdoc/github/kdoc/shared/ui/language-switcher"
2025-08-23T13:19:00.063346Z  INFO get_globs:scan_sources: tailwindcss_oxide::scanner: Discovering "/Users/kdoc/github/kdoc/shared/ui/section"
2025-08-23T13:19:00.063366Z  INFO get_globs:scan_sources: tailwindcss_oxide::scanner: Discovering "/Users/kdoc/github/kdoc/shared/ui/card"
2025-08-23T13:19:00.063388Z  INFO get_globs:scan_sources: tailwindcss_oxide::scanner: Discovering "/Users/kdoc/github/kdoc/shared/ui/input"
2025-08-23T13:19:00.063404Z  INFO get_globs:scan_sources: tailwindcss_oxide::scanner: Discovering "/Users/kdoc/github/kdoc/shared/ui/status-badge"
2025-08-23T13:19:00.063424Z  INFO get_globs:scan_sources: tailwindcss_oxide::scanner: Discovering "/Users/kdoc/github/kdoc/shared/ui/connector-line"
2025-08-23T13:19:00.063444Z  INFO get_globs:scan_sources: tailwindcss_oxide::scanner: Discovering "/Users/kdoc/github/kdoc/shared/ui/button"
2025-08-23T13:19:00.063463Z  INFO get_globs:scan_sources: tailwindcss_oxide::scanner: Discovering "/Users/kdoc/github/kdoc/shared/ui/infra-card"
2025-08-23T13:19:00.063483Z  INFO get_globs:scan_sources: tailwindcss_oxide::scanner: Discovering "/Users/kdoc/github/kdoc/shared/ui/divider"
2025-08-23T13:19:00.063504Z  INFO get_globs:scan_sources: tailwindcss_oxide::scanner: Discovering "/Users/kdoc/github/kdoc/shared/ui/icon"
2025-08-23T13:19:00.063518Z  INFO get_globs:scan_sources: tailwindcss_oxide::scanner: Discovering "/Users/kdoc/github/kdoc/shared/ui/badge"
2025-08-23T13:19:00.063538Z  INFO get_globs:scan_sources: tailwindcss_oxide::scanner: Discovering "/Users/kdoc/github/kdoc/shared/config"
2025-08-23T13:19:00.063560Z  INFO get_globs:scan_sources: tailwindcss_oxide::scanner: Discovering "/Users/kdoc/github/kdoc/shared/model"
2025-08-23T13:19:00.063574Z  INFO get_globs:scan_sources: tailwindcss_oxide::scanner: Discovering "/Users/kdoc/github/kdoc/shared/model/types"
2025-08-23T13:19:00.063595Z  INFO get_globs:scan_sources: tailwindcss_oxide::scanner: Discovering "/Users/kdoc/github/kdoc/shared/lib"
2025-08-23T13:19:00.063611Z  INFO get_globs:scan_sources: tailwindcss_oxide::scanner: Discovering "/Users/kdoc/github/kdoc/shared/lib/middleware"
2025-08-23T13:19:00.063623Z  INFO get_globs:scan_sources: tailwindcss_oxide::scanner: Discovering "/Users/kdoc/github/kdoc/shared/lib/middleware/entities"
2025-08-23T13:19:00.063637Z  INFO get_globs:scan_sources: tailwindcss_oxide::scanner: Discovering "/Users/kdoc/github/kdoc/shared/lib/locale"
2025-08-23T13:19:00.063654Z  INFO get_globs:scan_sources: tailwindcss_oxide::scanner: Discovering "/Users/kdoc/github/kdoc/shared/lib/repositories"
2025-08-23T13:19:00.063672Z  INFO get_globs:scan_sources: tailwindcss_oxide::scanner: Discovering "/Users/kdoc/github/kdoc/shared/lib/supabase"
2025-08-23T13:19:00.063699Z  INFO get_globs:scan_sources: tailwindcss_oxide::scanner: Discovering "/Users/kdoc/github/kdoc/shared/lib/currency"
2025-08-23T13:19:00.063738Z  INFO get_globs:scan_sources: tailwindcss_oxide::scanner: Discovering "/Users/kdoc/github/kdoc/public"
2025-08-23T13:19:00.063752Z  INFO get_globs:scan_sources: tailwindcss_oxide::scanner: Discovering "/Users/kdoc/github/kdoc/public/infra"
2025-08-23T13:19:00.063795Z  INFO get_globs:scan_sources: tailwindcss_oxide::scanner: Discovering "/Users/kdoc/github/kdoc/scripts"
2025-08-23T13:19:00.063827Z  INFO get_globs:scan_sources: tailwindcss_oxide::scanner: Discovering "/Users/kdoc/github/kdoc/.vscode"
2025-08-23T13:19:00.063847Z  INFO get_globs:scan_sources: tailwindcss_oxide::scanner: Discovering "/Users/kdoc/github/kdoc/widgets"
2025-08-23T13:19:00.063861Z  INFO get_globs:scan_sources: tailwindcss_oxide::scanner: Discovering "/Users/kdoc/github/kdoc/widgets/infrastructure-diagram"
2025-08-23T13:19:00.063875Z  INFO get_globs:scan_sources: tailwindcss_oxide::scanner: Discovering "/Users/kdoc/github/kdoc/widgets/infrastructure-diagram/ui"
2025-08-23T13:19:00.063904Z  INFO get_globs:scan_sources: tailwindcss_oxide::scanner: Discovering "/Users/kdoc/github/kdoc/widgets/beauty-invitation"
2025-08-23T13:19:00.063918Z  INFO get_globs:scan_sources: tailwindcss_oxide::scanner: Discovering "/Users/kdoc/github/kdoc/widgets/beauty-invitation/ui"
2025-08-23T13:19:00.063945Z  INFO get_globs:scan_sources: tailwindcss_oxide::scanner: Discovering "/Users/kdoc/github/kdoc/widgets/beauty-invitation/model"
2025-08-23T13:19:00.063966Z  INFO get_globs:scan_sources: tailwindcss_oxide::scanner: Discovering "/Users/kdoc/github/kdoc/widgets/user-profile"
2025-08-23T13:19:00.063979Z  INFO get_globs:scan_sources: tailwindcss_oxide::scanner: Discovering "/Users/kdoc/github/kdoc/widgets/user-profile/ui"
2025-08-23T13:19:00.063999Z  INFO get_globs:scan_sources: tailwindcss_oxide::scanner: Discovering "/Users/kdoc/github/kdoc/widgets/home-sections"
2025-08-23T13:19:00.064013Z  INFO get_globs:scan_sources: tailwindcss_oxide::scanner: Discovering "/Users/kdoc/github/kdoc/widgets/home-sections/ui"
2025-08-23T13:19:00.064038Z  INFO get_globs:scan_sources: tailwindcss_oxide::scanner: Discovering "/Users/kdoc/github/kdoc/entities"
2025-08-23T13:19:00.064052Z  INFO get_globs:scan_sources: tailwindcss_oxide::scanner: Discovering "/Users/kdoc/github/kdoc/entities/home"
2025-08-23T13:19:00.064066Z  INFO get_globs:scan_sources: tailwindcss_oxide::scanner: Discovering "/Users/kdoc/github/kdoc/entities/home/ui"
2025-08-23T13:19:00.064092Z  INFO get_globs:scan_sources: tailwindcss_oxide::scanner: Discovering "/Users/kdoc/github/kdoc/entities/home/model"
2025-08-23T13:19:00.064110Z  INFO get_globs:scan_sources: tailwindcss_oxide::scanner: Discovering "/Users/kdoc/github/kdoc/entities/user"
2025-08-23T13:19:00.064122Z  INFO get_globs:scan_sources: tailwindcss_oxide::scanner: Discovering "/Users/kdoc/github/kdoc/entities/user/ui"
2025-08-23T13:19:00.064138Z  INFO get_globs:scan_sources: tailwindcss_oxide::scanner: Discovering "/Users/kdoc/github/kdoc/entities/user/model"
2025-08-23T13:19:00.064158Z  INFO get_globs:scan_sources: tailwindcss_oxide::scanner: Discovering "/Users/kdoc/github/kdoc/entities/infrastructure"
2025-08-23T13:19:00.064170Z  INFO get_globs:scan_sources: tailwindcss_oxide::scanner: Discovering "/Users/kdoc/github/kdoc/entities/infrastructure/model"
2025-08-23T13:19:00.064191Z  INFO get_globs:scan_sources: tailwindcss_oxide::scanner: Discovering "/Users/kdoc/github/kdoc/entities/invitation"
2025-08-23T13:19:00.064205Z  INFO get_globs:scan_sources: tailwindcss_oxide::scanner: Discovering "/Users/kdoc/github/kdoc/entities/invitation/ui"
2025-08-23T13:19:00.064225Z  INFO get_globs:scan_sources: tailwindcss_oxide::scanner: Discovering "/Users/kdoc/github/kdoc/entities/invitation/model"
2025-08-23T13:19:00.064264Z  INFO get_globs:scan_sources: tailwindcss_oxide::scanner: exit
2025-08-23T13:19:00.066035Z  INFO get_globs: tailwindcss_oxide::scanner: exit
