2025-08-23T13:16:03.241909Z  INFO tailwindcss_oxide::scanner: Provided sources:
2025-08-23T13:16:03.241957Z  INFO tailwindcss_oxide::scanner: Source: PublicSourceEntry { base: "/Users/kdoc/github/kdoc", pattern: "**/*", negated: false }
2025-08-23T13:16:03.242016Z  INFO tailwindcss_oxide::scanner: Optimized sources:
2025-08-23T13:16:03.242020Z  INFO tailwindcss_oxide::scanner: Source: Auto { base: "/Users/kdoc/github/kdoc" }
2025-08-23T13:16:03.243031Z  INFO scan_sources: tailwindcss_oxide::scanner: enter
2025-08-23T13:16:03.243349Z  INFO scan_sources: tailwindcss_oxide::scanner: Discovering "/Users/kdoc/github/kdoc/middleware.ts"
2025-08-23T13:16:03.243372Z  INFO scan_sources: tailwindcss_oxide::scanner: Discovering "/Users/kdoc/github/kdoc/.cursor"
2025-08-23T13:16:03.243400Z  INFO scan_sources: tailwindcss_oxide::scanner: Discovering "/Users/kdoc/github/kdoc/.cursor/rules"
2025-08-23T13:16:03.243417Z  INFO scan_sources: tailwindcss_oxide::scanner: Discovering "/Users/kdoc/github/kdoc/.cursor/rules/backend-architecture.mdc"
2025-08-23T13:16:03.243426Z  INFO scan_sources: tailwindcss_oxide::scanner: Discovering "/Users/kdoc/github/kdoc/.cursor/rules/nextjs.mdc"
2025-08-23T13:16:03.243433Z  INFO scan_sources: tailwindcss_oxide::scanner: Discovering "/Users/kdoc/github/kdoc/.cursor/rules/architecture.mdc"
2025-08-23T13:16:03.243439Z  INFO scan_sources: tailwindcss_oxide::scanner: Discovering "/Users/kdoc/github/kdoc/.cursor/rules/style.mdc"
2025-08-23T13:16:03.243480Z  INFO scan_sources: tailwindcss_oxide::scanner: Discovering "/Users/kdoc/github/kdoc/app"
2025-08-23T13:16:03.243503Z  INFO scan_sources: tailwindcss_oxide::scanner: Discovering "/Users/kdoc/github/kdoc/app/infra"
2025-08-23T13:16:03.243521Z  INFO scan_sources: tailwindcss_oxide::scanner: Discovering "/Users/kdoc/github/kdoc/app/infra/page.tsx"
2025-08-23T13:16:03.243532Z  INFO scan_sources: tailwindcss_oxide::scanner: Discovering "/Users/kdoc/github/kdoc/app/layout.tsx"
2025-08-23T13:16:03.243544Z  INFO scan_sources: tailwindcss_oxide::scanner: Discovering "/Users/kdoc/github/kdoc/app/api"
2025-08-23T13:16:03.243563Z  INFO scan_sources: tailwindcss_oxide::scanner: Discovering "/Users/kdoc/github/kdoc/app/api/notion"
2025-08-23T13:16:03.243581Z  INFO scan_sources: tailwindcss_oxide::scanner: Discovering "/Users/kdoc/github/kdoc/app/api/notion/approval"
2025-08-23T13:16:03.243601Z  INFO scan_sources: tailwindcss_oxide::scanner: Discovering "/Users/kdoc/github/kdoc/app/api/notion/approval/archive"
2025-08-23T13:16:03.243617Z  INFO scan_sources: tailwindcss_oxide::scanner: Discovering "/Users/kdoc/github/kdoc/app/api/notion/approval/archive/container.ts"
2025-08-23T13:16:03.243629Z  INFO scan_sources: tailwindcss_oxide::scanner: Discovering "/Users/kdoc/github/kdoc/app/api/notion/approval/archive/use-cases"
2025-08-23T13:16:03.243645Z  INFO scan_sources: tailwindcss_oxide::scanner: Discovering "/Users/kdoc/github/kdoc/app/api/notion/approval/archive/use-cases/scan-and-archive.ts"
2025-08-23T13:16:03.243653Z  INFO scan_sources: tailwindcss_oxide::scanner: Discovering "/Users/kdoc/github/kdoc/app/api/notion/approval/archive/use-cases/archive-page.ts"
2025-08-23T13:16:03.243661Z  INFO scan_sources: tailwindcss_oxide::scanner: Discovering "/Users/kdoc/github/kdoc/app/api/notion/approval/archive/use-cases/process-webhook.ts"
2025-08-23T13:16:03.243668Z  INFO scan_sources: tailwindcss_oxide::scanner: Discovering "/Users/kdoc/github/kdoc/app/api/notion/approval/archive/use-cases/index.ts"
2025-08-23T13:16:03.243675Z  INFO scan_sources: tailwindcss_oxide::scanner: Discovering "/Users/kdoc/github/kdoc/app/api/notion/approval/archive/use-cases/interfaces.ts"
2025-08-23T13:16:03.243684Z  INFO scan_sources: tailwindcss_oxide::scanner: Discovering "/Users/kdoc/github/kdoc/app/api/notion/approval/archive/route.ts"
2025-08-23T13:16:03.243696Z  INFO scan_sources: tailwindcss_oxide::scanner: Discovering "/Users/kdoc/github/kdoc/app/api/notion/approval/archive/infrastructure"
2025-08-23T13:16:03.243715Z  INFO scan_sources: tailwindcss_oxide::scanner: Discovering "/Users/kdoc/github/kdoc/app/api/notion/approval/archive/infrastructure/repositories"
2025-08-23T13:16:03.243735Z  INFO scan_sources: tailwindcss_oxide::scanner: Discovering "/Users/kdoc/github/kdoc/app/api/notion/approval/archive/infrastructure/repositories/notion-page-repository.ts"
2025-08-23T13:16:03.243742Z  INFO scan_sources: tailwindcss_oxide::scanner: Discovering "/Users/kdoc/github/kdoc/app/api/notion/approval/archive/infrastructure/repositories/index.ts"
2025-08-23T13:16:03.243756Z  INFO scan_sources: tailwindcss_oxide::scanner: Discovering "/Users/kdoc/github/kdoc/app/api/notion/approval/archive/infrastructure/services"
2025-08-23T13:16:03.243770Z  INFO scan_sources: tailwindcss_oxide::scanner: Discovering "/Users/kdoc/github/kdoc/app/api/notion/approval/archive/infrastructure/services/notion-client-factory.ts"
2025-08-23T13:16:03.243777Z  INFO scan_sources: tailwindcss_oxide::scanner: Discovering "/Users/kdoc/github/kdoc/app/api/notion/approval/archive/infrastructure/services/notion-client-service.ts"
2025-08-23T13:16:03.243784Z  INFO scan_sources: tailwindcss_oxide::scanner: Discovering "/Users/kdoc/github/kdoc/app/api/notion/approval/archive/infrastructure/services/logger-service.ts"
2025-08-23T13:16:03.243791Z  INFO scan_sources: tailwindcss_oxide::scanner: Discovering "/Users/kdoc/github/kdoc/app/api/notion/approval/archive/infrastructure/services/index.ts"
2025-08-23T13:16:03.243805Z  INFO scan_sources: tailwindcss_oxide::scanner: Discovering "/Users/kdoc/github/kdoc/app/api/notion/approval/archive/entities"
2025-08-23T13:16:03.243819Z  INFO scan_sources: tailwindcss_oxide::scanner: Discovering "/Users/kdoc/github/kdoc/app/api/notion/approval/archive/entities/archive-request.ts"
2025-08-23T13:16:03.243826Z  INFO scan_sources: tailwindcss_oxide::scanner: Discovering "/Users/kdoc/github/kdoc/app/api/notion/approval/archive/entities/errors.ts"
2025-08-23T13:16:03.243832Z  INFO scan_sources: tailwindcss_oxide::scanner: Discovering "/Users/kdoc/github/kdoc/app/api/notion/approval/archive/entities/notion-page.ts"
2025-08-23T13:16:03.243838Z  INFO scan_sources: tailwindcss_oxide::scanner: Discovering "/Users/kdoc/github/kdoc/app/api/notion/approval/archive/entities/index.ts"
2025-08-23T13:16:03.243849Z  INFO scan_sources: tailwindcss_oxide::scanner: Discovering "/Users/kdoc/github/kdoc/app/globals.css"
2025-08-23T13:16:03.243860Z  INFO scan_sources: tailwindcss_oxide::scanner: Discovering "/Users/kdoc/github/kdoc/app/[lang]"
2025-08-23T13:16:03.243880Z  INFO scan_sources: tailwindcss_oxide::scanner: Discovering "/Users/kdoc/github/kdoc/app/[lang]/auth"
2025-08-23T13:16:03.243900Z  INFO scan_sources: tailwindcss_oxide::scanner: Discovering "/Users/kdoc/github/kdoc/app/[lang]/auth/email-login"
2025-08-23T13:16:03.243914Z  INFO scan_sources: tailwindcss_oxide::scanner: Discovering "/Users/kdoc/github/kdoc/app/[lang]/auth/email-login/page.tsx"
2025-08-23T13:16:03.243926Z  INFO scan_sources: tailwindcss_oxide::scanner: Discovering "/Users/kdoc/github/kdoc/app/[lang]/auth/phone-login"
2025-08-23T13:16:03.243938Z  INFO scan_sources: tailwindcss_oxide::scanner: Discovering "/Users/kdoc/github/kdoc/app/[lang]/auth/phone-login/page.tsx"
2025-08-23T13:16:03.243951Z  INFO scan_sources: tailwindcss_oxide::scanner: Discovering "/Users/kdoc/github/kdoc/app/[lang]/auth/auth-code-error"
2025-08-23T13:16:03.243963Z  INFO scan_sources: tailwindcss_oxide::scanner: Discovering "/Users/kdoc/github/kdoc/app/[lang]/auth/auth-code-error/page.tsx"
2025-08-23T13:16:03.243974Z  INFO scan_sources: tailwindcss_oxide::scanner: Discovering "/Users/kdoc/github/kdoc/app/[lang]/auth/confirm"
2025-08-23T13:16:03.243986Z  INFO scan_sources: tailwindcss_oxide::scanner: Discovering "/Users/kdoc/github/kdoc/app/[lang]/auth/confirm/route.ts"
2025-08-23T13:16:03.243996Z  INFO scan_sources: tailwindcss_oxide::scanner: Discovering "/Users/kdoc/github/kdoc/app/[lang]/auth/line"
2025-08-23T13:16:03.244014Z  INFO scan_sources: tailwindcss_oxide::scanner: Discovering "/Users/kdoc/github/kdoc/app/[lang]/auth/line/use-cases"
2025-08-23T13:16:03.244026Z  INFO scan_sources: tailwindcss_oxide::scanner: Discovering "/Users/kdoc/github/kdoc/app/[lang]/auth/line/use-cases/line-auth-use-case.ts"
2025-08-23T13:16:03.244036Z  INFO scan_sources: tailwindcss_oxide::scanner: Discovering "/Users/kdoc/github/kdoc/app/[lang]/auth/line/use-cases/index.ts"
2025-08-23T13:16:03.244048Z  INFO scan_sources: tailwindcss_oxide::scanner: Discovering "/Users/kdoc/github/kdoc/app/[lang]/auth/line/callback"
2025-08-23T13:16:03.244062Z  INFO scan_sources: tailwindcss_oxide::scanner: Discovering "/Users/kdoc/github/kdoc/app/[lang]/auth/line/callback/route.ts"
2025-08-23T13:16:03.244074Z  INFO scan_sources: tailwindcss_oxide::scanner: Discovering "/Users/kdoc/github/kdoc/app/[lang]/auth/line/infrastructure"
2025-08-23T13:16:03.244090Z  INFO scan_sources: tailwindcss_oxide::scanner: Discovering "/Users/kdoc/github/kdoc/app/[lang]/auth/line/infrastructure/services"
2025-08-23T13:16:03.244103Z  INFO scan_sources: tailwindcss_oxide::scanner: Discovering "/Users/kdoc/github/kdoc/app/[lang]/auth/line/infrastructure/services/line-api-service.ts"
2025-08-23T13:16:03.244109Z  INFO scan_sources: tailwindcss_oxide::scanner: Discovering "/Users/kdoc/github/kdoc/app/[lang]/auth/line/infrastructure/services/index.ts"
2025-08-23T13:16:03.244122Z  INFO scan_sources: tailwindcss_oxide::scanner: Discovering "/Users/kdoc/github/kdoc/app/[lang]/auth/line/entities"
2025-08-23T13:16:03.244136Z  INFO scan_sources: tailwindcss_oxide::scanner: Discovering "/Users/kdoc/github/kdoc/app/[lang]/auth/line/entities/line-auth.ts"
2025-08-23T13:16:03.244142Z  INFO scan_sources: tailwindcss_oxide::scanner: Discovering "/Users/kdoc/github/kdoc/app/[lang]/auth/line/entities/index.ts"
2025-08-23T13:16:03.244155Z  INFO scan_sources: tailwindcss_oxide::scanner: Discovering "/Users/kdoc/github/kdoc/app/[lang]/auth/reset-password"
2025-08-23T13:16:03.244166Z  INFO scan_sources: tailwindcss_oxide::scanner: Discovering "/Users/kdoc/github/kdoc/app/[lang]/auth/reset-password/page.tsx"
2025-08-23T13:16:03.244178Z  INFO scan_sources: tailwindcss_oxide::scanner: Discovering "/Users/kdoc/github/kdoc/app/[lang]/auth/verify-phone"
2025-08-23T13:16:03.244190Z  INFO scan_sources: tailwindcss_oxide::scanner: Discovering "/Users/kdoc/github/kdoc/app/[lang]/auth/verify-phone/page.tsx"
2025-08-23T13:16:03.244201Z  INFO scan_sources: tailwindcss_oxide::scanner: Discovering "/Users/kdoc/github/kdoc/app/[lang]/auth/callback"
2025-08-23T13:16:03.244213Z  INFO scan_sources: tailwindcss_oxide::scanner: Discovering "/Users/kdoc/github/kdoc/app/[lang]/auth/callback/route.ts"
2025-08-23T13:16:03.244227Z  INFO scan_sources: tailwindcss_oxide::scanner: Discovering "/Users/kdoc/github/kdoc/app/[lang]/auth/confirm-email"
2025-08-23T13:16:03.244239Z  INFO scan_sources: tailwindcss_oxide::scanner: Discovering "/Users/kdoc/github/kdoc/app/[lang]/auth/confirm-email/page.tsx"
2025-08-23T13:16:03.244255Z  INFO scan_sources: tailwindcss_oxide::scanner: Discovering "/Users/kdoc/github/kdoc/app/[lang]/auth/login"
2025-08-23T13:16:03.244266Z  INFO scan_sources: tailwindcss_oxide::scanner: Discovering "/Users/kdoc/github/kdoc/app/[lang]/auth/login/page.tsx"
2025-08-23T13:16:03.244275Z  INFO scan_sources: tailwindcss_oxide::scanner: Discovering "/Users/kdoc/github/kdoc/app/[lang]/dictionaries.ts"
2025-08-23T13:16:03.244285Z  INFO scan_sources: tailwindcss_oxide::scanner: Discovering "/Users/kdoc/github/kdoc/app/[lang]/invite"
2025-08-23T13:16:03.244296Z  INFO scan_sources: tailwindcss_oxide::scanner: Discovering "/Users/kdoc/github/kdoc/app/[lang]/invite/page.tsx"
2025-08-23T13:16:03.244312Z  INFO scan_sources: tailwindcss_oxide::scanner: Discovering "/Users/kdoc/github/kdoc/app/[lang]/components"
2025-08-23T13:16:03.244326Z  INFO scan_sources: tailwindcss_oxide::scanner: Discovering "/Users/kdoc/github/kdoc/app/[lang]/layout.tsx"
2025-08-23T13:16:03.244336Z  INFO scan_sources: tailwindcss_oxide::scanner: Discovering "/Users/kdoc/github/kdoc/app/[lang]/dictionaries"
2025-08-23T13:16:03.244348Z  INFO scan_sources: tailwindcss_oxide::scanner: Discovering "/Users/kdoc/github/kdoc/app/[lang]/dictionaries/en.json"
2025-08-23T13:16:03.244357Z  INFO scan_sources: tailwindcss_oxide::scanner: Discovering "/Users/kdoc/github/kdoc/app/[lang]/dictionaries/ko.json"
2025-08-23T13:16:03.244363Z  INFO scan_sources: tailwindcss_oxide::scanner: Discovering "/Users/kdoc/github/kdoc/app/[lang]/dictionaries/th.json"
2025-08-23T13:16:03.244369Z  INFO scan_sources: tailwindcss_oxide::scanner: Discovering "/Users/kdoc/github/kdoc/app/[lang]/page.tsx"
2025-08-23T13:16:03.244378Z  INFO scan_sources: tailwindcss_oxide::scanner: Discovering "/Users/kdoc/github/kdoc/postcss.config.mjs"
2025-08-23T13:16:03.244412Z  INFO scan_sources: tailwindcss_oxide::scanner: Discovering "/Users/kdoc/github/kdoc/features"
2025-08-23T13:16:03.244435Z  INFO scan_sources: tailwindcss_oxide::scanner: Discovering "/Users/kdoc/github/kdoc/features/email-auth"
2025-08-23T13:16:03.244456Z  INFO scan_sources: tailwindcss_oxide::scanner: Discovering "/Users/kdoc/github/kdoc/features/email-auth/ui"
2025-08-23T13:16:03.244469Z  INFO scan_sources: tailwindcss_oxide::scanner: Discovering "/Users/kdoc/github/kdoc/features/email-auth/ui/EmailLoginForm.tsx"
2025-08-23T13:16:03.244476Z  INFO scan_sources: tailwindcss_oxide::scanner: Discovering "/Users/kdoc/github/kdoc/features/email-auth/ui/PasswordResetForm.tsx"
2025-08-23T13:16:03.244492Z  INFO scan_sources: tailwindcss_oxide::scanner: Discovering "/Users/kdoc/github/kdoc/features/email-auth/model"
2025-08-23T13:16:03.244507Z  INFO scan_sources: tailwindcss_oxide::scanner: Discovering "/Users/kdoc/github/kdoc/features/email-auth/model/useEmailAuth.ts"
2025-08-23T13:16:03.244514Z  INFO scan_sources: tailwindcss_oxide::scanner: Discovering "/Users/kdoc/github/kdoc/features/email-auth/index.ts"
2025-08-23T13:16:03.244530Z  INFO scan_sources: tailwindcss_oxide::scanner: Discovering "/Users/kdoc/github/kdoc/features/google-auth"
2025-08-23T13:16:03.244551Z  INFO scan_sources: tailwindcss_oxide::scanner: Discovering "/Users/kdoc/github/kdoc/features/google-auth/ui"
2025-08-23T13:16:03.244564Z  INFO scan_sources: tailwindcss_oxide::scanner: Discovering "/Users/kdoc/github/kdoc/features/google-auth/ui/SignOutButton.tsx"
2025-08-23T13:16:03.244570Z  INFO scan_sources: tailwindcss_oxide::scanner: Discovering "/Users/kdoc/github/kdoc/features/google-auth/ui/GoogleSignInButton.tsx"
2025-08-23T13:16:03.244586Z  INFO scan_sources: tailwindcss_oxide::scanner: Discovering "/Users/kdoc/github/kdoc/features/google-auth/model"
2025-08-23T13:16:03.244598Z  INFO scan_sources: tailwindcss_oxide::scanner: Discovering "/Users/kdoc/github/kdoc/features/google-auth/model/useGoogleAuth.ts"
2025-08-23T13:16:03.244608Z  INFO scan_sources: tailwindcss_oxide::scanner: Discovering "/Users/kdoc/github/kdoc/features/google-auth/index.ts"
2025-08-23T13:16:03.244624Z  INFO scan_sources: tailwindcss_oxide::scanner: Discovering "/Users/kdoc/github/kdoc/features/phone-auth"
2025-08-23T13:16:03.244646Z  INFO scan_sources: tailwindcss_oxide::scanner: Discovering "/Users/kdoc/github/kdoc/features/phone-auth/ui"
2025-08-23T13:16:03.244658Z  INFO scan_sources: tailwindcss_oxide::scanner: Discovering "/Users/kdoc/github/kdoc/features/phone-auth/ui/PhoneLoginForm.tsx"
2025-08-23T13:16:03.244664Z  INFO scan_sources: tailwindcss_oxide::scanner: Discovering "/Users/kdoc/github/kdoc/features/phone-auth/ui/PhoneLoginButton.tsx"
2025-08-23T13:16:03.244670Z  INFO scan_sources: tailwindcss_oxide::scanner: Discovering "/Users/kdoc/github/kdoc/features/phone-auth/ui/PhoneVerificationForm.tsx"
2025-08-23T13:16:03.244686Z  INFO scan_sources: tailwindcss_oxide::scanner: Discovering "/Users/kdoc/github/kdoc/features/phone-auth/model"
2025-08-23T13:16:03.244697Z  INFO scan_sources: tailwindcss_oxide::scanner: Discovering "/Users/kdoc/github/kdoc/features/phone-auth/model/usePhoneAuth.ts"
2025-08-23T13:16:03.244704Z  INFO scan_sources: tailwindcss_oxide::scanner: Discovering "/Users/kdoc/github/kdoc/features/phone-auth/index.ts"
2025-08-23T13:16:03.244720Z  INFO scan_sources: tailwindcss_oxide::scanner: Discovering "/Users/kdoc/github/kdoc/features/auth"
2025-08-23T13:16:03.244741Z  INFO scan_sources: tailwindcss_oxide::scanner: Discovering "/Users/kdoc/github/kdoc/features/auth/ui"
2025-08-23T13:16:03.244759Z  INFO scan_sources: tailwindcss_oxide::scanner: Discovering "/Users/kdoc/github/kdoc/features/auth/ui/AuthPageHeader.tsx"
2025-08-23T13:16:03.244766Z  INFO scan_sources: tailwindcss_oxide::scanner: Discovering "/Users/kdoc/github/kdoc/features/auth/ui/AuthLinks.tsx"
2025-08-23T13:16:03.244771Z  INFO scan_sources: tailwindcss_oxide::scanner: Discovering "/Users/kdoc/github/kdoc/features/auth/ui/SocialLoginSection.tsx"
2025-08-23T13:16:03.244778Z  INFO scan_sources: tailwindcss_oxide::scanner: Discovering "/Users/kdoc/github/kdoc/features/auth/index.ts"
2025-08-23T13:16:03.244797Z  INFO scan_sources: tailwindcss_oxide::scanner: Discovering "/Users/kdoc/github/kdoc/features/invitation-code"
2025-08-23T13:16:03.244817Z  INFO scan_sources: tailwindcss_oxide::scanner: Discovering "/Users/kdoc/github/kdoc/features/invitation-code/ui"
2025-08-23T13:16:03.244829Z  INFO scan_sources: tailwindcss_oxide::scanner: Discovering "/Users/kdoc/github/kdoc/features/invitation-code/ui/InvitationCodeInput.tsx"
2025-08-23T13:16:03.244845Z  INFO scan_sources: tailwindcss_oxide::scanner: Discovering "/Users/kdoc/github/kdoc/features/invitation-code/model"
2025-08-23T13:16:03.244857Z  INFO scan_sources: tailwindcss_oxide::scanner: Discovering "/Users/kdoc/github/kdoc/features/invitation-code/model/useInvitationCode.ts"
2025-08-23T13:16:03.244864Z  INFO scan_sources: tailwindcss_oxide::scanner: Discovering "/Users/kdoc/github/kdoc/features/invitation-code/index.ts"
2025-08-23T13:16:03.244879Z  INFO scan_sources: tailwindcss_oxide::scanner: Discovering "/Users/kdoc/github/kdoc/features/facebook-auth"
2025-08-23T13:16:03.244901Z  INFO scan_sources: tailwindcss_oxide::scanner: Discovering "/Users/kdoc/github/kdoc/features/facebook-auth/ui"
2025-08-23T13:16:03.244914Z  INFO scan_sources: tailwindcss_oxide::scanner: Discovering "/Users/kdoc/github/kdoc/features/facebook-auth/ui/FacebookSignInButton.tsx"
2025-08-23T13:16:03.244929Z  INFO scan_sources: tailwindcss_oxide::scanner: Discovering "/Users/kdoc/github/kdoc/features/facebook-auth/model"
2025-08-23T13:16:03.244941Z  INFO scan_sources: tailwindcss_oxide::scanner: Discovering "/Users/kdoc/github/kdoc/features/facebook-auth/model/useFacebookAuth.ts"
2025-08-23T13:16:03.244948Z  INFO scan_sources: tailwindcss_oxide::scanner: Discovering "/Users/kdoc/github/kdoc/features/facebook-auth/index.ts"
2025-08-23T13:16:03.244964Z  INFO scan_sources: tailwindcss_oxide::scanner: Discovering "/Users/kdoc/github/kdoc/features/invitation-swipe"
2025-08-23T13:16:03.244985Z  INFO scan_sources: tailwindcss_oxide::scanner: Discovering "/Users/kdoc/github/kdoc/features/invitation-swipe/ui"
2025-08-23T13:16:03.244996Z  INFO scan_sources: tailwindcss_oxide::scanner: Discovering "/Users/kdoc/github/kdoc/features/invitation-swipe/ui/SwipeToOpen.tsx"
2025-08-23T13:16:03.245012Z  INFO scan_sources: tailwindcss_oxide::scanner: Discovering "/Users/kdoc/github/kdoc/features/invitation-swipe/model"
2025-08-23T13:16:03.245023Z  INFO scan_sources: tailwindcss_oxide::scanner: Discovering "/Users/kdoc/github/kdoc/features/invitation-swipe/model/useSwipeGesture.ts"
2025-08-23T13:16:03.245030Z  INFO scan_sources: tailwindcss_oxide::scanner: Discovering "/Users/kdoc/github/kdoc/features/invitation-swipe/index.ts"
2025-08-23T13:16:03.245046Z  INFO scan_sources: tailwindcss_oxide::scanner: Discovering "/Users/kdoc/github/kdoc/features/line-auth"
2025-08-23T13:16:03.245067Z  INFO scan_sources: tailwindcss_oxide::scanner: Discovering "/Users/kdoc/github/kdoc/features/line-auth/ui"
2025-08-23T13:16:03.245079Z  INFO scan_sources: tailwindcss_oxide::scanner: Discovering "/Users/kdoc/github/kdoc/features/line-auth/ui/LineSignInButton.tsx"
2025-08-23T13:16:03.245095Z  INFO scan_sources: tailwindcss_oxide::scanner: Discovering "/Users/kdoc/github/kdoc/features/line-auth/model"
2025-08-23T13:16:03.245106Z  INFO scan_sources: tailwindcss_oxide::scanner: Discovering "/Users/kdoc/github/kdoc/features/line-auth/model/useLineAuth.ts"
2025-08-23T13:16:03.245115Z  INFO scan_sources: tailwindcss_oxide::scanner: Discovering "/Users/kdoc/github/kdoc/features/line-auth/index.ts"
2025-08-23T13:16:03.245132Z  INFO scan_sources: tailwindcss_oxide::scanner: Discovering "/Users/kdoc/github/kdoc/prisma"
2025-08-23T13:16:03.245154Z  INFO scan_sources: tailwindcss_oxide::scanner: Discovering "/Users/kdoc/github/kdoc/prisma/migrations"
2025-08-23T13:16:03.245176Z  INFO scan_sources: tailwindcss_oxide::scanner: Discovering "/Users/kdoc/github/kdoc/prisma/migrations/20250809063154_domain_init"
2025-08-23T13:16:03.245190Z  INFO scan_sources: tailwindcss_oxide::scanner: Discovering "/Users/kdoc/github/kdoc/prisma/migrations/20250809063154_domain_init/migration.sql"
2025-08-23T13:16:03.245197Z  INFO scan_sources: tailwindcss_oxide::scanner: Discovering "/Users/kdoc/github/kdoc/prisma/migrations/migration_lock.toml"
2025-08-23T13:16:03.245212Z  INFO scan_sources: tailwindcss_oxide::scanner: Discovering "/Users/kdoc/github/kdoc/prisma/migrations/20250809045613_init"
2025-08-23T13:16:03.245224Z  INFO scan_sources: tailwindcss_oxide::scanner: Discovering "/Users/kdoc/github/kdoc/prisma/migrations/20250809045613_init/migration.sql"
2025-08-23T13:16:03.245240Z  INFO scan_sources: tailwindcss_oxide::scanner: Discovering "/Users/kdoc/github/kdoc/prisma/migrations/20250809064000_credit_ledger"
2025-08-23T13:16:03.245252Z  INFO scan_sources: tailwindcss_oxide::scanner: Discovering "/Users/kdoc/github/kdoc/prisma/migrations/20250809064000_credit_ledger/migration.sql"
2025-08-23T13:16:03.245269Z  INFO scan_sources: tailwindcss_oxide::scanner: Discovering "/Users/kdoc/github/kdoc/prisma/migrations/20250815150440_connect_profile_to_auth_users"
2025-08-23T13:16:03.245284Z  INFO scan_sources: tailwindcss_oxide::scanner: Discovering "/Users/kdoc/github/kdoc/prisma/schema.prisma"
2025-08-23T13:16:03.245290Z  INFO scan_sources: tailwindcss_oxide::scanner: Discovering "/Users/kdoc/github/kdoc/prisma/seed.ts"
2025-08-23T13:16:03.245306Z  INFO scan_sources: tailwindcss_oxide::scanner: Discovering "/Users/kdoc/github/kdoc/shared"
2025-08-23T13:16:03.245328Z  INFO scan_sources: tailwindcss_oxide::scanner: Discovering "/Users/kdoc/github/kdoc/shared/ui"
2025-08-23T13:16:03.245350Z  INFO scan_sources: tailwindcss_oxide::scanner: Discovering "/Users/kdoc/github/kdoc/shared/ui/language-switcher"
2025-08-23T13:16:03.245363Z  INFO scan_sources: tailwindcss_oxide::scanner: Discovering "/Users/kdoc/github/kdoc/shared/ui/language-switcher/index.ts"
2025-08-23T13:16:03.245369Z  INFO scan_sources: tailwindcss_oxide::scanner: Discovering "/Users/kdoc/github/kdoc/shared/ui/language-switcher/LanguageSwitcher.tsx"
2025-08-23T13:16:03.245384Z  INFO scan_sources: tailwindcss_oxide::scanner: Discovering "/Users/kdoc/github/kdoc/shared/ui/section"
2025-08-23T13:16:03.245397Z  INFO scan_sources: tailwindcss_oxide::scanner: Discovering "/Users/kdoc/github/kdoc/shared/ui/section/Section.tsx"
2025-08-23T13:16:03.245403Z  INFO scan_sources: tailwindcss_oxide::scanner: Discovering "/Users/kdoc/github/kdoc/shared/ui/section/index.ts"
2025-08-23T13:16:03.245418Z  INFO scan_sources: tailwindcss_oxide::scanner: Discovering "/Users/kdoc/github/kdoc/shared/ui/card"
2025-08-23T13:16:03.245429Z  INFO scan_sources: tailwindcss_oxide::scanner: Discovering "/Users/kdoc/github/kdoc/shared/ui/card/Card.tsx"
2025-08-23T13:16:03.245435Z  INFO scan_sources: tailwindcss_oxide::scanner: Discovering "/Users/kdoc/github/kdoc/shared/ui/card/AuthCard.tsx"
2025-08-23T13:16:03.245441Z  INFO scan_sources: tailwindcss_oxide::scanner: Discovering "/Users/kdoc/github/kdoc/shared/ui/card/index.ts"
2025-08-23T13:16:03.245456Z  INFO scan_sources: tailwindcss_oxide::scanner: Discovering "/Users/kdoc/github/kdoc/shared/ui/input"
2025-08-23T13:16:03.245468Z  INFO scan_sources: tailwindcss_oxide::scanner: Discovering "/Users/kdoc/github/kdoc/shared/ui/input/TextInput.tsx"
2025-08-23T13:16:03.245484Z  INFO scan_sources: tailwindcss_oxide::scanner: Discovering "/Users/kdoc/github/kdoc/shared/ui/status-badge"
2025-08-23T13:16:03.245496Z  INFO scan_sources: tailwindcss_oxide::scanner: Discovering "/Users/kdoc/github/kdoc/shared/ui/status-badge/StatusBadge.tsx"
2025-08-23T13:16:03.245504Z  INFO scan_sources: tailwindcss_oxide::scanner: Discovering "/Users/kdoc/github/kdoc/shared/ui/status-badge/index.ts"
2025-08-23T13:16:03.245520Z  INFO scan_sources: tailwindcss_oxide::scanner: Discovering "/Users/kdoc/github/kdoc/shared/ui/connector-line"
2025-08-23T13:16:03.245532Z  INFO scan_sources: tailwindcss_oxide::scanner: Discovering "/Users/kdoc/github/kdoc/shared/ui/connector-line/index.ts"
2025-08-23T13:16:03.245538Z  INFO scan_sources: tailwindcss_oxide::scanner: Discovering "/Users/kdoc/github/kdoc/shared/ui/connector-line/ConnectorLine.tsx"
2025-08-23T13:16:03.245553Z  INFO scan_sources: tailwindcss_oxide::scanner: Discovering "/Users/kdoc/github/kdoc/shared/ui/button"
2025-08-23T13:16:03.245565Z  INFO scan_sources: tailwindcss_oxide::scanner: Discovering "/Users/kdoc/github/kdoc/shared/ui/button/index.ts"
2025-08-23T13:16:03.245570Z  INFO scan_sources: tailwindcss_oxide::scanner: Discovering "/Users/kdoc/github/kdoc/shared/ui/button/Button.tsx"
2025-08-23T13:16:03.245585Z  INFO scan_sources: tailwindcss_oxide::scanner: Discovering "/Users/kdoc/github/kdoc/shared/ui/infra-card"
2025-08-23T13:16:03.245598Z  INFO scan_sources: tailwindcss_oxide::scanner: Discovering "/Users/kdoc/github/kdoc/shared/ui/infra-card/InfraCard.tsx"
2025-08-23T13:16:03.245604Z  INFO scan_sources: tailwindcss_oxide::scanner: Discovering "/Users/kdoc/github/kdoc/shared/ui/infra-card/index.ts"
2025-08-23T13:16:03.245619Z  INFO scan_sources: tailwindcss_oxide::scanner: Discovering "/Users/kdoc/github/kdoc/shared/ui/divider"
2025-08-23T13:16:03.245631Z  INFO scan_sources: tailwindcss_oxide::scanner: Discovering "/Users/kdoc/github/kdoc/shared/ui/divider/Divider.tsx"
2025-08-23T13:16:03.245637Z  INFO scan_sources: tailwindcss_oxide::scanner: Discovering "/Users/kdoc/github/kdoc/shared/ui/divider/index.ts"
2025-08-23T13:16:03.245652Z  INFO scan_sources: tailwindcss_oxide::scanner: Discovering "/Users/kdoc/github/kdoc/shared/ui/icon"
2025-08-23T13:16:03.245672Z  INFO scan_sources: tailwindcss_oxide::scanner: Discovering "/Users/kdoc/github/kdoc/shared/ui/badge"
2025-08-23T13:16:03.245684Z  INFO scan_sources: tailwindcss_oxide::scanner: Discovering "/Users/kdoc/github/kdoc/shared/ui/badge/Badge.tsx"
2025-08-23T13:16:03.245690Z  INFO scan_sources: tailwindcss_oxide::scanner: Discovering "/Users/kdoc/github/kdoc/shared/ui/badge/index.ts"
2025-08-23T13:16:03.245706Z  INFO scan_sources: tailwindcss_oxide::scanner: Discovering "/Users/kdoc/github/kdoc/shared/config"
2025-08-23T13:16:03.245718Z  INFO scan_sources: tailwindcss_oxide::scanner: Discovering "/Users/kdoc/github/kdoc/shared/config/locales.ts"
2025-08-23T13:16:03.245724Z  INFO scan_sources: tailwindcss_oxide::scanner: Discovering "/Users/kdoc/github/kdoc/shared/config/line.ts"
2025-08-23T13:16:03.245729Z  INFO scan_sources: tailwindcss_oxide::scanner: Discovering "/Users/kdoc/github/kdoc/shared/config/index.ts"
2025-08-23T13:16:03.245744Z  INFO scan_sources: tailwindcss_oxide::scanner: Discovering "/Users/kdoc/github/kdoc/shared/model"
2025-08-23T13:16:03.245764Z  INFO scan_sources: tailwindcss_oxide::scanner: Discovering "/Users/kdoc/github/kdoc/shared/model/types"
2025-08-23T13:16:03.245776Z  INFO scan_sources: tailwindcss_oxide::scanner: Discovering "/Users/kdoc/github/kdoc/shared/model/types/dictionary.ts"
2025-08-23T13:16:03.245782Z  INFO scan_sources: tailwindcss_oxide::scanner: Discovering "/Users/kdoc/github/kdoc/shared/model/types/line-auth.ts"
2025-08-23T13:16:03.245787Z  INFO scan_sources: tailwindcss_oxide::scanner: Discovering "/Users/kdoc/github/kdoc/shared/model/types/index.ts"
2025-08-23T13:16:03.245803Z  INFO scan_sources: tailwindcss_oxide::scanner: Discovering "/Users/kdoc/github/kdoc/shared/lib"
2025-08-23T13:16:03.245816Z  INFO scan_sources: tailwindcss_oxide::scanner: Discovering "/Users/kdoc/github/kdoc/shared/lib/prisma.ts"
2025-08-23T13:16:03.245831Z  INFO scan_sources: tailwindcss_oxide::scanner: Discovering "/Users/kdoc/github/kdoc/shared/lib/middleware"
2025-08-23T13:16:03.245853Z  INFO scan_sources: tailwindcss_oxide::scanner: Discovering "/Users/kdoc/github/kdoc/shared/lib/middleware/entities"
2025-08-23T13:16:03.245875Z  INFO scan_sources: tailwindcss_oxide::scanner: Discovering "/Users/kdoc/github/kdoc/shared/lib/locale"
2025-08-23T13:16:03.245887Z  INFO scan_sources: tailwindcss_oxide::scanner: Discovering "/Users/kdoc/github/kdoc/shared/lib/locale/locale-detector.ts"
2025-08-23T13:16:03.245898Z  INFO scan_sources: tailwindcss_oxide::scanner: Discovering "/Users/kdoc/github/kdoc/shared/lib/locale/index.ts"
2025-08-23T13:16:03.245914Z  INFO scan_sources: tailwindcss_oxide::scanner: Discovering "/Users/kdoc/github/kdoc/shared/lib/repositories"
2025-08-23T13:16:03.245926Z  INFO scan_sources: tailwindcss_oxide::scanner: Discovering "/Users/kdoc/github/kdoc/shared/lib/repositories/home-repository.ts"
2025-08-23T13:16:03.245932Z  INFO scan_sources: tailwindcss_oxide::scanner: Discovering "/Users/kdoc/github/kdoc/shared/lib/repositories/index.ts"
2025-08-23T13:16:03.245948Z  INFO scan_sources: tailwindcss_oxide::scanner: Discovering "/Users/kdoc/github/kdoc/shared/lib/supabase"
2025-08-23T13:16:03.245960Z  INFO scan_sources: tailwindcss_oxide::scanner: Discovering "/Users/kdoc/github/kdoc/shared/lib/supabase/middleware.ts"
2025-08-23T13:16:03.245967Z  INFO scan_sources: tailwindcss_oxide::scanner: Discovering "/Users/kdoc/github/kdoc/shared/lib/supabase/server-only.ts"
2025-08-23T13:16:03.245972Z  INFO scan_sources: tailwindcss_oxide::scanner: Discovering "/Users/kdoc/github/kdoc/shared/lib/supabase/client.ts"
2025-08-23T13:16:03.245977Z  INFO scan_sources: tailwindcss_oxide::scanner: Discovering "/Users/kdoc/github/kdoc/shared/lib/supabase/index.ts"
2025-08-23T13:16:03.245983Z  INFO scan_sources: tailwindcss_oxide::scanner: Discovering "/Users/kdoc/github/kdoc/shared/lib/supabase/server.ts"
2025-08-23T13:16:03.245989Z  INFO scan_sources: tailwindcss_oxide::scanner: Discovering "/Users/kdoc/github/kdoc/shared/lib/logger.ts"
2025-08-23T13:16:03.246004Z  INFO scan_sources: tailwindcss_oxide::scanner: Discovering "/Users/kdoc/github/kdoc/shared/lib/currency"
2025-08-23T13:16:03.246016Z  INFO scan_sources: tailwindcss_oxide::scanner: Discovering "/Users/kdoc/github/kdoc/shared/lib/currency/currency-formatter.ts"
2025-08-23T13:16:03.246022Z  INFO scan_sources: tailwindcss_oxide::scanner: Discovering "/Users/kdoc/github/kdoc/shared/lib/currency/index.ts"
2025-08-23T13:16:03.246049Z  INFO scan_sources: tailwindcss_oxide::scanner: Discovering "/Users/kdoc/github/kdoc/.prettierignore"
2025-08-23T13:16:03.246055Z  INFO scan_sources: tailwindcss_oxide::scanner: Discovering "/Users/kdoc/github/kdoc/README.md"
2025-08-23T13:16:03.246070Z  INFO scan_sources: tailwindcss_oxide::scanner: Discovering "/Users/kdoc/github/kdoc/public"
2025-08-23T13:16:03.246092Z  INFO scan_sources: tailwindcss_oxide::scanner: Discovering "/Users/kdoc/github/kdoc/public/infra"
2025-08-23T13:16:03.246109Z  INFO scan_sources: tailwindcss_oxide::scanner: Discovering "/Users/kdoc/github/kdoc/public/file.svg"
2025-08-23T13:16:03.246115Z  INFO scan_sources: tailwindcss_oxide::scanner: Discovering "/Users/kdoc/github/kdoc/public/vercel.svg"
2025-08-23T13:16:03.246120Z  INFO scan_sources: tailwindcss_oxide::scanner: Discovering "/Users/kdoc/github/kdoc/public/next.svg"
2025-08-23T13:16:03.246126Z  INFO scan_sources: tailwindcss_oxide::scanner: Discovering "/Users/kdoc/github/kdoc/public/globe.svg"
2025-08-23T13:16:03.246132Z  INFO scan_sources: tailwindcss_oxide::scanner: Discovering "/Users/kdoc/github/kdoc/public/window.svg"
2025-08-23T13:16:03.246148Z  INFO scan_sources: tailwindcss_oxide::scanner: Discovering "/Users/kdoc/github/kdoc/package.json"
2025-08-23T13:16:03.246166Z  INFO scan_sources: tailwindcss_oxide::scanner: Discovering "/Users/kdoc/github/kdoc/scripts"
2025-08-23T13:16:03.246180Z  INFO scan_sources: tailwindcss_oxide::scanner: Discovering "/Users/kdoc/github/kdoc/scripts/find-unused-ts-api.ts"
2025-08-23T13:16:03.246186Z  INFO scan_sources: tailwindcss_oxide::scanner: Discovering "/Users/kdoc/github/kdoc/.prettierrc"
2025-08-23T13:16:03.246197Z  INFO scan_sources: tailwindcss_oxide::scanner: Discovering "/Users/kdoc/github/kdoc/tsconfig.json"
2025-08-23T13:16:03.246217Z  INFO scan_sources: tailwindcss_oxide::scanner: Discovering "/Users/kdoc/github/kdoc/.vscode"
2025-08-23T13:16:03.246230Z  INFO scan_sources: tailwindcss_oxide::scanner: Discovering "/Users/kdoc/github/kdoc/.vscode/settings.json"
2025-08-23T13:16:03.246237Z  INFO scan_sources: tailwindcss_oxide::scanner: Discovering "/Users/kdoc/github/kdoc/eslint.config.mjs"
2025-08-23T13:16:03.246252Z  INFO scan_sources: tailwindcss_oxide::scanner: Discovering "/Users/kdoc/github/kdoc/widgets"
2025-08-23T13:16:03.246273Z  INFO scan_sources: tailwindcss_oxide::scanner: Discovering "/Users/kdoc/github/kdoc/widgets/infrastructure-diagram"
2025-08-23T13:16:03.246294Z  INFO scan_sources: tailwindcss_oxide::scanner: Discovering "/Users/kdoc/github/kdoc/widgets/infrastructure-diagram/ui"
2025-08-23T13:16:03.246306Z  INFO scan_sources: tailwindcss_oxide::scanner: Discovering "/Users/kdoc/github/kdoc/widgets/infrastructure-diagram/ui/InfraLaneSection.tsx"
2025-08-23T13:16:03.246312Z  INFO scan_sources: tailwindcss_oxide::scanner: Discovering "/Users/kdoc/github/kdoc/widgets/infrastructure-diagram/ui/DiagramLegend.tsx"
2025-08-23T13:16:03.246318Z  INFO scan_sources: tailwindcss_oxide::scanner: Discovering "/Users/kdoc/github/kdoc/widgets/infrastructure-diagram/ui/InfraDiagram.tsx"
2025-08-23T13:16:03.246324Z  INFO scan_sources: tailwindcss_oxide::scanner: Discovering "/Users/kdoc/github/kdoc/widgets/infrastructure-diagram/ui/AliasSection.tsx"
2025-08-23T13:16:03.246331Z  INFO scan_sources: tailwindcss_oxide::scanner: Discovering "/Users/kdoc/github/kdoc/widgets/infrastructure-diagram/index.ts"
2025-08-23T13:16:03.246346Z  INFO scan_sources: tailwindcss_oxide::scanner: Discovering "/Users/kdoc/github/kdoc/widgets/beauty-invitation"
2025-08-23T13:16:03.246367Z  INFO scan_sources: tailwindcss_oxide::scanner: Discovering "/Users/kdoc/github/kdoc/widgets/beauty-invitation/ui"
2025-08-23T13:16:03.246379Z  INFO scan_sources: tailwindcss_oxide::scanner: Discovering "/Users/kdoc/github/kdoc/widgets/beauty-invitation/ui/LuxuryBorder.tsx"
2025-08-23T13:16:03.246385Z  INFO scan_sources: tailwindcss_oxide::scanner: Discovering "/Users/kdoc/github/kdoc/widgets/beauty-invitation/ui/DiamondCenterpiece.tsx"
2025-08-23T13:16:03.246391Z  INFO scan_sources: tailwindcss_oxide::scanner: Discovering "/Users/kdoc/github/kdoc/widgets/beauty-invitation/ui/EnvelopeInvitation.tsx"
2025-08-23T13:16:03.246397Z  INFO scan_sources: tailwindcss_oxide::scanner: Discovering "/Users/kdoc/github/kdoc/widgets/beauty-invitation/ui/EnvelopeDecorations.tsx"
2025-08-23T13:16:03.246403Z  INFO scan_sources: tailwindcss_oxide::scanner: Discovering "/Users/kdoc/github/kdoc/widgets/beauty-invitation/ui/LetterContent.tsx"
2025-08-23T13:16:03.246418Z  INFO scan_sources: tailwindcss_oxide::scanner: Discovering "/Users/kdoc/github/kdoc/widgets/beauty-invitation/model"
2025-08-23T13:16:03.246430Z  INFO scan_sources: tailwindcss_oxide::scanner: Discovering "/Users/kdoc/github/kdoc/widgets/beauty-invitation/model/useEnvelopeAnimation.ts"
2025-08-23T13:16:03.246437Z  INFO scan_sources: tailwindcss_oxide::scanner: Discovering "/Users/kdoc/github/kdoc/widgets/beauty-invitation/index.ts"
2025-08-23T13:16:03.246454Z  INFO scan_sources: tailwindcss_oxide::scanner: Discovering "/Users/kdoc/github/kdoc/widgets/user-profile"
2025-08-23T13:16:03.246475Z  INFO scan_sources: tailwindcss_oxide::scanner: Discovering "/Users/kdoc/github/kdoc/widgets/user-profile/ui"
2025-08-23T13:16:03.246487Z  INFO scan_sources: tailwindcss_oxide::scanner: Discovering "/Users/kdoc/github/kdoc/widgets/user-profile/ui/UserProfileWidget.tsx"
2025-08-23T13:16:03.246494Z  INFO scan_sources: tailwindcss_oxide::scanner: Discovering "/Users/kdoc/github/kdoc/widgets/user-profile/index.ts"
2025-08-23T13:16:03.246510Z  INFO scan_sources: tailwindcss_oxide::scanner: Discovering "/Users/kdoc/github/kdoc/widgets/home-sections"
2025-08-23T13:16:03.246531Z  INFO scan_sources: tailwindcss_oxide::scanner: Discovering "/Users/kdoc/github/kdoc/widgets/home-sections/ui"
2025-08-23T13:16:03.246545Z  INFO scan_sources: tailwindcss_oxide::scanner: Discovering "/Users/kdoc/github/kdoc/widgets/home-sections/ui/BookingSection.tsx"
2025-08-23T13:16:03.246551Z  INFO scan_sources: tailwindcss_oxide::scanner: Discovering "/Users/kdoc/github/kdoc/widgets/home-sections/ui/PackagesSection.tsx"
2025-08-23T13:16:03.246557Z  INFO scan_sources: tailwindcss_oxide::scanner: Discovering "/Users/kdoc/github/kdoc/widgets/home-sections/ui/ItinerarySection.tsx"
2025-08-23T13:16:03.246564Z  INFO scan_sources: tailwindcss_oxide::scanner: Discovering "/Users/kdoc/github/kdoc/widgets/home-sections/index.ts"
2025-08-23T13:16:03.246580Z  INFO scan_sources: tailwindcss_oxide::scanner: Discovering "/Users/kdoc/github/kdoc/entities"
2025-08-23T13:16:03.246601Z  INFO scan_sources: tailwindcss_oxide::scanner: Discovering "/Users/kdoc/github/kdoc/entities/home"
2025-08-23T13:16:03.246621Z  INFO scan_sources: tailwindcss_oxide::scanner: Discovering "/Users/kdoc/github/kdoc/entities/home/ui"
2025-08-23T13:16:03.246633Z  INFO scan_sources: tailwindcss_oxide::scanner: Discovering "/Users/kdoc/github/kdoc/entities/home/ui/PackageCard.tsx"
2025-08-23T13:16:03.246639Z  INFO scan_sources: tailwindcss_oxide::scanner: Discovering "/Users/kdoc/github/kdoc/entities/home/ui/BookingCard.tsx"
2025-08-23T13:16:03.246644Z  INFO scan_sources: tailwindcss_oxide::scanner: Discovering "/Users/kdoc/github/kdoc/entities/home/ui/ItineraryCard.tsx"
2025-08-23T13:16:03.246660Z  INFO scan_sources: tailwindcss_oxide::scanner: Discovering "/Users/kdoc/github/kdoc/entities/home/model"
2025-08-23T13:16:03.246671Z  INFO scan_sources: tailwindcss_oxide::scanner: Discovering "/Users/kdoc/github/kdoc/entities/home/model/types.ts"
2025-08-23T13:16:03.246677Z  INFO scan_sources: tailwindcss_oxide::scanner: Discovering "/Users/kdoc/github/kdoc/entities/home/index.ts"
2025-08-23T13:16:03.246692Z  INFO scan_sources: tailwindcss_oxide::scanner: Discovering "/Users/kdoc/github/kdoc/entities/user"
2025-08-23T13:16:03.246713Z  INFO scan_sources: tailwindcss_oxide::scanner: Discovering "/Users/kdoc/github/kdoc/entities/user/ui"
2025-08-23T13:16:03.246724Z  INFO scan_sources: tailwindcss_oxide::scanner: Discovering "/Users/kdoc/github/kdoc/entities/user/ui/UserAvatar.tsx"
2025-08-23T13:16:03.246739Z  INFO scan_sources: tailwindcss_oxide::scanner: Discovering "/Users/kdoc/github/kdoc/entities/user/model"
2025-08-23T13:16:03.246751Z  INFO scan_sources: tailwindcss_oxide::scanner: Discovering "/Users/kdoc/github/kdoc/entities/user/model/types.ts"
2025-08-23T13:16:03.246757Z  INFO scan_sources: tailwindcss_oxide::scanner: Discovering "/Users/kdoc/github/kdoc/entities/user/model/useUser.ts"
2025-08-23T13:16:03.246763Z  INFO scan_sources: tailwindcss_oxide::scanner: Discovering "/Users/kdoc/github/kdoc/entities/user/index.ts"
2025-08-23T13:16:03.246779Z  INFO scan_sources: tailwindcss_oxide::scanner: Discovering "/Users/kdoc/github/kdoc/entities/infrastructure"
2025-08-23T13:16:03.246799Z  INFO scan_sources: tailwindcss_oxide::scanner: Discovering "/Users/kdoc/github/kdoc/entities/infrastructure/model"
2025-08-23T13:16:03.246811Z  INFO scan_sources: tailwindcss_oxide::scanner: Discovering "/Users/kdoc/github/kdoc/entities/infrastructure/model/data.ts"
2025-08-23T13:16:03.246817Z  INFO scan_sources: tailwindcss_oxide::scanner: Discovering "/Users/kdoc/github/kdoc/entities/infrastructure/model/types.ts"
2025-08-23T13:16:03.246823Z  INFO scan_sources: tailwindcss_oxide::scanner: Discovering "/Users/kdoc/github/kdoc/entities/infrastructure/index.ts"
2025-08-23T13:16:03.246839Z  INFO scan_sources: tailwindcss_oxide::scanner: Discovering "/Users/kdoc/github/kdoc/entities/invitation"
2025-08-23T13:16:03.246859Z  INFO scan_sources: tailwindcss_oxide::scanner: Discovering "/Users/kdoc/github/kdoc/entities/invitation/ui"
2025-08-23T13:16:03.246870Z  INFO scan_sources: tailwindcss_oxide::scanner: Discovering "/Users/kdoc/github/kdoc/entities/invitation/ui/LuxuryBackground.tsx"
2025-08-23T13:16:03.246878Z  INFO scan_sources: tailwindcss_oxide::scanner: Discovering "/Users/kdoc/github/kdoc/entities/invitation/ui/DiamondSeal.tsx"
2025-08-23T13:16:03.246894Z  INFO scan_sources: tailwindcss_oxide::scanner: Discovering "/Users/kdoc/github/kdoc/entities/invitation/model"
2025-08-23T13:16:03.246905Z  INFO scan_sources: tailwindcss_oxide::scanner: Discovering "/Users/kdoc/github/kdoc/entities/invitation/index.ts"
2025-08-23T13:16:03.246913Z  INFO scan_sources: tailwindcss_oxide::scanner: Discovering "/Users/kdoc/github/kdoc/next.config.ts"
2025-08-23T13:16:03.246919Z  INFO scan_sources: tailwindcss_oxide::scanner: Discovering "/Users/kdoc/github/kdoc/pnpm-workspace.yaml"
2025-08-23T13:16:03.246952Z  INFO scan_sources: tailwindcss_oxide::scanner: exit
2025-08-23T13:16:03.246956Z  INFO extract_candidates: tailwindcss_oxide::scanner: enter
2025-08-23T13:16:03.246959Z  INFO extract_candidates:read_all_files: tailwindcss_oxide::scanner: enter
2025-08-23T13:16:03.246961Z  INFO extract_candidates:read_all_files: tailwindcss_oxide::scanner: Reading 170 file(s)
2025-08-23T13:16:03.247086Z  INFO tailwindcss_oxide::scanner: Reading "/Users/kdoc/github/kdoc/app/[lang]/layout.tsx"
2025-08-23T13:16:03.247095Z  INFO tailwindcss_oxide::scanner: Reading "/Users/kdoc/github/kdoc/middleware.ts"
2025-08-23T13:16:03.247111Z  INFO tailwindcss_oxide::scanner: Reading "/Users/kdoc/github/kdoc/app/[lang]/dictionaries/en.json"
2025-08-23T13:16:03.247097Z  INFO tailwindcss_oxide::scanner: Reading "/Users/kdoc/github/kdoc/shared/ui/section/Section.tsx"
2025-08-23T13:16:03.247186Z  INFO tailwindcss_oxide::scanner: Reading "/Users/kdoc/github/kdoc/widgets/infrastructure-diagram/ui/InfraDiagram.tsx"
2025-08-23T13:16:03.247200Z  INFO tailwindcss_oxide::scanner: Reading "/Users/kdoc/github/kdoc/app/[lang]/dictionaries/ko.json"
2025-08-23T13:16:03.247288Z  INFO tailwindcss_oxide::scanner: Reading "/Users/kdoc/github/kdoc/tsconfig.json"
2025-08-23T13:16:03.247294Z  INFO tailwindcss_oxide::scanner: Reading "/Users/kdoc/github/kdoc/widgets/infrastructure-diagram/ui/AliasSection.tsx"
2025-08-23T13:16:03.247189Z  INFO tailwindcss_oxide::scanner: Reading "/Users/kdoc/github/kdoc/.cursor/rules/backend-architecture.mdc"
2025-08-23T13:16:03.247374Z  INFO tailwindcss_oxide::scanner: Reading "/Users/kdoc/github/kdoc/.cursor/rules/nextjs.mdc"
2025-08-23T13:16:03.247296Z  INFO tailwindcss_oxide::scanner: Reading "/Users/kdoc/github/kdoc/app/[lang]/dictionaries/th.json"
2025-08-23T13:16:03.247406Z  INFO tailwindcss_oxide::scanner: Reading "/Users/kdoc/github/kdoc/widgets/user-profile/index.ts"
2025-08-23T13:16:03.247431Z  INFO tailwindcss_oxide::scanner: Reading "/Users/kdoc/github/kdoc/.cursor/rules/architecture.mdc"
2025-08-23T13:16:03.247430Z  INFO tailwindcss_oxide::scanner: Reading "/Users/kdoc/github/kdoc/public/globe.svg"
2025-08-23T13:16:03.247466Z  INFO tailwindcss_oxide::scanner: Reading "/Users/kdoc/github/kdoc/widgets/infrastructure-diagram/index.ts"
2025-08-23T13:16:03.247478Z  INFO tailwindcss_oxide::scanner: Reading "/Users/kdoc/github/kdoc/.cursor/rules/style.mdc"
2025-08-23T13:16:03.247449Z  INFO tailwindcss_oxide::scanner: Reading "/Users/kdoc/github/kdoc/shared/model/types/dictionary.ts"
2025-08-23T13:16:03.247516Z  INFO tailwindcss_oxide::scanner: Reading "/Users/kdoc/github/kdoc/public/window.svg"
2025-08-23T13:16:03.247552Z  INFO tailwindcss_oxide::scanner: Reading "/Users/kdoc/github/kdoc/package.json"
2025-08-23T13:16:03.247554Z  INFO tailwindcss_oxide::scanner: Reading "/Users/kdoc/github/kdoc/widgets/beauty-invitation/ui/LuxuryBorder.tsx"
2025-08-23T13:16:03.247473Z  INFO tailwindcss_oxide::scanner: Reading "/Users/kdoc/github/kdoc/.vscode/settings.json"
2025-08-23T13:16:03.247573Z  INFO tailwindcss_oxide::scanner: Reading "/Users/kdoc/github/kdoc/scripts/find-unused-ts-api.ts"
2025-08-23T13:16:03.247577Z  INFO tailwindcss_oxide::scanner: Reading "/Users/kdoc/github/kdoc/widgets/beauty-invitation/ui/DiamondCenterpiece.tsx"
2025-08-23T13:16:03.247597Z  INFO tailwindcss_oxide::scanner: Reading "/Users/kdoc/github/kdoc/.prettierrc"
2025-08-23T13:16:03.247603Z  INFO tailwindcss_oxide::scanner: Reading "/Users/kdoc/github/kdoc/widgets/beauty-invitation/ui/EnvelopeInvitation.tsx"
2025-08-23T13:16:03.247480Z  INFO tailwindcss_oxide::scanner: Reading "/Users/kdoc/github/kdoc/widgets/home-sections/ui/BookingSection.tsx"
2025-08-23T13:16:03.247617Z  INFO tailwindcss_oxide::scanner: Reading "/Users/kdoc/github/kdoc/shared/lib/currency/index.ts"
2025-08-23T13:16:03.247476Z  INFO tailwindcss_oxide::scanner: Reading "/Users/kdoc/github/kdoc/app/[lang]/page.tsx"
2025-08-23T13:16:03.247627Z  INFO tailwindcss_oxide::scanner: Reading "/Users/kdoc/github/kdoc/eslint.config.mjs"
2025-08-23T13:16:03.247636Z  INFO tailwindcss_oxide::scanner: Reading "/Users/kdoc/github/kdoc/postcss.config.mjs"
2025-08-23T13:16:03.247484Z  INFO tailwindcss_oxide::scanner: Reading "/Users/kdoc/github/kdoc/shared/lib/supabase/client.ts"
2025-08-23T13:16:03.247676Z  INFO tailwindcss_oxide::scanner: Reading "/Users/kdoc/github/kdoc/shared/lib/supabase/index.ts"
2025-08-23T13:16:03.247677Z  INFO tailwindcss_oxide::scanner: Reading "/Users/kdoc/github/kdoc/features/email-auth/ui/EmailLoginForm.tsx"
2025-08-23T13:16:03.247452Z  INFO tailwindcss_oxide::scanner: Reading "/Users/kdoc/github/kdoc/shared/ui/section/index.ts"
2025-08-23T13:16:03.247502Z  INFO tailwindcss_oxide::scanner: Reading "/Users/kdoc/github/kdoc/app/infra/page.tsx"
2025-08-23T13:16:03.247676Z  INFO tailwindcss_oxide::scanner: Reading "/Users/kdoc/github/kdoc/widgets/infrastructure-diagram/ui/InfraLaneSection.tsx"
2025-08-23T13:16:03.247702Z  INFO tailwindcss_oxide::scanner: Reading "/Users/kdoc/github/kdoc/widgets/home-sections/ui/PackagesSection.tsx"
2025-08-23T13:16:03.247697Z  INFO tailwindcss_oxide::scanner: Reading "/Users/kdoc/github/kdoc/features/email-auth/ui/PasswordResetForm.tsx"
2025-08-23T13:16:03.247557Z  INFO tailwindcss_oxide::scanner: Reading "/Users/kdoc/github/kdoc/shared/model/types/line-auth.ts"
2025-08-23T13:16:03.247620Z  INFO tailwindcss_oxide::scanner: Reading "/Users/kdoc/github/kdoc/widgets/beauty-invitation/ui/EnvelopeDecorations.tsx"
2025-08-23T13:16:03.247702Z  INFO tailwindcss_oxide::scanner: Reading "/Users/kdoc/github/kdoc/shared/ui/card/Card.tsx"
2025-08-23T13:16:03.247780Z  INFO tailwindcss_oxide::scanner: Reading "/Users/kdoc/github/kdoc/widgets/beauty-invitation/ui/LetterContent.tsx"
2025-08-23T13:16:03.247697Z  INFO tailwindcss_oxide::scanner: Reading "/Users/kdoc/github/kdoc/shared/lib/supabase/server.ts"
2025-08-23T13:16:03.247499Z  INFO tailwindcss_oxide::scanner: Reading "/Users/kdoc/github/kdoc/features/auth/ui/SocialLoginSection.tsx"
2025-08-23T13:16:03.247815Z  INFO tailwindcss_oxide::scanner: Reading "/Users/kdoc/github/kdoc/shared/lib/logger.ts"
2025-08-23T13:16:03.247731Z  INFO tailwindcss_oxide::scanner: Reading "/Users/kdoc/github/kdoc/widgets/home-sections/ui/ItinerarySection.tsx"
2025-08-23T13:16:03.247753Z  INFO tailwindcss_oxide::scanner: Reading "/Users/kdoc/github/kdoc/app/layout.tsx"
2025-08-23T13:16:03.247848Z  INFO tailwindcss_oxide::scanner: Reading "/Users/kdoc/github/kdoc/widgets/home-sections/index.ts"
2025-08-23T13:16:03.247760Z  INFO tailwindcss_oxide::scanner: Reading "/Users/kdoc/github/kdoc/shared/model/types/index.ts"
2025-08-23T13:16:03.247638Z  INFO tailwindcss_oxide::scanner: Reading "/Users/kdoc/github/kdoc/.prettierignore"
2025-08-23T13:16:03.247881Z  INFO tailwindcss_oxide::scanner: Reading "/Users/kdoc/github/kdoc/shared/lib/prisma.ts"
2025-08-23T13:16:03.247889Z  INFO tailwindcss_oxide::scanner: Reading "/Users/kdoc/github/kdoc/README.md"
2025-08-23T13:16:03.247728Z  INFO tailwindcss_oxide::scanner: Reading "/Users/kdoc/github/kdoc/widgets/infrastructure-diagram/ui/DiagramLegend.tsx"
2025-08-23T13:16:03.247823Z  INFO tailwindcss_oxide::scanner: Reading "/Users/kdoc/github/kdoc/features/auth/index.ts"
2025-08-23T13:16:03.247925Z  INFO tailwindcss_oxide::scanner: Reading "/Users/kdoc/github/kdoc/features/google-auth/ui/SignOutButton.tsx"
2025-08-23T13:16:03.247932Z  INFO tailwindcss_oxide::scanner: Reading "/Users/kdoc/github/kdoc/features/invitation-code/ui/InvitationCodeInput.tsx"
2025-08-23T13:16:03.247942Z  INFO tailwindcss_oxide::scanner: Reading "/Users/kdoc/github/kdoc/features/google-auth/ui/GoogleSignInButton.tsx"
2025-08-23T13:16:03.247857Z  INFO tailwindcss_oxide::scanner: Reading "/Users/kdoc/github/kdoc/app/api/notion/approval/archive/container.ts"
2025-08-23T13:16:03.247787Z  INFO tailwindcss_oxide::scanner: Reading "/Users/kdoc/github/kdoc/shared/ui/card/AuthCard.tsx"
2025-08-23T13:16:03.247797Z  INFO tailwindcss_oxide::scanner: Reading "/Users/kdoc/github/kdoc/widgets/beauty-invitation/model/useEnvelopeAnimation.ts"
2025-08-23T13:16:03.247900Z  INFO tailwindcss_oxide::scanner: Reading "/Users/kdoc/github/kdoc/shared/lib/locale/locale-detector.ts"
2025-08-23T13:16:03.247907Z  INFO tailwindcss_oxide::scanner: Reading "/Users/kdoc/github/kdoc/public/file.svg"
2025-08-23T13:16:03.247832Z  INFO tailwindcss_oxide::scanner: Reading "/Users/kdoc/github/kdoc/shared/lib/currency/currency-formatter.ts"
2025-08-23T13:16:03.247756Z  INFO tailwindcss_oxide::scanner: Reading "/Users/kdoc/github/kdoc/features/email-auth/model/useEmailAuth.ts"
2025-08-23T13:16:03.247864Z  INFO tailwindcss_oxide::scanner: Reading "/Users/kdoc/github/kdoc/entities/home/ui/PackageCard.tsx"
2025-08-23T13:16:03.247954Z  INFO tailwindcss_oxide::scanner: Reading "/Users/kdoc/github/kdoc/features/invitation-code/model/useInvitationCode.ts"
2025-08-23T13:16:03.247958Z  INFO tailwindcss_oxide::scanner: Reading "/Users/kdoc/github/kdoc/features/google-auth/model/useGoogleAuth.ts"
2025-08-23T13:16:03.247980Z  INFO tailwindcss_oxide::scanner: Reading "/Users/kdoc/github/kdoc/app/api/notion/approval/archive/use-cases/scan-and-archive.ts"
2025-08-23T13:16:03.247986Z  INFO tailwindcss_oxide::scanner: Reading "/Users/kdoc/github/kdoc/shared/ui/card/index.ts"
2025-08-23T13:16:03.248007Z  INFO tailwindcss_oxide::scanner: Reading "/Users/kdoc/github/kdoc/widgets/beauty-invitation/index.ts"
2025-08-23T13:16:03.248013Z  INFO tailwindcss_oxide::scanner: Reading "/Users/kdoc/github/kdoc/shared/lib/locale/index.ts"
2025-08-23T13:16:03.248034Z  INFO tailwindcss_oxide::scanner: Reading "/Users/kdoc/github/kdoc/public/vercel.svg"
2025-08-23T13:16:03.248040Z  INFO tailwindcss_oxide::scanner: Reading "/Users/kdoc/github/kdoc/shared/lib/repositories/index.ts"
2025-08-23T13:16:03.248059Z  INFO tailwindcss_oxide::scanner: Reading "/Users/kdoc/github/kdoc/features/email-auth/index.ts"
2025-08-23T13:16:03.248065Z  INFO tailwindcss_oxide::scanner: Reading "/Users/kdoc/github/kdoc/entities/home/ui/BookingCard.tsx"
2025-08-23T13:16:03.248083Z  INFO tailwindcss_oxide::scanner: Reading "/Users/kdoc/github/kdoc/features/invitation-code/index.ts"
2025-08-23T13:16:03.248090Z  INFO tailwindcss_oxide::scanner: Reading "/Users/kdoc/github/kdoc/features/google-auth/index.ts"
2025-08-23T13:16:03.248110Z  INFO tailwindcss_oxide::scanner: Reading "/Users/kdoc/github/kdoc/app/api/notion/approval/archive/use-cases/archive-page.ts"
2025-08-23T13:16:03.248114Z  INFO tailwindcss_oxide::scanner: Reading "/Users/kdoc/github/kdoc/shared/ui/input/TextInput.tsx"
2025-08-23T13:16:03.248133Z  INFO tailwindcss_oxide::scanner: Reading "/Users/kdoc/github/kdoc/widgets/user-profile/ui/UserProfileWidget.tsx"
2025-08-23T13:16:03.248141Z  INFO tailwindcss_oxide::scanner: Reading "/Users/kdoc/github/kdoc/shared/lib/repositories/home-repository.ts"
2025-08-23T13:16:03.248158Z  INFO tailwindcss_oxide::scanner: Reading "/Users/kdoc/github/kdoc/public/next.svg"
2025-08-23T13:16:03.248165Z  INFO tailwindcss_oxide::scanner: Reading "/Users/kdoc/github/kdoc/shared/lib/supabase/middleware.ts"
2025-08-23T13:16:03.248277Z  INFO tailwindcss_oxide::scanner: Reading "/Users/kdoc/github/kdoc/app/[lang]/auth/line/infrastructure/services/line-api-service.ts"
2025-08-23T13:16:03.248183Z  INFO tailwindcss_oxide::scanner: Reading "/Users/kdoc/github/kdoc/features/phone-auth/ui/PhoneLoginButton.tsx"
2025-08-23T13:16:03.248188Z  INFO tailwindcss_oxide::scanner: Reading "/Users/kdoc/github/kdoc/entities/home/ui/ItineraryCard.tsx"
2025-08-23T13:16:03.248311Z  INFO tailwindcss_oxide::scanner: Reading "/Users/kdoc/github/kdoc/features/phone-auth/ui/PhoneVerificationForm.tsx"
2025-08-23T13:16:03.248320Z  INFO tailwindcss_oxide::scanner: Reading "/Users/kdoc/github/kdoc/entities/home/model/types.ts"
2025-08-23T13:16:03.248231Z  INFO tailwindcss_oxide::scanner: Reading "/Users/kdoc/github/kdoc/app/api/notion/approval/archive/use-cases/process-webhook.ts"
2025-08-23T13:16:03.248337Z  INFO tailwindcss_oxide::scanner: Reading "/Users/kdoc/github/kdoc/entities/home/index.ts"
2025-08-23T13:16:03.248263Z  INFO tailwindcss_oxide::scanner: Reading "/Users/kdoc/github/kdoc/app/api/notion/approval/archive/entities/errors.ts"
2025-08-23T13:16:03.248358Z  INFO tailwindcss_oxide::scanner: Reading "/Users/kdoc/github/kdoc/app/api/notion/approval/archive/use-cases/index.ts"
2025-08-23T13:16:03.248293Z  INFO tailwindcss_oxide::scanner: Reading "/Users/kdoc/github/kdoc/app/[lang]/auth/line/infrastructure/services/index.ts"
2025-08-23T13:16:03.248207Z  INFO tailwindcss_oxide::scanner: Reading "/Users/kdoc/github/kdoc/features/facebook-auth/ui/FacebookSignInButton.tsx"
2025-08-23T13:16:03.248213Z  INFO tailwindcss_oxide::scanner: Reading "/Users/kdoc/github/kdoc/features/phone-auth/ui/PhoneLoginForm.tsx"
2025-08-23T13:16:03.248236Z  INFO tailwindcss_oxide::scanner: Reading "/Users/kdoc/github/kdoc/shared/ui/status-badge/StatusBadge.tsx"
2025-08-23T13:16:03.248332Z  INFO tailwindcss_oxide::scanner: Reading "/Users/kdoc/github/kdoc/features/phone-auth/model/usePhoneAuth.ts"
2025-08-23T13:16:03.248415Z  INFO tailwindcss_oxide::scanner: Reading "/Users/kdoc/github/kdoc/shared/ui/button/index.ts"
2025-08-23T13:16:03.248255Z  INFO tailwindcss_oxide::scanner: Reading "/Users/kdoc/github/kdoc/entities/user/model/types.ts"
2025-08-23T13:16:03.248439Z  INFO tailwindcss_oxide::scanner: Reading "/Users/kdoc/github/kdoc/shared/ui/button/Button.tsx"
2025-08-23T13:16:03.248377Z  INFO tailwindcss_oxide::scanner: Reading "/Users/kdoc/github/kdoc/app/api/notion/approval/archive/use-cases/interfaces.ts"
2025-08-23T13:16:03.248450Z  INFO tailwindcss_oxide::scanner: Reading "/Users/kdoc/github/kdoc/app/api/notion/approval/archive/entities/notion-page.ts"
2025-08-23T13:16:03.248463Z  INFO tailwindcss_oxide::scanner: Reading "/Users/kdoc/github/kdoc/shared/ui/status-badge/index.ts"
2025-08-23T13:16:03.248474Z  INFO tailwindcss_oxide::scanner: Reading "/Users/kdoc/github/kdoc/app/api/notion/approval/archive/route.ts"
2025-08-23T13:16:03.248439Z  INFO tailwindcss_oxide::scanner: Reading "/Users/kdoc/github/kdoc/features/phone-auth/index.ts"
2025-08-23T13:16:03.248286Z  INFO tailwindcss_oxide::scanner: Reading "/Users/kdoc/github/kdoc/shared/lib/supabase/server-only.ts"
2025-08-23T13:16:03.248380Z  INFO tailwindcss_oxide::scanner: Reading "/Users/kdoc/github/kdoc/app/[lang]/auth/line/entities/line-auth.ts"
2025-08-23T13:16:03.248523Z  INFO tailwindcss_oxide::scanner: Reading "/Users/kdoc/github/kdoc/entities/user/model/useUser.ts"
2025-08-23T13:16:03.248404Z  INFO tailwindcss_oxide::scanner: Reading "/Users/kdoc/github/kdoc/features/facebook-auth/model/useFacebookAuth.ts"
2025-08-23T13:16:03.248537Z  INFO tailwindcss_oxide::scanner: Reading "/Users/kdoc/github/kdoc/app/[lang]/auth/line/entities/index.ts"
2025-08-23T13:16:03.248544Z  INFO tailwindcss_oxide::scanner: Reading "/Users/kdoc/github/kdoc/entities/user/index.ts"
2025-08-23T13:16:03.248547Z  INFO tailwindcss_oxide::scanner: Reading "/Users/kdoc/github/kdoc/app/[lang]/auth/auth-code-error/page.tsx"
2025-08-23T13:16:03.248561Z  INFO tailwindcss_oxide::scanner: Reading "/Users/kdoc/github/kdoc/app/[lang]/auth/reset-password/page.tsx"
2025-08-23T13:16:03.248573Z  INFO tailwindcss_oxide::scanner: Reading "/Users/kdoc/github/kdoc/entities/infrastructure/model/data.ts"
2025-08-23T13:16:03.248467Z  INFO tailwindcss_oxide::scanner: Reading "/Users/kdoc/github/kdoc/shared/ui/infra-card/InfraCard.tsx"
2025-08-23T13:16:03.248591Z  INFO tailwindcss_oxide::scanner: Reading "/Users/kdoc/github/kdoc/features/facebook-auth/index.ts"
2025-08-23T13:16:03.248505Z  INFO tailwindcss_oxide::scanner: Reading "/Users/kdoc/github/kdoc/app/api/notion/approval/archive/entities/index.ts"
2025-08-23T13:16:03.248509Z  INFO tailwindcss_oxide::scanner: Reading "/Users/kdoc/github/kdoc/app/api/notion/approval/archive/infrastructure/repositories/notion-page-repository.ts"
2025-08-23T13:16:03.248632Z  INFO tailwindcss_oxide::scanner: Reading "/Users/kdoc/github/kdoc/app/[lang]/auth/confirm/route.ts"
2025-08-23T13:16:03.248657Z  INFO tailwindcss_oxide::scanner: Reading "/Users/kdoc/github/kdoc/app/api/notion/approval/archive/infrastructure/repositories/index.ts"
2025-08-23T13:16:03.248662Z  INFO tailwindcss_oxide::scanner: Reading "/Users/kdoc/github/kdoc/app/[lang]/auth/line/use-cases/line-auth-use-case.ts"
2025-08-23T13:16:03.248592Z  INFO tailwindcss_oxide::scanner: Reading "/Users/kdoc/github/kdoc/app/[lang]/auth/verify-phone/page.tsx"
2025-08-23T13:16:03.248602Z  INFO tailwindcss_oxide::scanner: Reading "/Users/kdoc/github/kdoc/entities/infrastructure/model/types.ts"
2025-08-23T13:16:03.248633Z  INFO tailwindcss_oxide::scanner: Reading "/Users/kdoc/github/kdoc/features/invitation-swipe/ui/SwipeToOpen.tsx"
2025-08-23T13:16:03.248634Z  INFO tailwindcss_oxide::scanner: Reading "/Users/kdoc/github/kdoc/app/[lang]/auth/email-login/page.tsx"
2025-08-23T13:16:03.248720Z  INFO tailwindcss_oxide::scanner: Reading "/Users/kdoc/github/kdoc/app/[lang]/auth/callback/route.ts"
2025-08-23T13:16:03.248633Z  INFO tailwindcss_oxide::scanner: Reading "/Users/kdoc/github/kdoc/shared/ui/infra-card/index.ts"
2025-08-23T13:16:03.248510Z  INFO tailwindcss_oxide::scanner: Reading "/Users/kdoc/github/kdoc/features/auth/ui/AuthPageHeader.tsx"
2025-08-23T13:16:03.248358Z  INFO tailwindcss_oxide::scanner: Reading "/Users/kdoc/github/kdoc/entities/user/ui/UserAvatar.tsx"
2025-08-23T13:16:03.248760Z  INFO tailwindcss_oxide::scanner: Reading "/Users/kdoc/github/kdoc/features/auth/ui/AuthLinks.tsx"
2025-08-23T13:16:03.248682Z  INFO tailwindcss_oxide::scanner: Reading "/Users/kdoc/github/kdoc/app/[lang]/auth/line/use-cases/index.ts"
2025-08-23T13:16:03.248709Z  INFO tailwindcss_oxide::scanner: Reading "/Users/kdoc/github/kdoc/entities/infrastructure/index.ts"
2025-08-23T13:16:03.248713Z  INFO tailwindcss_oxide::scanner: Reading "/Users/kdoc/github/kdoc/features/invitation-swipe/model/useSwipeGesture.ts"
2025-08-23T13:16:03.248730Z  INFO tailwindcss_oxide::scanner: Reading "/Users/kdoc/github/kdoc/app/[lang]/auth/phone-login/page.tsx"
2025-08-23T13:16:03.248529Z  INFO tailwindcss_oxide::scanner: Reading "/Users/kdoc/github/kdoc/shared/ui/connector-line/index.ts"
2025-08-23T13:16:03.248832Z  INFO tailwindcss_oxide::scanner: Reading "/Users/kdoc/github/kdoc/prisma/migrations/20250809045613_init/migration.sql"
2025-08-23T13:16:03.248838Z  INFO tailwindcss_oxide::scanner: Reading "/Users/kdoc/github/kdoc/shared/ui/connector-line/ConnectorLine.tsx"
2025-08-23T13:16:03.248761Z  INFO tailwindcss_oxide::scanner: Reading "/Users/kdoc/github/kdoc/shared/ui/divider/Divider.tsx"
2025-08-23T13:16:03.248782Z  INFO tailwindcss_oxide::scanner: Reading "/Users/kdoc/github/kdoc/app/[lang]/auth/line/callback/route.ts"
2025-08-23T13:16:03.248789Z  INFO tailwindcss_oxide::scanner: Reading "/Users/kdoc/github/kdoc/features/line-auth/ui/LineSignInButton.tsx"
2025-08-23T13:16:03.248807Z  INFO tailwindcss_oxide::scanner: Reading "/Users/kdoc/github/kdoc/entities/invitation/ui/LuxuryBackground.tsx"
2025-08-23T13:16:03.248811Z  INFO tailwindcss_oxide::scanner: Reading "/Users/kdoc/github/kdoc/features/invitation-swipe/index.ts"
2025-08-23T13:16:03.248815Z  INFO tailwindcss_oxide::scanner: Reading "/Users/kdoc/github/kdoc/app/api/notion/approval/archive/infrastructure/services/logger-service.ts"
2025-08-23T13:16:03.248918Z  INFO tailwindcss_oxide::scanner: Reading "/Users/kdoc/github/kdoc/prisma/seed.ts"
2025-08-23T13:16:03.248681Z  INFO tailwindcss_oxide::scanner: Reading "/Users/kdoc/github/kdoc/app/api/notion/approval/archive/infrastructure/services/notion-client-factory.ts"
2025-08-23T13:16:03.248850Z  INFO tailwindcss_oxide::scanner: Reading "/Users/kdoc/github/kdoc/prisma/migrations/20250809064000_credit_ledger/migration.sql"
2025-08-23T13:16:03.248950Z  INFO tailwindcss_oxide::scanner: Reading "/Users/kdoc/github/kdoc/app/api/notion/approval/archive/infrastructure/services/notion-client-service.ts"
2025-08-23T13:16:03.248855Z  INFO tailwindcss_oxide::scanner: Reading "/Users/kdoc/github/kdoc/features/line-auth/index.ts"
2025-08-23T13:16:03.248877Z  INFO tailwindcss_oxide::scanner: Reading "/Users/kdoc/github/kdoc/shared/config/locales.ts"
2025-08-23T13:16:03.248895Z  INFO tailwindcss_oxide::scanner: Reading "/Users/kdoc/github/kdoc/features/line-auth/model/useLineAuth.ts"
2025-08-23T13:16:03.248901Z  INFO tailwindcss_oxide::scanner: Reading "/Users/kdoc/github/kdoc/entities/invitation/ui/DiamondSeal.tsx"
2025-08-23T13:16:03.248993Z  INFO tailwindcss_oxide::scanner: Reading "/Users/kdoc/github/kdoc/shared/ui/badge/Badge.tsx"
2025-08-23T13:16:03.248738Z  INFO tailwindcss_oxide::scanner: Reading "/Users/kdoc/github/kdoc/app/[lang]/auth/confirm-email/page.tsx"
2025-08-23T13:16:03.248925Z  INFO tailwindcss_oxide::scanner: Reading "/Users/kdoc/github/kdoc/app/api/notion/approval/archive/infrastructure/services/index.ts"
2025-08-23T13:16:03.248870Z  INFO tailwindcss_oxide::scanner: Reading "/Users/kdoc/github/kdoc/shared/ui/divider/index.ts"
2025-08-23T13:16:03.248961Z  INFO tailwindcss_oxide::scanner: Reading "/Users/kdoc/github/kdoc/prisma/schema.prisma"
2025-08-23T13:16:03.249034Z  INFO tailwindcss_oxide::scanner: Reading "/Users/kdoc/github/kdoc/app/[lang]/auth/login/page.tsx"
2025-08-23T13:16:03.248967Z  INFO tailwindcss_oxide::scanner: Reading "/Users/kdoc/github/kdoc/prisma/migrations/20250809063154_domain_init/migration.sql"
2025-08-23T13:16:03.249060Z  INFO tailwindcss_oxide::scanner: Reading "/Users/kdoc/github/kdoc/app/api/notion/approval/archive/entities/archive-request.ts"
2025-08-23T13:16:03.249019Z  INFO tailwindcss_oxide::scanner: Reading "/Users/kdoc/github/kdoc/shared/config/index.ts"
2025-08-23T13:16:03.249022Z  INFO tailwindcss_oxide::scanner: Reading "/Users/kdoc/github/kdoc/shared/ui/badge/index.ts"
2025-08-23T13:16:03.249039Z  INFO tailwindcss_oxide::scanner: Reading "/Users/kdoc/github/kdoc/entities/invitation/index.ts"
2025-08-23T13:16:03.248985Z  INFO tailwindcss_oxide::scanner: Reading "/Users/kdoc/github/kdoc/shared/config/line.ts"
2025-08-23T13:16:03.249141Z  INFO tailwindcss_oxide::scanner: Reading "/Users/kdoc/github/kdoc/app/[lang]/dictionaries.ts"
2025-08-23T13:16:03.249078Z  INFO tailwindcss_oxide::scanner: Reading "/Users/kdoc/github/kdoc/prisma/migrations/migration_lock.toml"
2025-08-23T13:16:03.249119Z  INFO tailwindcss_oxide::scanner: Reading "/Users/kdoc/github/kdoc/next.config.ts"
2025-08-23T13:16:03.249124Z  INFO tailwindcss_oxide::scanner: Reading "/Users/kdoc/github/kdoc/shared/ui/language-switcher/LanguageSwitcher.tsx"
2025-08-23T13:16:03.248934Z  INFO tailwindcss_oxide::scanner: Reading "/Users/kdoc/github/kdoc/shared/ui/language-switcher/index.ts"
2025-08-23T13:16:03.249150Z  INFO tailwindcss_oxide::scanner: Reading "/Users/kdoc/github/kdoc/pnpm-workspace.yaml"
2025-08-23T13:16:03.249160Z  INFO tailwindcss_oxide::scanner: Reading "/Users/kdoc/github/kdoc/app/[lang]/invite/page.tsx"
2025-08-23T13:16:03.249272Z  INFO extract_candidates:read_all_files: tailwindcss_oxide::scanner: exit
2025-08-23T13:16:03.249277Z  INFO extract_candidates:parse_all_blobs: tailwindcss_oxide::scanner: enter
2025-08-23T13:16:03.249279Z  INFO extract_candidates:parse_all_blobs:extract: tailwindcss_oxide::scanner: enter
2025-08-23T13:16:03.250565Z  INFO extract_candidates:parse_all_blobs:extract: tailwindcss_oxide::scanner: exit
2025-08-23T13:16:03.250602Z  INFO extract_candidates:parse_all_blobs: tailwindcss_oxide::scanner: exit
2025-08-23T13:16:03.250620Z  INFO extract_candidates:read_all_files: tailwindcss_oxide::scanner: enter
2025-08-23T13:16:03.250625Z  INFO extract_candidates:read_all_files: tailwindcss_oxide::scanner: Reading 1 file(s)
2025-08-23T13:16:03.250647Z  INFO extract_candidates:read_all_files: tailwindcss_oxide::scanner: Reading "/Users/kdoc/github/kdoc/app/globals.css"
2025-08-23T13:16:03.250660Z  INFO extract_candidates:read_all_files: tailwindcss_oxide::scanner: exit
2025-08-23T13:16:03.250662Z  INFO extract_candidates:extract_css_variables: tailwindcss_oxide::scanner: enter
2025-08-23T13:16:03.250665Z  INFO extract_candidates:extract_css_variables:extract: tailwindcss_oxide::scanner: enter
2025-08-23T13:16:03.250685Z  INFO extract_candidates:extract_css_variables:extract: tailwindcss_oxide::scanner: exit
2025-08-23T13:16:03.250711Z  INFO extract_candidates:extract_css_variables: tailwindcss_oxide::scanner: exit
2025-08-23T13:16:03.251072Z  INFO extract_candidates: tailwindcss_oxide::scanner: exit
2025-08-23T13:16:03.251577Z  INFO get_files: tailwindcss_oxide::scanner: enter
2025-08-23T13:16:03.251581Z  INFO get_files:scan_sources: tailwindcss_oxide::scanner: enter
2025-08-23T13:16:03.251910Z  INFO get_files:scan_sources: tailwindcss_oxide::scanner: Discovering "/Users/kdoc/github/kdoc/.cursor"
2025-08-23T13:16:03.251932Z  INFO get_files:scan_sources: tailwindcss_oxide::scanner: Discovering "/Users/kdoc/github/kdoc/.cursor/rules"
2025-08-23T13:16:03.251998Z  INFO get_files:scan_sources: tailwindcss_oxide::scanner: Discovering "/Users/kdoc/github/kdoc/app"
2025-08-23T13:16:03.252019Z  INFO get_files:scan_sources: tailwindcss_oxide::scanner: Discovering "/Users/kdoc/github/kdoc/app/infra"
2025-08-23T13:16:03.252051Z  INFO get_files:scan_sources: tailwindcss_oxide::scanner: Discovering "/Users/kdoc/github/kdoc/app/api"
2025-08-23T13:16:03.252071Z  INFO get_files:scan_sources: tailwindcss_oxide::scanner: Discovering "/Users/kdoc/github/kdoc/app/api/notion"
2025-08-23T13:16:03.252089Z  INFO get_files:scan_sources: tailwindcss_oxide::scanner: Discovering "/Users/kdoc/github/kdoc/app/api/notion/approval"
2025-08-23T13:16:03.252110Z  INFO get_files:scan_sources: tailwindcss_oxide::scanner: Discovering "/Users/kdoc/github/kdoc/app/api/notion/approval/archive"
2025-08-23T13:16:03.252136Z  INFO get_files:scan_sources: tailwindcss_oxide::scanner: Discovering "/Users/kdoc/github/kdoc/app/api/notion/approval/archive/use-cases"
2025-08-23T13:16:03.252183Z  INFO get_files:scan_sources: tailwindcss_oxide::scanner: Discovering "/Users/kdoc/github/kdoc/app/api/notion/approval/archive/infrastructure"
2025-08-23T13:16:03.252202Z  INFO get_files:scan_sources: tailwindcss_oxide::scanner: Discovering "/Users/kdoc/github/kdoc/app/api/notion/approval/archive/infrastructure/repositories"
2025-08-23T13:16:03.252234Z  INFO get_files:scan_sources: tailwindcss_oxide::scanner: Discovering "/Users/kdoc/github/kdoc/app/api/notion/approval/archive/infrastructure/services"
2025-08-23T13:16:03.252271Z  INFO get_files:scan_sources: tailwindcss_oxide::scanner: Discovering "/Users/kdoc/github/kdoc/app/api/notion/approval/archive/entities"
2025-08-23T13:16:03.252313Z  INFO get_files:scan_sources: tailwindcss_oxide::scanner: Discovering "/Users/kdoc/github/kdoc/app/[lang]"
2025-08-23T13:16:03.252334Z  INFO get_files:scan_sources: tailwindcss_oxide::scanner: Discovering "/Users/kdoc/github/kdoc/app/[lang]/auth"
2025-08-23T13:16:03.252360Z  INFO get_files:scan_sources: tailwindcss_oxide::scanner: Discovering "/Users/kdoc/github/kdoc/app/[lang]/auth/email-login"
2025-08-23T13:16:03.252385Z  INFO get_files:scan_sources: tailwindcss_oxide::scanner: Discovering "/Users/kdoc/github/kdoc/app/[lang]/auth/phone-login"
2025-08-23T13:16:03.252407Z  INFO get_files:scan_sources: tailwindcss_oxide::scanner: Discovering "/Users/kdoc/github/kdoc/app/[lang]/auth/auth-code-error"
2025-08-23T13:16:03.252432Z  INFO get_files:scan_sources: tailwindcss_oxide::scanner: Discovering "/Users/kdoc/github/kdoc/app/[lang]/auth/confirm"
2025-08-23T13:16:03.252452Z  INFO get_files:scan_sources: tailwindcss_oxide::scanner: Discovering "/Users/kdoc/github/kdoc/app/[lang]/auth/line"
2025-08-23T13:16:03.252470Z  INFO get_files:scan_sources: tailwindcss_oxide::scanner: Discovering "/Users/kdoc/github/kdoc/app/[lang]/auth/line/use-cases"
2025-08-23T13:16:03.252497Z  INFO get_files:scan_sources: tailwindcss_oxide::scanner: Discovering "/Users/kdoc/github/kdoc/app/[lang]/auth/line/callback"
2025-08-23T13:16:03.252522Z  INFO get_files:scan_sources: tailwindcss_oxide::scanner: Discovering "/Users/kdoc/github/kdoc/app/[lang]/auth/line/infrastructure"
2025-08-23T13:16:03.252537Z  INFO get_files:scan_sources: tailwindcss_oxide::scanner: Discovering "/Users/kdoc/github/kdoc/app/[lang]/auth/line/infrastructure/services"
2025-08-23T13:16:03.252560Z  INFO get_files:scan_sources: tailwindcss_oxide::scanner: Discovering "/Users/kdoc/github/kdoc/app/[lang]/auth/line/entities"
2025-08-23T13:16:03.252583Z  INFO get_files:scan_sources: tailwindcss_oxide::scanner: Discovering "/Users/kdoc/github/kdoc/app/[lang]/auth/reset-password"
2025-08-23T13:16:03.252603Z  INFO get_files:scan_sources: tailwindcss_oxide::scanner: Discovering "/Users/kdoc/github/kdoc/app/[lang]/auth/verify-phone"
2025-08-23T13:16:03.252622Z  INFO get_files:scan_sources: tailwindcss_oxide::scanner: Discovering "/Users/kdoc/github/kdoc/app/[lang]/auth/callback"
2025-08-23T13:16:03.252642Z  INFO get_files:scan_sources: tailwindcss_oxide::scanner: Discovering "/Users/kdoc/github/kdoc/app/[lang]/auth/confirm-email"
2025-08-23T13:16:03.252662Z  INFO get_files:scan_sources: tailwindcss_oxide::scanner: Discovering "/Users/kdoc/github/kdoc/app/[lang]/auth/login"
2025-08-23T13:16:03.252687Z  INFO get_files:scan_sources: tailwindcss_oxide::scanner: Discovering "/Users/kdoc/github/kdoc/app/[lang]/invite"
2025-08-23T13:16:03.252707Z  INFO get_files:scan_sources: tailwindcss_oxide::scanner: Discovering "/Users/kdoc/github/kdoc/app/[lang]/components"
2025-08-23T13:16:03.252728Z  INFO get_files:scan_sources: tailwindcss_oxide::scanner: Discovering "/Users/kdoc/github/kdoc/app/[lang]/dictionaries"
2025-08-23T13:16:03.252779Z  INFO get_files:scan_sources: tailwindcss_oxide::scanner: Discovering "/Users/kdoc/github/kdoc/features"
2025-08-23T13:16:03.252805Z  INFO get_files:scan_sources: tailwindcss_oxide::scanner: Discovering "/Users/kdoc/github/kdoc/features/email-auth"
2025-08-23T13:16:03.252837Z  INFO get_files:scan_sources: tailwindcss_oxide::scanner: Discovering "/Users/kdoc/github/kdoc/features/email-auth/ui"
2025-08-23T13:16:03.252874Z  INFO get_files:scan_sources: tailwindcss_oxide::scanner: Discovering "/Users/kdoc/github/kdoc/features/email-auth/model"
2025-08-23T13:16:03.252900Z  INFO get_files:scan_sources: tailwindcss_oxide::scanner: Discovering "/Users/kdoc/github/kdoc/features/google-auth"
2025-08-23T13:16:03.252920Z  INFO get_files:scan_sources: tailwindcss_oxide::scanner: Discovering "/Users/kdoc/github/kdoc/features/google-auth/ui"
2025-08-23T13:16:03.252949Z  INFO get_files:scan_sources: tailwindcss_oxide::scanner: Discovering "/Users/kdoc/github/kdoc/features/google-auth/model"
2025-08-23T13:16:03.252975Z  INFO get_files:scan_sources: tailwindcss_oxide::scanner: Discovering "/Users/kdoc/github/kdoc/features/phone-auth"
2025-08-23T13:16:03.252993Z  INFO get_files:scan_sources: tailwindcss_oxide::scanner: Discovering "/Users/kdoc/github/kdoc/features/phone-auth/ui"
2025-08-23T13:16:03.253022Z  INFO get_files:scan_sources: tailwindcss_oxide::scanner: Discovering "/Users/kdoc/github/kdoc/features/phone-auth/model"
2025-08-23T13:16:03.253061Z  INFO get_files:scan_sources: tailwindcss_oxide::scanner: Discovering "/Users/kdoc/github/kdoc/features/auth"
2025-08-23T13:16:03.253096Z  INFO get_files:scan_sources: tailwindcss_oxide::scanner: Discovering "/Users/kdoc/github/kdoc/features/auth/ui"
2025-08-23T13:16:03.253143Z  INFO get_files:scan_sources: tailwindcss_oxide::scanner: Discovering "/Users/kdoc/github/kdoc/features/invitation-code"
2025-08-23T13:16:03.253165Z  INFO get_files:scan_sources: tailwindcss_oxide::scanner: Discovering "/Users/kdoc/github/kdoc/features/invitation-code/ui"
2025-08-23T13:16:03.253190Z  INFO get_files:scan_sources: tailwindcss_oxide::scanner: Discovering "/Users/kdoc/github/kdoc/features/invitation-code/model"
2025-08-23T13:16:03.253217Z  INFO get_files:scan_sources: tailwindcss_oxide::scanner: Discovering "/Users/kdoc/github/kdoc/features/facebook-auth"
2025-08-23T13:16:03.253236Z  INFO get_files:scan_sources: tailwindcss_oxide::scanner: Discovering "/Users/kdoc/github/kdoc/features/facebook-auth/ui"
2025-08-23T13:16:03.253264Z  INFO get_files:scan_sources: tailwindcss_oxide::scanner: Discovering "/Users/kdoc/github/kdoc/features/facebook-auth/model"
2025-08-23T13:16:03.253292Z  INFO get_files:scan_sources: tailwindcss_oxide::scanner: Discovering "/Users/kdoc/github/kdoc/features/invitation-swipe"
2025-08-23T13:16:03.253312Z  INFO get_files:scan_sources: tailwindcss_oxide::scanner: Discovering "/Users/kdoc/github/kdoc/features/invitation-swipe/ui"
2025-08-23T13:16:03.253342Z  INFO get_files:scan_sources: tailwindcss_oxide::scanner: Discovering "/Users/kdoc/github/kdoc/features/invitation-swipe/model"
2025-08-23T13:16:03.253372Z  INFO get_files:scan_sources: tailwindcss_oxide::scanner: Discovering "/Users/kdoc/github/kdoc/features/line-auth"
2025-08-23T13:16:03.253392Z  INFO get_files:scan_sources: tailwindcss_oxide::scanner: Discovering "/Users/kdoc/github/kdoc/features/line-auth/ui"
2025-08-23T13:16:03.253414Z  INFO get_files:scan_sources: tailwindcss_oxide::scanner: Discovering "/Users/kdoc/github/kdoc/features/line-auth/model"
2025-08-23T13:16:03.253441Z  INFO get_files:scan_sources: tailwindcss_oxide::scanner: Discovering "/Users/kdoc/github/kdoc/prisma"
2025-08-23T13:16:03.253464Z  INFO get_files:scan_sources: tailwindcss_oxide::scanner: Discovering "/Users/kdoc/github/kdoc/prisma/migrations"
2025-08-23T13:16:03.253486Z  INFO get_files:scan_sources: tailwindcss_oxide::scanner: Discovering "/Users/kdoc/github/kdoc/prisma/migrations/20250809063154_domain_init"
2025-08-23T13:16:03.253514Z  INFO get_files:scan_sources: tailwindcss_oxide::scanner: Discovering "/Users/kdoc/github/kdoc/prisma/migrations/20250809045613_init"
2025-08-23T13:16:03.253534Z  INFO get_files:scan_sources: tailwindcss_oxide::scanner: Discovering "/Users/kdoc/github/kdoc/prisma/migrations/20250809064000_credit_ledger"
2025-08-23T13:16:03.253555Z  INFO get_files:scan_sources: tailwindcss_oxide::scanner: Discovering "/Users/kdoc/github/kdoc/prisma/migrations/20250815150440_connect_profile_to_auth_users"
2025-08-23T13:16:03.253581Z  INFO get_files:scan_sources: tailwindcss_oxide::scanner: Discovering "/Users/kdoc/github/kdoc/shared"
2025-08-23T13:16:03.253602Z  INFO get_files:scan_sources: tailwindcss_oxide::scanner: Discovering "/Users/kdoc/github/kdoc/shared/ui"
2025-08-23T13:16:03.253620Z  INFO get_files:scan_sources: tailwindcss_oxide::scanner: Discovering "/Users/kdoc/github/kdoc/shared/ui/language-switcher"
2025-08-23T13:16:03.253643Z  INFO get_files:scan_sources: tailwindcss_oxide::scanner: Discovering "/Users/kdoc/github/kdoc/shared/ui/section"
2025-08-23T13:16:03.253665Z  INFO get_files:scan_sources: tailwindcss_oxide::scanner: Discovering "/Users/kdoc/github/kdoc/shared/ui/card"
2025-08-23T13:16:03.253691Z  INFO get_files:scan_sources: tailwindcss_oxide::scanner: Discovering "/Users/kdoc/github/kdoc/shared/ui/input"
2025-08-23T13:16:03.253710Z  INFO get_files:scan_sources: tailwindcss_oxide::scanner: Discovering "/Users/kdoc/github/kdoc/shared/ui/status-badge"
2025-08-23T13:16:03.253735Z  INFO get_files:scan_sources: tailwindcss_oxide::scanner: Discovering "/Users/kdoc/github/kdoc/shared/ui/connector-line"
2025-08-23T13:16:03.253759Z  INFO get_files:scan_sources: tailwindcss_oxide::scanner: Discovering "/Users/kdoc/github/kdoc/shared/ui/button"
2025-08-23T13:16:03.253784Z  INFO get_files:scan_sources: tailwindcss_oxide::scanner: Discovering "/Users/kdoc/github/kdoc/shared/ui/infra-card"
2025-08-23T13:16:03.253807Z  INFO get_files:scan_sources: tailwindcss_oxide::scanner: Discovering "/Users/kdoc/github/kdoc/shared/ui/divider"
2025-08-23T13:16:03.253829Z  INFO get_files:scan_sources: tailwindcss_oxide::scanner: Discovering "/Users/kdoc/github/kdoc/shared/ui/icon"
2025-08-23T13:16:03.253844Z  INFO get_files:scan_sources: tailwindcss_oxide::scanner: Discovering "/Users/kdoc/github/kdoc/shared/ui/badge"
2025-08-23T13:16:03.253873Z  INFO get_files:scan_sources: tailwindcss_oxide::scanner: Discovering "/Users/kdoc/github/kdoc/shared/config"
2025-08-23T13:16:03.253903Z  INFO get_files:scan_sources: tailwindcss_oxide::scanner: Discovering "/Users/kdoc/github/kdoc/shared/model"
2025-08-23T13:16:03.253918Z  INFO get_files:scan_sources: tailwindcss_oxide::scanner: Discovering "/Users/kdoc/github/kdoc/shared/model/types"
2025-08-23T13:16:03.253943Z  INFO get_files:scan_sources: tailwindcss_oxide::scanner: Discovering "/Users/kdoc/github/kdoc/shared/lib"
2025-08-23T13:16:03.253961Z  INFO get_files:scan_sources: tailwindcss_oxide::scanner: Discovering "/Users/kdoc/github/kdoc/shared/lib/middleware"
2025-08-23T13:16:03.253977Z  INFO get_files:scan_sources: tailwindcss_oxide::scanner: Discovering "/Users/kdoc/github/kdoc/shared/lib/middleware/entities"
2025-08-23T13:16:03.254002Z  INFO get_files:scan_sources: tailwindcss_oxide::scanner: Discovering "/Users/kdoc/github/kdoc/shared/lib/locale"
2025-08-23T13:16:03.254032Z  INFO get_files:scan_sources: tailwindcss_oxide::scanner: Discovering "/Users/kdoc/github/kdoc/shared/lib/repositories"
2025-08-23T13:16:03.254057Z  INFO get_files:scan_sources: tailwindcss_oxide::scanner: Discovering "/Users/kdoc/github/kdoc/shared/lib/supabase"
2025-08-23T13:16:03.254104Z  INFO get_files:scan_sources: tailwindcss_oxide::scanner: Discovering "/Users/kdoc/github/kdoc/shared/lib/currency"
2025-08-23T13:16:03.254155Z  INFO get_files:scan_sources: tailwindcss_oxide::scanner: Discovering "/Users/kdoc/github/kdoc/public"
2025-08-23T13:16:03.254171Z  INFO get_files:scan_sources: tailwindcss_oxide::scanner: Discovering "/Users/kdoc/github/kdoc/public/infra"
2025-08-23T13:16:03.254224Z  INFO get_files:scan_sources: tailwindcss_oxide::scanner: Discovering "/Users/kdoc/github/kdoc/scripts"
2025-08-23T13:16:03.254261Z  INFO get_files:scan_sources: tailwindcss_oxide::scanner: Discovering "/Users/kdoc/github/kdoc/.vscode"
2025-08-23T13:16:03.254288Z  INFO get_files:scan_sources: tailwindcss_oxide::scanner: Discovering "/Users/kdoc/github/kdoc/widgets"
2025-08-23T13:16:03.254308Z  INFO get_files:scan_sources: tailwindcss_oxide::scanner: Discovering "/Users/kdoc/github/kdoc/widgets/infrastructure-diagram"
2025-08-23T13:16:03.254326Z  INFO get_files:scan_sources: tailwindcss_oxide::scanner: Discovering "/Users/kdoc/github/kdoc/widgets/infrastructure-diagram/ui"
2025-08-23T13:16:03.254362Z  INFO get_files:scan_sources: tailwindcss_oxide::scanner: Discovering "/Users/kdoc/github/kdoc/widgets/beauty-invitation"
2025-08-23T13:16:03.254379Z  INFO get_files:scan_sources: tailwindcss_oxide::scanner: Discovering "/Users/kdoc/github/kdoc/widgets/beauty-invitation/ui"
2025-08-23T13:16:03.254415Z  INFO get_files:scan_sources: tailwindcss_oxide::scanner: Discovering "/Users/kdoc/github/kdoc/widgets/beauty-invitation/model"
2025-08-23T13:16:03.254447Z  INFO get_files:scan_sources: tailwindcss_oxide::scanner: Discovering "/Users/kdoc/github/kdoc/widgets/user-profile"
2025-08-23T13:16:03.254465Z  INFO get_files:scan_sources: tailwindcss_oxide::scanner: Discovering "/Users/kdoc/github/kdoc/widgets/user-profile/ui"
2025-08-23T13:16:03.254490Z  INFO get_files:scan_sources: tailwindcss_oxide::scanner: Discovering "/Users/kdoc/github/kdoc/widgets/home-sections"
2025-08-23T13:16:03.254506Z  INFO get_files:scan_sources: tailwindcss_oxide::scanner: Discovering "/Users/kdoc/github/kdoc/widgets/home-sections/ui"
2025-08-23T13:16:03.254539Z  INFO get_files:scan_sources: tailwindcss_oxide::scanner: Discovering "/Users/kdoc/github/kdoc/entities"
2025-08-23T13:16:03.254555Z  INFO get_files:scan_sources: tailwindcss_oxide::scanner: Discovering "/Users/kdoc/github/kdoc/entities/home"
2025-08-23T13:16:03.254571Z  INFO get_files:scan_sources: tailwindcss_oxide::scanner: Discovering "/Users/kdoc/github/kdoc/entities/home/ui"
2025-08-23T13:16:03.254599Z  INFO get_files:scan_sources: tailwindcss_oxide::scanner: Discovering "/Users/kdoc/github/kdoc/entities/home/model"
2025-08-23T13:16:03.254622Z  INFO get_files:scan_sources: tailwindcss_oxide::scanner: Discovering "/Users/kdoc/github/kdoc/entities/user"
2025-08-23T13:16:03.254637Z  INFO get_files:scan_sources: tailwindcss_oxide::scanner: Discovering "/Users/kdoc/github/kdoc/entities/user/ui"
2025-08-23T13:16:03.254660Z  INFO get_files:scan_sources: tailwindcss_oxide::scanner: Discovering "/Users/kdoc/github/kdoc/entities/user/model"
2025-08-23T13:16:03.254686Z  INFO get_files:scan_sources: tailwindcss_oxide::scanner: Discovering "/Users/kdoc/github/kdoc/entities/infrastructure"
2025-08-23T13:16:03.254701Z  INFO get_files:scan_sources: tailwindcss_oxide::scanner: Discovering "/Users/kdoc/github/kdoc/entities/infrastructure/model"
2025-08-23T13:16:03.254725Z  INFO get_files:scan_sources: tailwindcss_oxide::scanner: Discovering "/Users/kdoc/github/kdoc/entities/invitation"
2025-08-23T13:16:03.254739Z  INFO get_files:scan_sources: tailwindcss_oxide::scanner: Discovering "/Users/kdoc/github/kdoc/entities/invitation/ui"
2025-08-23T13:16:03.254761Z  INFO get_files:scan_sources: tailwindcss_oxide::scanner: Discovering "/Users/kdoc/github/kdoc/entities/invitation/model"
2025-08-23T13:16:03.254813Z  INFO get_files:scan_sources: tailwindcss_oxide::scanner: exit
2025-08-23T13:16:03.254925Z  INFO get_files: tailwindcss_oxide::scanner: exit
2025-08-23T13:16:03.255143Z  INFO get_globs: tailwindcss_oxide::scanner: enter
2025-08-23T13:16:03.255146Z  INFO get_globs:scan_sources: tailwindcss_oxide::scanner: enter
2025-08-23T13:16:03.255411Z  INFO get_globs:scan_sources: tailwindcss_oxide::scanner: Discovering "/Users/kdoc/github/kdoc/.cursor"
2025-08-23T13:16:03.255426Z  INFO get_globs:scan_sources: tailwindcss_oxide::scanner: Discovering "/Users/kdoc/github/kdoc/.cursor/rules"
2025-08-23T13:16:03.255478Z  INFO get_globs:scan_sources: tailwindcss_oxide::scanner: Discovering "/Users/kdoc/github/kdoc/app"
2025-08-23T13:16:03.255495Z  INFO get_globs:scan_sources: tailwindcss_oxide::scanner: Discovering "/Users/kdoc/github/kdoc/app/infra"
2025-08-23T13:16:03.255518Z  INFO get_globs:scan_sources: tailwindcss_oxide::scanner: Discovering "/Users/kdoc/github/kdoc/app/api"
2025-08-23T13:16:03.255533Z  INFO get_globs:scan_sources: tailwindcss_oxide::scanner: Discovering "/Users/kdoc/github/kdoc/app/api/notion"
2025-08-23T13:16:03.255548Z  INFO get_globs:scan_sources: tailwindcss_oxide::scanner: Discovering "/Users/kdoc/github/kdoc/app/api/notion/approval"
2025-08-23T13:16:03.255563Z  INFO get_globs:scan_sources: tailwindcss_oxide::scanner: Discovering "/Users/kdoc/github/kdoc/app/api/notion/approval/archive"
2025-08-23T13:16:03.255583Z  INFO get_globs:scan_sources: tailwindcss_oxide::scanner: Discovering "/Users/kdoc/github/kdoc/app/api/notion/approval/archive/use-cases"
2025-08-23T13:16:03.255617Z  INFO get_globs:scan_sources: tailwindcss_oxide::scanner: Discovering "/Users/kdoc/github/kdoc/app/api/notion/approval/archive/infrastructure"
2025-08-23T13:16:03.255633Z  INFO get_globs:scan_sources: tailwindcss_oxide::scanner: Discovering "/Users/kdoc/github/kdoc/app/api/notion/approval/archive/infrastructure/repositories"
2025-08-23T13:16:03.255657Z  INFO get_globs:scan_sources: tailwindcss_oxide::scanner: Discovering "/Users/kdoc/github/kdoc/app/api/notion/approval/archive/infrastructure/services"
2025-08-23T13:16:03.255686Z  INFO get_globs:scan_sources: tailwindcss_oxide::scanner: Discovering "/Users/kdoc/github/kdoc/app/api/notion/approval/archive/entities"
2025-08-23T13:16:03.255721Z  INFO get_globs:scan_sources: tailwindcss_oxide::scanner: Discovering "/Users/kdoc/github/kdoc/app/[lang]"
2025-08-23T13:16:03.255737Z  INFO get_globs:scan_sources: tailwindcss_oxide::scanner: Discovering "/Users/kdoc/github/kdoc/app/[lang]/auth"
2025-08-23T13:16:03.255753Z  INFO get_globs:scan_sources: tailwindcss_oxide::scanner: Discovering "/Users/kdoc/github/kdoc/app/[lang]/auth/email-login"
2025-08-23T13:16:03.255773Z  INFO get_globs:scan_sources: tailwindcss_oxide::scanner: Discovering "/Users/kdoc/github/kdoc/app/[lang]/auth/phone-login"
2025-08-23T13:16:03.255792Z  INFO get_globs:scan_sources: tailwindcss_oxide::scanner: Discovering "/Users/kdoc/github/kdoc/app/[lang]/auth/auth-code-error"
2025-08-23T13:16:03.255810Z  INFO get_globs:scan_sources: tailwindcss_oxide::scanner: Discovering "/Users/kdoc/github/kdoc/app/[lang]/auth/confirm"
2025-08-23T13:16:03.255832Z  INFO get_globs:scan_sources: tailwindcss_oxide::scanner: Discovering "/Users/kdoc/github/kdoc/app/[lang]/auth/line"
2025-08-23T13:16:03.255847Z  INFO get_globs:scan_sources: tailwindcss_oxide::scanner: Discovering "/Users/kdoc/github/kdoc/app/[lang]/auth/line/use-cases"
2025-08-23T13:16:03.255868Z  INFO get_globs:scan_sources: tailwindcss_oxide::scanner: Discovering "/Users/kdoc/github/kdoc/app/[lang]/auth/line/callback"
2025-08-23T13:16:03.255885Z  INFO get_globs:scan_sources: tailwindcss_oxide::scanner: Discovering "/Users/kdoc/github/kdoc/app/[lang]/auth/line/infrastructure"
2025-08-23T13:16:03.255900Z  INFO get_globs:scan_sources: tailwindcss_oxide::scanner: Discovering "/Users/kdoc/github/kdoc/app/[lang]/auth/line/infrastructure/services"
2025-08-23T13:16:03.255922Z  INFO get_globs:scan_sources: tailwindcss_oxide::scanner: Discovering "/Users/kdoc/github/kdoc/app/[lang]/auth/line/entities"
2025-08-23T13:16:03.255943Z  INFO get_globs:scan_sources: tailwindcss_oxide::scanner: Discovering "/Users/kdoc/github/kdoc/app/[lang]/auth/reset-password"
2025-08-23T13:16:03.255962Z  INFO get_globs:scan_sources: tailwindcss_oxide::scanner: Discovering "/Users/kdoc/github/kdoc/app/[lang]/auth/verify-phone"
2025-08-23T13:16:03.255979Z  INFO get_globs:scan_sources: tailwindcss_oxide::scanner: Discovering "/Users/kdoc/github/kdoc/app/[lang]/auth/callback"
2025-08-23T13:16:03.255997Z  INFO get_globs:scan_sources: tailwindcss_oxide::scanner: Discovering "/Users/kdoc/github/kdoc/app/[lang]/auth/confirm-email"
2025-08-23T13:16:03.256014Z  INFO get_globs:scan_sources: tailwindcss_oxide::scanner: Discovering "/Users/kdoc/github/kdoc/app/[lang]/auth/login"
2025-08-23T13:16:03.256037Z  INFO get_globs:scan_sources: tailwindcss_oxide::scanner: Discovering "/Users/kdoc/github/kdoc/app/[lang]/invite"
2025-08-23T13:16:03.256054Z  INFO get_globs:scan_sources: tailwindcss_oxide::scanner: Discovering "/Users/kdoc/github/kdoc/app/[lang]/components"
2025-08-23T13:16:03.256072Z  INFO get_globs:scan_sources: tailwindcss_oxide::scanner: Discovering "/Users/kdoc/github/kdoc/app/[lang]/dictionaries"
2025-08-23T13:16:03.256115Z  INFO get_globs:scan_sources: tailwindcss_oxide::scanner: Discovering "/Users/kdoc/github/kdoc/features"
2025-08-23T13:16:03.256130Z  INFO get_globs:scan_sources: tailwindcss_oxide::scanner: Discovering "/Users/kdoc/github/kdoc/features/email-auth"
2025-08-23T13:16:03.256145Z  INFO get_globs:scan_sources: tailwindcss_oxide::scanner: Discovering "/Users/kdoc/github/kdoc/features/email-auth/ui"
2025-08-23T13:16:03.256166Z  INFO get_globs:scan_sources: tailwindcss_oxide::scanner: Discovering "/Users/kdoc/github/kdoc/features/email-auth/model"
2025-08-23T13:16:03.256188Z  INFO get_globs:scan_sources: tailwindcss_oxide::scanner: Discovering "/Users/kdoc/github/kdoc/features/google-auth"
2025-08-23T13:16:03.256202Z  INFO get_globs:scan_sources: tailwindcss_oxide::scanner: Discovering "/Users/kdoc/github/kdoc/features/google-auth/ui"
2025-08-23T13:16:03.256223Z  INFO get_globs:scan_sources: tailwindcss_oxide::scanner: Discovering "/Users/kdoc/github/kdoc/features/google-auth/model"
2025-08-23T13:16:03.256244Z  INFO get_globs:scan_sources: tailwindcss_oxide::scanner: Discovering "/Users/kdoc/github/kdoc/features/phone-auth"
2025-08-23T13:16:03.256258Z  INFO get_globs:scan_sources: tailwindcss_oxide::scanner: Discovering "/Users/kdoc/github/kdoc/features/phone-auth/ui"
2025-08-23T13:16:03.256281Z  INFO get_globs:scan_sources: tailwindcss_oxide::scanner: Discovering "/Users/kdoc/github/kdoc/features/phone-auth/model"
2025-08-23T13:16:03.256301Z  INFO get_globs:scan_sources: tailwindcss_oxide::scanner: Discovering "/Users/kdoc/github/kdoc/features/auth"
2025-08-23T13:16:03.256315Z  INFO get_globs:scan_sources: tailwindcss_oxide::scanner: Discovering "/Users/kdoc/github/kdoc/features/auth/ui"
2025-08-23T13:16:03.256341Z  INFO get_globs:scan_sources: tailwindcss_oxide::scanner: Discovering "/Users/kdoc/github/kdoc/features/invitation-code"
2025-08-23T13:16:03.256355Z  INFO get_globs:scan_sources: tailwindcss_oxide::scanner: Discovering "/Users/kdoc/github/kdoc/features/invitation-code/ui"
2025-08-23T13:16:03.256375Z  INFO get_globs:scan_sources: tailwindcss_oxide::scanner: Discovering "/Users/kdoc/github/kdoc/features/invitation-code/model"
2025-08-23T13:16:03.256396Z  INFO get_globs:scan_sources: tailwindcss_oxide::scanner: Discovering "/Users/kdoc/github/kdoc/features/facebook-auth"
2025-08-23T13:16:03.256410Z  INFO get_globs:scan_sources: tailwindcss_oxide::scanner: Discovering "/Users/kdoc/github/kdoc/features/facebook-auth/ui"
2025-08-23T13:16:03.256428Z  INFO get_globs:scan_sources: tailwindcss_oxide::scanner: Discovering "/Users/kdoc/github/kdoc/features/facebook-auth/model"
2025-08-23T13:16:03.256448Z  INFO get_globs:scan_sources: tailwindcss_oxide::scanner: Discovering "/Users/kdoc/github/kdoc/features/invitation-swipe"
2025-08-23T13:16:03.256463Z  INFO get_globs:scan_sources: tailwindcss_oxide::scanner: Discovering "/Users/kdoc/github/kdoc/features/invitation-swipe/ui"
2025-08-23T13:16:03.256480Z  INFO get_globs:scan_sources: tailwindcss_oxide::scanner: Discovering "/Users/kdoc/github/kdoc/features/invitation-swipe/model"
2025-08-23T13:16:03.256500Z  INFO get_globs:scan_sources: tailwindcss_oxide::scanner: Discovering "/Users/kdoc/github/kdoc/features/line-auth"
2025-08-23T13:16:03.256514Z  INFO get_globs:scan_sources: tailwindcss_oxide::scanner: Discovering "/Users/kdoc/github/kdoc/features/line-auth/ui"
2025-08-23T13:16:03.256531Z  INFO get_globs:scan_sources: tailwindcss_oxide::scanner: Discovering "/Users/kdoc/github/kdoc/features/line-auth/model"
2025-08-23T13:16:03.256552Z  INFO get_globs:scan_sources: tailwindcss_oxide::scanner: Discovering "/Users/kdoc/github/kdoc/prisma"
2025-08-23T13:16:03.256566Z  INFO get_globs:scan_sources: tailwindcss_oxide::scanner: Discovering "/Users/kdoc/github/kdoc/prisma/migrations"
2025-08-23T13:16:03.256582Z  INFO get_globs:scan_sources: tailwindcss_oxide::scanner: Discovering "/Users/kdoc/github/kdoc/prisma/migrations/20250809063154_domain_init"
2025-08-23T13:16:03.256604Z  INFO get_globs:scan_sources: tailwindcss_oxide::scanner: Discovering "/Users/kdoc/github/kdoc/prisma/migrations/20250809045613_init"
2025-08-23T13:16:03.256622Z  INFO get_globs:scan_sources: tailwindcss_oxide::scanner: Discovering "/Users/kdoc/github/kdoc/prisma/migrations/20250809064000_credit_ledger"
2025-08-23T13:16:03.256640Z  INFO get_globs:scan_sources: tailwindcss_oxide::scanner: Discovering "/Users/kdoc/github/kdoc/prisma/migrations/20250815150440_connect_profile_to_auth_users"
2025-08-23T13:16:03.256662Z  INFO get_globs:scan_sources: tailwindcss_oxide::scanner: Discovering "/Users/kdoc/github/kdoc/shared"
2025-08-23T13:16:03.256676Z  INFO get_globs:scan_sources: tailwindcss_oxide::scanner: Discovering "/Users/kdoc/github/kdoc/shared/ui"
2025-08-23T13:16:03.256692Z  INFO get_globs:scan_sources: tailwindcss_oxide::scanner: Discovering "/Users/kdoc/github/kdoc/shared/ui/language-switcher"
2025-08-23T13:16:03.256712Z  INFO get_globs:scan_sources: tailwindcss_oxide::scanner: Discovering "/Users/kdoc/github/kdoc/shared/ui/section"
2025-08-23T13:16:03.256732Z  INFO get_globs:scan_sources: tailwindcss_oxide::scanner: Discovering "/Users/kdoc/github/kdoc/shared/ui/card"
2025-08-23T13:16:03.256753Z  INFO get_globs:scan_sources: tailwindcss_oxide::scanner: Discovering "/Users/kdoc/github/kdoc/shared/ui/input"
2025-08-23T13:16:03.256771Z  INFO get_globs:scan_sources: tailwindcss_oxide::scanner: Discovering "/Users/kdoc/github/kdoc/shared/ui/status-badge"
2025-08-23T13:16:03.256791Z  INFO get_globs:scan_sources: tailwindcss_oxide::scanner: Discovering "/Users/kdoc/github/kdoc/shared/ui/connector-line"
2025-08-23T13:16:03.256811Z  INFO get_globs:scan_sources: tailwindcss_oxide::scanner: Discovering "/Users/kdoc/github/kdoc/shared/ui/button"
2025-08-23T13:16:03.256830Z  INFO get_globs:scan_sources: tailwindcss_oxide::scanner: Discovering "/Users/kdoc/github/kdoc/shared/ui/infra-card"
2025-08-23T13:16:03.256850Z  INFO get_globs:scan_sources: tailwindcss_oxide::scanner: Discovering "/Users/kdoc/github/kdoc/shared/ui/divider"
2025-08-23T13:16:03.256872Z  INFO get_globs:scan_sources: tailwindcss_oxide::scanner: Discovering "/Users/kdoc/github/kdoc/shared/ui/icon"
2025-08-23T13:16:03.256886Z  INFO get_globs:scan_sources: tailwindcss_oxide::scanner: Discovering "/Users/kdoc/github/kdoc/shared/ui/badge"
2025-08-23T13:16:03.256906Z  INFO get_globs:scan_sources: tailwindcss_oxide::scanner: Discovering "/Users/kdoc/github/kdoc/shared/config"
2025-08-23T13:16:03.256929Z  INFO get_globs:scan_sources: tailwindcss_oxide::scanner: Discovering "/Users/kdoc/github/kdoc/shared/model"
2025-08-23T13:16:03.256942Z  INFO get_globs:scan_sources: tailwindcss_oxide::scanner: Discovering "/Users/kdoc/github/kdoc/shared/model/types"
2025-08-23T13:16:03.256965Z  INFO get_globs:scan_sources: tailwindcss_oxide::scanner: Discovering "/Users/kdoc/github/kdoc/shared/lib"
2025-08-23T13:16:03.256983Z  INFO get_globs:scan_sources: tailwindcss_oxide::scanner: Discovering "/Users/kdoc/github/kdoc/shared/lib/middleware"
2025-08-23T13:16:03.256997Z  INFO get_globs:scan_sources: tailwindcss_oxide::scanner: Discovering "/Users/kdoc/github/kdoc/shared/lib/middleware/entities"
2025-08-23T13:16:03.257012Z  INFO get_globs:scan_sources: tailwindcss_oxide::scanner: Discovering "/Users/kdoc/github/kdoc/shared/lib/locale"
2025-08-23T13:16:03.257032Z  INFO get_globs:scan_sources: tailwindcss_oxide::scanner: Discovering "/Users/kdoc/github/kdoc/shared/lib/repositories"
2025-08-23T13:16:03.257052Z  INFO get_globs:scan_sources: tailwindcss_oxide::scanner: Discovering "/Users/kdoc/github/kdoc/shared/lib/supabase"
2025-08-23T13:16:03.257080Z  INFO get_globs:scan_sources: tailwindcss_oxide::scanner: Discovering "/Users/kdoc/github/kdoc/shared/lib/currency"
2025-08-23T13:16:03.257119Z  INFO get_globs:scan_sources: tailwindcss_oxide::scanner: Discovering "/Users/kdoc/github/kdoc/public"
2025-08-23T13:16:03.257134Z  INFO get_globs:scan_sources: tailwindcss_oxide::scanner: Discovering "/Users/kdoc/github/kdoc/public/infra"
2025-08-23T13:16:03.257178Z  INFO get_globs:scan_sources: tailwindcss_oxide::scanner: Discovering "/Users/kdoc/github/kdoc/scripts"
2025-08-23T13:16:03.257209Z  INFO get_globs:scan_sources: tailwindcss_oxide::scanner: Discovering "/Users/kdoc/github/kdoc/.vscode"
2025-08-23T13:16:03.257229Z  INFO get_globs:scan_sources: tailwindcss_oxide::scanner: Discovering "/Users/kdoc/github/kdoc/widgets"
2025-08-23T13:16:03.257244Z  INFO get_globs:scan_sources: tailwindcss_oxide::scanner: Discovering "/Users/kdoc/github/kdoc/widgets/infrastructure-diagram"
2025-08-23T13:16:03.257258Z  INFO get_globs:scan_sources: tailwindcss_oxide::scanner: Discovering "/Users/kdoc/github/kdoc/widgets/infrastructure-diagram/ui"
2025-08-23T13:16:03.257287Z  INFO get_globs:scan_sources: tailwindcss_oxide::scanner: Discovering "/Users/kdoc/github/kdoc/widgets/beauty-invitation"
2025-08-23T13:16:03.257301Z  INFO get_globs:scan_sources: tailwindcss_oxide::scanner: Discovering "/Users/kdoc/github/kdoc/widgets/beauty-invitation/ui"
2025-08-23T13:16:03.257329Z  INFO get_globs:scan_sources: tailwindcss_oxide::scanner: Discovering "/Users/kdoc/github/kdoc/widgets/beauty-invitation/model"
2025-08-23T13:16:03.257349Z  INFO get_globs:scan_sources: tailwindcss_oxide::scanner: Discovering "/Users/kdoc/github/kdoc/widgets/user-profile"
2025-08-23T13:16:03.257363Z  INFO get_globs:scan_sources: tailwindcss_oxide::scanner: Discovering "/Users/kdoc/github/kdoc/widgets/user-profile/ui"
2025-08-23T13:16:03.257383Z  INFO get_globs:scan_sources: tailwindcss_oxide::scanner: Discovering "/Users/kdoc/github/kdoc/widgets/home-sections"
2025-08-23T13:16:03.257397Z  INFO get_globs:scan_sources: tailwindcss_oxide::scanner: Discovering "/Users/kdoc/github/kdoc/widgets/home-sections/ui"
2025-08-23T13:16:03.257423Z  INFO get_globs:scan_sources: tailwindcss_oxide::scanner: Discovering "/Users/kdoc/github/kdoc/entities"
2025-08-23T13:16:03.257437Z  INFO get_globs:scan_sources: tailwindcss_oxide::scanner: Discovering "/Users/kdoc/github/kdoc/entities/home"
2025-08-23T13:16:03.257451Z  INFO get_globs:scan_sources: tailwindcss_oxide::scanner: Discovering "/Users/kdoc/github/kdoc/entities/home/ui"
2025-08-23T13:16:03.257477Z  INFO get_globs:scan_sources: tailwindcss_oxide::scanner: Discovering "/Users/kdoc/github/kdoc/entities/home/model"
2025-08-23T13:16:03.257497Z  INFO get_globs:scan_sources: tailwindcss_oxide::scanner: Discovering "/Users/kdoc/github/kdoc/entities/user"
2025-08-23T13:16:03.257512Z  INFO get_globs:scan_sources: tailwindcss_oxide::scanner: Discovering "/Users/kdoc/github/kdoc/entities/user/ui"
2025-08-23T13:16:03.257528Z  INFO get_globs:scan_sources: tailwindcss_oxide::scanner: Discovering "/Users/kdoc/github/kdoc/entities/user/model"
2025-08-23T13:16:03.257551Z  INFO get_globs:scan_sources: tailwindcss_oxide::scanner: Discovering "/Users/kdoc/github/kdoc/entities/infrastructure"
2025-08-23T13:16:03.257565Z  INFO get_globs:scan_sources: tailwindcss_oxide::scanner: Discovering "/Users/kdoc/github/kdoc/entities/infrastructure/model"
2025-08-23T13:16:03.257588Z  INFO get_globs:scan_sources: tailwindcss_oxide::scanner: Discovering "/Users/kdoc/github/kdoc/entities/invitation"
2025-08-23T13:16:03.257602Z  INFO get_globs:scan_sources: tailwindcss_oxide::scanner: Discovering "/Users/kdoc/github/kdoc/entities/invitation/ui"
2025-08-23T13:16:03.257621Z  INFO get_globs:scan_sources: tailwindcss_oxide::scanner: Discovering "/Users/kdoc/github/kdoc/entities/invitation/model"
2025-08-23T13:16:03.257662Z  INFO get_globs:scan_sources: tailwindcss_oxide::scanner: exit
2025-08-23T13:16:03.259481Z  INFO get_globs: tailwindcss_oxide::scanner: exit
